Copyright 1986-2022 Xilinx, Inc. All Rights Reserved. Copyright 2022-2025 Advanced Micro Devices, Inc. All Rights Reserved.
--------------------------------------------------------------------------------------------------------------------------------------------------
| Tool Version      : Vivado v.2025.2 (win64) Build 6299465 Fri Nov 14 19:35:11 GMT 2025
| Date              : Sun Mar 15 02:29:56 2026
| Host              : MSI running 64-bit major release  (build 9200)
| Command           : report_timing_summary -file syn/reports/cxr_timing_route.rpt
| Design            : chest_xray_cnn
| Device            : xczu7ev-ffvc1156
| Speed File        : -2  PRODUCTION 1.30 05-15-2022
| Design State      : Routed
| Temperature Grade : E
--------------------------------------------------------------------------------------------------------------------------------------------------

Timing Summary Report

------------------------------------------------------------------------------------------------
| Timer Settings
| --------------
------------------------------------------------------------------------------------------------

  Enable Multi Corner Analysis               :  Yes
  Enable Pessimism Removal                   :  Yes
  Pessimism Removal Resolution               :  Nearest Common Node
  Enable Input Delay Default Clock           :  No
  Enable Preset / Clear Arcs                 :  No
  Disable Flight Delays                      :  No
  Ignore I/O Paths                           :  No
  Timing Early Launch at Borrowing Latches   :  No
  Borrow Time for Max Delay Exceptions       :  Yes
  Merge Timing Exceptions                    :  Yes
  Inter-SLR Compensation                     :  Conservative

  Corner  Analyze    Analyze    
  Name    Max Paths  Min Paths  
  ------  ---------  ---------  
  Slow    Yes        Yes        
  Fast    Yes        Yes        


------------------------------------------------------------------------------------------------
| Report Methodology
| ------------------
------------------------------------------------------------------------------------------------

No report available as report_methodology has not been run prior. Run report_methodology on the current design for the summary of methodology violations.



check_timing report

Table of Contents
-----------------
1. checking no_clock (0)
2. checking constant_clock (0)
3. checking pulse_width_clock (0)
4. checking unconstrained_internal_endpoints (0)
5. checking no_input_delay (10)
6. checking no_output_delay (11)
7. checking multiple_clock (0)
8. checking generated_clocks (0)
9. checking loops (0)
10. checking partial_input_delay (0)
11. checking partial_output_delay (0)
12. checking latch_loops (0)

1. checking no_clock (0)
------------------------
 There are 0 register/latch pins with no clock.


2. checking constant_clock (0)
------------------------------
 There are 0 register/latch pins with constant_clock.


3. checking pulse_width_clock (0)
---------------------------------
 There are 0 register/latch pins which need pulse_width check


4. checking unconstrained_internal_endpoints (0)
------------------------------------------------
 There are 0 pins that are not constrained for maximum delay.

 There are 0 pins that are not constrained for maximum delay due to constant clock.


5. checking no_input_delay (10)
-------------------------------
 There are 9 input ports with no input delay specified. (HIGH)

 There is 1 input port with no input delay but user has a false path constraint. (MEDIUM)


6. checking no_output_delay (11)
--------------------------------
 There are 11 ports with no output delay specified. (HIGH)

 There are 0 ports with no output delay but user has a false path constraint

 There are 0 ports with no output delay but with a timing clock defined on it or propagating through it


7. checking multiple_clock (0)
------------------------------
 There are 0 register/latch pins with multiple clocks.


8. checking generated_clocks (0)
--------------------------------
 There are 0 generated clocks that are not connected to a clock source.


9. checking loops (0)
---------------------
 There are 0 combinational loops in the design.


10. checking partial_input_delay (0)
------------------------------------
 There are 0 input ports with partial input delay specified.


11. checking partial_output_delay (0)
-------------------------------------
 There are 0 ports with partial output delay specified.


12. checking latch_loops (0)
----------------------------
 There are 0 combinational latch loops in the design through latch input



------------------------------------------------------------------------------------------------
| Design Timing Summary
| ---------------------
------------------------------------------------------------------------------------------------

    WNS(ns)      TNS(ns)  TNS Failing Endpoints  TNS Total Endpoints      WHS(ns)      THS(ns)  THS Failing Endpoints  THS Total Endpoints     WPWS(ns)     TPWS(ns)  TPWS Failing Endpoints  TPWS Total Endpoints  
    -------      -------  ---------------------  -------------------      -------      -------  ---------------------  -------------------     --------     --------  ----------------------  --------------------  
     -6.813   -15080.929                   3935                83658        0.010        0.000                      0                83658        4.468        0.000                       0                 55511  


Timing constraints are not met.


------------------------------------------------------------------------------------------------
| Clock Summary
| -------------
------------------------------------------------------------------------------------------------

Clock    Waveform(ns)       Period(ns)      Frequency(MHz)
-----    ------------       ----------      --------------
sys_clk  {0.000 5.000}      10.000          100.000         


------------------------------------------------------------------------------------------------
| Intra Clock Table
| -----------------
------------------------------------------------------------------------------------------------

Clock             WNS(ns)      TNS(ns)  TNS Failing Endpoints  TNS Total Endpoints      WHS(ns)      THS(ns)  THS Failing Endpoints  THS Total Endpoints     WPWS(ns)     TPWS(ns)  TPWS Failing Endpoints  TPWS Total Endpoints  
-----             -------      -------  ---------------------  -------------------      -------      -------  ---------------------  -------------------     --------     --------  ----------------------  --------------------  
sys_clk            -6.813   -15080.929                   3935                83658        0.010        0.000                      0                83658        4.468        0.000                       0                 55511  


------------------------------------------------------------------------------------------------
| Inter Clock Table
| -----------------
------------------------------------------------------------------------------------------------

From Clock    To Clock          WNS(ns)      TNS(ns)  TNS Failing Endpoints  TNS Total Endpoints      WHS(ns)      THS(ns)  THS Failing Endpoints  THS Total Endpoints  
----------    --------          -------      -------  ---------------------  -------------------      -------      -------  ---------------------  -------------------  


------------------------------------------------------------------------------------------------
| Other Path Groups Table
| -----------------------
------------------------------------------------------------------------------------------------

Path Group    From Clock    To Clock          WNS(ns)      TNS(ns)  TNS Failing Endpoints  TNS Total Endpoints      WHS(ns)      THS(ns)  THS Failing Endpoints  THS Total Endpoints  
----------    ----------    --------          -------      -------  ---------------------  -------------------      -------      -------  ---------------------  -------------------  


------------------------------------------------------------------------------------------------
| Timing Details
| --------------
------------------------------------------------------------------------------------------------


---------------------------------------------------------------------------------------------------
From Clock:  sys_clk
  To Clock:  sys_clk

Setup :         3935  Failing Endpoints,  Worst Slack       -6.813ns,  Total Violation   -15080.928ns
Hold  :            0  Failing Endpoints,  Worst Slack        0.010ns,  Total Violation        0.000ns
PW    :            0  Failing Endpoints,  Worst Slack        4.468ns,  Total Violation        0.000ns
---------------------------------------------------------------------------------------------------


Max Delay Paths
--------------------------------------------------------------------------------------
Slack (VIOLATED) :        -6.813ns  (required time - arrival time)
  Source:                 cb4/pool_data_reg[8]/C
                            (rising edge-triggered cell FDRE clocked by sys_clk  {rise@0.000ns fall@5.000ns period=10.000ns})
  Destination:            cb5/CONV_F[29].cl_inst/feature_map_out_reg[3]/D
                            (rising edge-triggered cell FDRE clocked by sys_clk  {rise@0.000ns fall@5.000ns period=10.000ns})
  Path Group:             sys_clk
  Path Type:              Setup (Max at Slow Process Corner)
  Requirement:            10.000ns  (sys_clk rise@10.000ns - sys_clk rise@0.000ns)
  Data Path Delay:        16.665ns  (logic 7.997ns (47.985%)  route 8.668ns (52.015%))
  Logic Levels:           65  (CARRY8=21 DSP_A_B_DATA=1 DSP_ALU=1 DSP_M_DATA=1 DSP_MULTIPLIER=1 DSP_OUTPUT=1 DSP_PREADD_DATA=1 LUT2=1 LUT3=3 LUT4=17 LUT6=15 MUXF7=2)
  Clock Path Skew:        -0.137ns (DCD - SCD + CPR)
    Destination Clock Delay (DCD):    2.662ns = ( 12.662 - 10.000 ) 
    Source Clock Delay      (SCD):    3.199ns
    Clock Pessimism Removal (CPR):    0.399ns
  Clock Uncertainty:      0.035ns  ((TSJ^2 + TIJ^2)^1/2 + DJ) / 2 + PE
    Total System Jitter     (TSJ):    0.071ns
    Total Input Jitter      (TIJ):    0.000ns
    Discrete Jitter          (DJ):    0.000ns
    Phase Error              (PE):    0.000ns
  Clock Net Delay (Source):      2.300ns (routing 1.120ns, distribution 1.180ns)
  Clock Net Delay (Destination): 2.055ns (routing 1.016ns, distribution 1.039ns)

    Location             Delay type                Incr(ns)  Path(ns)    Netlist Resource(s)
  -------------------------------------------------------------------    -------------------
                         (clock sys_clk rise edge)    0.000     0.000 r  
    H9                                                0.000     0.000 r  clk (IN)
                         net (fo=0)                   0.000     0.000    clk_IBUF_inst/I
    H9                   INBUF (Prop_INBUF_HPIOB_M_PAD_O)
                                                      0.548     0.548 r  clk_IBUF_inst/INBUF_INST/O
                         net (fo=1, routed)           0.000     0.548    clk_IBUF_inst/OUT
    H9                   IBUFCTRL (Prop_IBUFCTRL_HPIOB_M_I_O)
                                                      0.000     0.548 r  clk_IBUF_inst/IBUFCTRL_INST/O
                         net (fo=1, routed)           0.323     0.871    clk_IBUF
    BUFGCE_X1Y120        BUFGCE (Prop_BUFCE_BUFGCE_I_O)
                                                      0.028     0.899 r  clk_IBUF_BUFG_inst/O
    X2Y2 (CLOCK_ROOT)    net (fo=60431, routed)       2.300     3.199    cb4/clk_IBUF_BUFG
    SLICE_X78Y155        FDRE                                         r  cb4/pool_data_reg[8]/C
  -------------------------------------------------------------------    -------------------
    SLICE_X78Y155        FDRE (Prop_HFF_SLICEM_C_Q)
                                                      0.079     3.278 r  cb4/pool_data_reg[8]/Q
                         net (fo=7, routed)           0.151     3.429    cb4/CONV_F[26].cl_inst/booth_macs[6].bm/Q[8]
    SLICE_X78Y155        LUT4 (Prop_A6LUT_SLICEM_I0_O)
                                                      0.053     3.482 r  cb4/CONV_F[26].cl_inst/booth_macs[6].bm/tap_cur[1][7]_i_434/O
                         net (fo=1, routed)           0.013     3.495    cb4/CONV_F[26].cl_inst/booth_macs[6].bm/tap_cur[1][7]_i_434_n_0
    SLICE_X78Y155        CARRY8 (Prop_CARRY8_SLICEM_S[0]_CO[3])
                                                      0.186     3.681 r  cb4/CONV_F[26].cl_inst/booth_macs[6].bm/tap_cur_reg[1][7]_i_424/CO[3]
                         net (fo=26, routed)          0.201     3.882    cb4/CONV_F[26].cl_inst/booth_macs[6].bm/tap_cur_reg[1][7]_i_424_n_4
    SLICE_X78Y154        LUT3 (Prop_G6LUT_SLICEM_I2_O)
                                                      0.090     3.972 f  cb4/CONV_F[26].cl_inst/booth_macs[6].bm/tap_cur[1][5]_i_18/O
                         net (fo=5, routed)           0.107     4.079    cb4/CONV_F[26].cl_inst/booth_macs[6].bm/tap_cur[1][5]_i_18_n_0
    SLICE_X78Y152        LUT6 (Prop_G6LUT_SLICEM_I4_O)
                                                      0.090     4.169 r  cb4/CONV_F[26].cl_inst/booth_macs[6].bm/tap_cur[1][7]_i_409/O
                         net (fo=1, routed)           0.175     4.344    cb4/CONV_F[26].cl_inst/booth_macs[6].bm/tap_cur[1][7]_i_409_n_0
    SLICE_X78Y152        CARRY8 (Prop_CARRY8_SLICEM_DI[2]_CO[3])
                                                      0.134     4.478 r  cb4/CONV_F[26].cl_inst/booth_macs[6].bm/tap_cur_reg[1][7]_i_397/CO[3]
                         net (fo=8, routed)           0.183     4.661    cb4/CONV_F[26].cl_inst/booth_macs[6].bm/tap_cur_reg[1][7]_i_397_n_4
    SLICE_X78Y153        MUXF7 (Prop_F7MUX_CD_SLICEM_S_O)
                                                      0.077     4.738 r  cb4/CONV_F[26].cl_inst/booth_macs[6].bm/tap_cur_reg[1][3]_i_15/O
                         net (fo=5, routed)           0.209     4.947    cb4/CONV_F[26].cl_inst/booth_macs[6].bm/tap_cur_reg[1][3]_i_15_n_0
    SLICE_X79Y154        LUT4 (Prop_B6LUT_SLICEM_I3_O)
                                                      0.100     5.047 r  cb4/CONV_F[26].cl_inst/booth_macs[6].bm/tap_cur[1][7]_i_394/O
                         net (fo=1, routed)           0.016     5.063    cb4/CONV_F[26].cl_inst/booth_macs[6].bm/tap_cur[1][7]_i_394_n_0
    SLICE_X79Y154        CARRY8 (Prop_CARRY8_SLICEM_S[1]_CO[3])
                                                      0.184     5.247 r  cb4/CONV_F[26].cl_inst/booth_macs[6].bm/tap_cur_reg[1][7]_i_370/CO[3]
                         net (fo=8, routed)           0.136     5.383    cb4/CONV_F[26].cl_inst/booth_macs[6].bm/tap_cur_reg[1][7]_i_370_n_4
    SLICE_X80Y154        LUT6 (Prop_C6LUT_SLICEL_I4_O)
                                                      0.096     5.479 r  cb4/CONV_F[26].cl_inst/booth_macs[6].bm/tap_cur[1][2]_i_14/O
                         net (fo=5, routed)           0.266     5.745    cb4/CONV_F[26].cl_inst/booth_macs[6].bm/tap_cur[1][2]_i_14_n_0
    SLICE_X81Y152        LUT4 (Prop_B6LUT_SLICEM_I1_O)
                                                      0.052     5.797 r  cb4/CONV_F[26].cl_inst/booth_macs[6].bm/tap_cur[1][7]_i_366/O
                         net (fo=1, routed)           0.016     5.813    cb4/CONV_F[26].cl_inst/booth_macs[6].bm/tap_cur[1][7]_i_366_n_0
    SLICE_X81Y152        CARRY8 (Prop_CARRY8_SLICEM_S[1]_CO[3])
                                                      0.184     5.997 r  cb4/CONV_F[26].cl_inst/booth_macs[6].bm/tap_cur_reg[1][7]_i_342/CO[3]
                         net (fo=8, routed)           0.213     6.210    cb4/CONV_F[26].cl_inst/booth_macs[6].bm/tap_cur_reg[1][7]_i_342_n_4
    SLICE_X83Y153        LUT6 (Prop_E6LUT_SLICEM_I4_O)
                                                      0.091     6.301 r  cb4/CONV_F[26].cl_inst/booth_macs[6].bm/tap_cur[1][1]_i_13/O
                         net (fo=5, routed)           0.109     6.409    cb4/CONV_F[26].cl_inst/booth_macs[6].bm/tap_cur[1][1]_i_13_n_0
    SLICE_X83Y152        LUT4 (Prop_A6LUT_SLICEM_I3_O)
                                                      0.125     6.534 r  cb4/CONV_F[26].cl_inst/booth_macs[6].bm/tap_cur[1][7]_i_331/O
                         net (fo=1, routed)           0.013     6.547    cb4/CONV_F[26].cl_inst/booth_macs[6].bm/tap_cur[1][7]_i_331_n_0
    SLICE_X83Y152        CARRY8 (Prop_CARRY8_SLICEM_S[0]_CO[3])
                                                      0.186     6.733 r  cb4/CONV_F[26].cl_inst/booth_macs[6].bm/tap_cur_reg[1][7]_i_313/CO[3]
                         net (fo=8, routed)           0.162     6.895    cb4/CONV_F[26].cl_inst/booth_macs[6].bm/tap_cur_reg[1][7]_i_313_n_4
    SLICE_X84Y152        LUT6 (Prop_E6LUT_SLICEM_I2_O)
                                                      0.124     7.019 r  cb4/CONV_F[26].cl_inst/booth_macs[6].bm/tap_cur[1][3]_i_12/O
                         net (fo=6, routed)           0.234     7.253    cb4/CONV_F[26].cl_inst/booth_macs[6].bm/pool_data_reg[67]
    SLICE_X84Y147        LUT4 (Prop_B6LUT_SLICEM_I3_O)
                                                      0.089     7.342 r  cb4/CONV_F[26].cl_inst/booth_macs[6].bm/tap_cur[1][7]_i_310/O
                         net (fo=1, routed)           0.016     7.358    cb4/CONV_F[26].cl_inst/booth_macs[6].bm/tap_cur[1][7]_i_310_n_0
    SLICE_X84Y147        CARRY8 (Prop_CARRY8_SLICEM_S[1]_CO[3])
                                                      0.184     7.542 r  cb4/CONV_F[26].cl_inst/booth_macs[6].bm/tap_cur_reg[1][7]_i_284/CO[3]
                         net (fo=14, routed)          0.153     7.696    cb4/CONV_F[26].cl_inst/booth_macs[6].bm/CO[0]
    SLICE_X84Y146        LUT6 (Prop_E6LUT_SLICEM_I4_O)
                                                      0.124     7.820 r  cb4/CONV_F[26].cl_inst/booth_macs[6].bm/tap_cur[1][1]_i_11/O
                         net (fo=5, routed)           0.191     8.011    cb4/CONV_F[26].cl_inst/booth_macs[6].bm/tap_cur[1][1]_i_11_n_0
    SLICE_X86Y147        LUT4 (Prop_A6LUT_SLICEM_I3_O)
                                                      0.090     8.101 r  cb4/CONV_F[26].cl_inst/booth_macs[6].bm/tap_cur[1][7]_i_281/O
                         net (fo=1, routed)           0.013     8.114    cb4/CONV_F[26].cl_inst/booth_macs[6].bm/tap_cur[1][7]_i_281_n_0
    SLICE_X86Y147        CARRY8 (Prop_CARRY8_SLICEM_S[0]_CO[3])
                                                      0.186     8.300 r  cb4/CONV_F[26].cl_inst/booth_macs[6].bm/tap_cur_reg[1][7]_i_256/CO[3]
                         net (fo=12, routed)          0.202     8.502    cb4/CONV_F[26].cl_inst/booth_macs[6].bm/pool_data_reg[110]_0[0]
    SLICE_X85Y145        LUT6 (Prop_D6LUT_SLICEL_I0_O)
                                                      0.089     8.591 r  cb4/CONV_F[26].cl_inst/booth_macs[6].bm/tap_cur[1][4]_i_11/O
                         net (fo=1, routed)           0.009     8.600    cb4/CONV_F[26].cl_inst/booth_macs[6].bm/tap_cur[1][4]_i_11_n_0
    SLICE_X85Y145        MUXF7 (Prop_F7MUX_CD_SLICEL_I0_O)
                                                      0.063     8.663 r  cb4/CONV_F[26].cl_inst/booth_macs[6].bm/tap_cur_reg[1][4]_i_10/O
                         net (fo=5, routed)           0.219     8.882    cb4/CONV_F[26].cl_inst/booth_macs[6].bm/tap_cur_reg[1][4]_i_10_n_0
    SLICE_X84Y143        LUT4 (Prop_C6LUT_SLICEM_I1_O)
                                                      0.051     8.933 r  cb4/CONV_F[26].cl_inst/booth_macs[6].bm/tap_cur[1][7]_i_251/O
                         net (fo=1, routed)           0.021     8.954    cb4/CONV_F[26].cl_inst/booth_macs[6].bm/tap_cur[1][7]_i_251_n_0
    SLICE_X84Y143        CARRY8 (Prop_CARRY8_SLICEM_S[2]_CO[3])
                                                      0.148     9.102 r  cb4/CONV_F[26].cl_inst/booth_macs[6].bm/tap_cur_reg[1][7]_i_228/CO[3]
                         net (fo=12, routed)          0.258     9.360    cb4/CONV_F[26].cl_inst/booth_macs[6].bm/pool_data_reg[126][0]
    SLICE_X85Y142        LUT6 (Prop_D6LUT_SLICEL_I4_O)
                                                      0.036     9.396 r  cb4/CONV_F[26].cl_inst/booth_macs[6].bm/tap_cur[1][3]_i_9/O
                         net (fo=5, routed)           0.098     9.494    cb4/CONV_F[26].cl_inst/booth_macs[6].bm/tap_cur[1][3]_i_9_n_0
    SLICE_X84Y142        LUT4 (Prop_B6LUT_SLICEM_I3_O)
                                                      0.125     9.619 r  cb4/CONV_F[26].cl_inst/booth_macs[6].bm/tap_cur[1][7]_i_224/O
                         net (fo=1, routed)           0.016     9.635    cb4/CONV_F[26].cl_inst/booth_macs[6].bm/tap_cur[1][7]_i_224_n_0
    SLICE_X84Y142        CARRY8 (Prop_CARRY8_SLICEM_S[1]_CO[3])
                                                      0.184     9.819 r  cb4/CONV_F[26].cl_inst/booth_macs[6].bm/tap_cur_reg[1][7]_i_200/CO[3]
                         net (fo=12, routed)          0.250    10.069    cb4/CONV_F[26].cl_inst/booth_macs[6].bm/pool_data_reg[142][0]
    SLICE_X83Y141        LUT6 (Prop_A6LUT_SLICEM_I4_O)
                                                      0.090    10.159 r  cb4/CONV_F[26].cl_inst/booth_macs[6].bm/tap_cur[1][4]_i_8/O
                         net (fo=5, routed)           0.187    10.346    cb4/CONV_F[26].cl_inst/booth_macs[6].bm/tap_cur[1][4]_i_8_n_0
    SLICE_X83Y139        LUT4 (Prop_C6LUT_SLICEM_I1_O)
                                                      0.098    10.444 r  cb4/CONV_F[26].cl_inst/booth_macs[6].bm/tap_cur[1][7]_i_195/O
                         net (fo=1, routed)           0.021    10.465    cb4/CONV_F[26].cl_inst/booth_macs[6].bm/tap_cur[1][7]_i_195_n_0
    SLICE_X83Y139        CARRY8 (Prop_CARRY8_SLICEM_S[2]_CO[3])
                                                      0.148    10.613 r  cb4/CONV_F[26].cl_inst/booth_macs[6].bm/tap_cur_reg[1][7]_i_172/CO[3]
                         net (fo=12, routed)          0.200    10.813    cb4/CONV_F[26].cl_inst/booth_macs[6].bm/pool_data_reg[158][0]
    SLICE_X81Y140        LUT6 (Prop_A6LUT_SLICEM_I4_O)
                                                      0.038    10.851 r  cb4/CONV_F[26].cl_inst/booth_macs[6].bm/tap_cur[1][0]_i_7/O
                         net (fo=5, routed)           0.155    11.007    cb4/CONV_F[26].cl_inst/booth_macs[6].bm/tap_cur[1][0]_i_7_n_0
    SLICE_X81Y138        LUT4 (Prop_A6LUT_SLICEM_I1_O)
                                                      0.125    11.132 r  cb4/CONV_F[26].cl_inst/booth_macs[6].bm/tap_cur[1][7]_i_169/O
                         net (fo=1, routed)           0.013    11.145    cb4/CONV_F[26].cl_inst/booth_macs[6].bm/tap_cur[1][7]_i_169_n_0
    SLICE_X81Y138        CARRY8 (Prop_CARRY8_SLICEM_S[0]_CO[3])
                                                      0.186    11.331 r  cb4/CONV_F[26].cl_inst/booth_macs[6].bm/tap_cur_reg[1][7]_i_144/CO[3]
                         net (fo=12, routed)          0.200    11.530    cb4/CONV_F[26].cl_inst/booth_macs[6].bm/pool_data_reg[174][0]
    SLICE_X80Y138        LUT6 (Prop_E6LUT_SLICEL_I4_O)
                                                      0.035    11.565 r  cb4/CONV_F[26].cl_inst/booth_macs[6].bm/tap_cur[1][3]_i_6/O
                         net (fo=5, routed)           0.093    11.659    cb4/CONV_F[26].cl_inst/booth_macs[6].bm/tap_cur[1][3]_i_6_n_0
    SLICE_X79Y138        LUT4 (Prop_B6LUT_SLICEM_I3_O)
                                                      0.089    11.748 r  cb4/CONV_F[26].cl_inst/booth_macs[6].bm/tap_cur[1][7]_i_140/O
                         net (fo=1, routed)           0.016    11.764    cb4/CONV_F[26].cl_inst/booth_macs[6].bm/tap_cur[1][7]_i_140_n_0
    SLICE_X79Y138        CARRY8 (Prop_CARRY8_SLICEM_S[1]_CO[3])
                                                      0.184    11.948 r  cb4/CONV_F[26].cl_inst/booth_macs[6].bm/tap_cur_reg[1][7]_i_116/CO[3]
                         net (fo=12, routed)          0.191    12.138    cb4/CONV_F[26].cl_inst/booth_macs[6].bm/pool_data_reg[190][0]
    SLICE_X79Y137        LUT6 (Prop_G6LUT_SLICEM_I4_O)
                                                      0.123    12.261 r  cb4/CONV_F[26].cl_inst/booth_macs[6].bm/tap_cur[1][6]_i_5/O
                         net (fo=5, routed)           0.134    12.396    cb4/CONV_F[26].cl_inst/booth_macs[6].bm/tap_cur[1][6]_i_5_n_0
    SLICE_X80Y136        LUT4 (Prop_D6LUT_SLICEL_I1_O)
                                                      0.089    12.485 r  cb4/CONV_F[26].cl_inst/booth_macs[6].bm/tap_cur[1][7]_i_102/O
                         net (fo=1, routed)           0.009    12.494    cb4/CONV_F[26].cl_inst/booth_macs[6].bm/tap_cur[1][7]_i_102_n_0
    SLICE_X80Y136        CARRY8 (Prop_CARRY8_SLICEL_S[3]_CO[3])
                                                      0.128    12.622 r  cb4/CONV_F[26].cl_inst/booth_macs[6].bm/tap_cur_reg[1][7]_i_87/CO[3]
                         net (fo=12, routed)          0.146    12.768    cb4/CONV_F[26].cl_inst/booth_macs[6].bm/pool_data_reg[198][0]
    SLICE_X79Y136        LUT6 (Prop_C6LUT_SLICEM_I2_O)
                                                      0.088    12.856 r  cb4/CONV_F[26].cl_inst/booth_macs[6].bm/tap_cur[1][4]_i_4/O
                         net (fo=5, routed)           0.220    13.076    cb4/CONV_F[26].cl_inst/booth_macs[6].bm/tap_cur[1][4]_i_4_n_0
    SLICE_X79Y132        LUT4 (Prop_C6LUT_SLICEM_I1_O)
                                                      0.098    13.174 r  cb4/CONV_F[26].cl_inst/booth_macs[6].bm/tap_cur[1][7]_i_83/O
                         net (fo=1, routed)           0.021    13.195    cb4/CONV_F[26].cl_inst/booth_macs[6].bm/tap_cur[1][7]_i_83_n_0
    SLICE_X79Y132        CARRY8 (Prop_CARRY8_SLICEM_S[2]_CO[3])
                                                      0.148    13.343 r  cb4/CONV_F[26].cl_inst/booth_macs[6].bm/tap_cur_reg[1][7]_i_60/CO[3]
                         net (fo=12, routed)          0.147    13.490    cb4/CONV_F[26].cl_inst/booth_macs[6].bm/pool_data_reg[222][0]
    SLICE_X79Y131        LUT6 (Prop_F6LUT_SLICEM_I4_O)
                                                      0.123    13.613 r  cb4/CONV_F[26].cl_inst/booth_macs[6].bm/tap_cur[1][0]_i_3/O
                         net (fo=5, routed)           0.148    13.761    cb4/CONV_F[26].cl_inst/booth_macs[6].bm/tap_cur[1][0]_i_3_n_0
    SLICE_X79Y130        LUT4 (Prop_A6LUT_SLICEM_I1_O)
                                                      0.090    13.851 r  cb4/CONV_F[26].cl_inst/booth_macs[6].bm/tap_cur[1][7]_i_49/O
                         net (fo=1, routed)           0.013    13.864    cb4/CONV_F[26].cl_inst/booth_macs[6].bm/tap_cur[1][7]_i_49_n_0
    SLICE_X79Y130        CARRY8 (Prop_CARRY8_SLICEM_S[0]_CO[3])
                                                      0.186    14.050 r  cb4/CONV_F[26].cl_inst/booth_macs[6].bm/tap_cur_reg[1][7]_i_31/CO[3]
                         net (fo=12, routed)          0.241    14.291    cb4/CONV_F[26].cl_inst/booth_macs[6].bm/pool_data_reg[230][0]
    SLICE_X80Y128        LUT6 (Prop_E6LUT_SLICEL_I2_O)
                                                      0.035    14.326 r  cb4/CONV_F[26].cl_inst/booth_macs[6].bm/tap_cur[1][0]_i_2/O
                         net (fo=9, routed)           0.175    14.502    cb4/CONV_F[26].cl_inst/booth_macs[6].bm/pool_data_reg[224]
    SLICE_X79Y128        LUT4 (Prop_A6LUT_SLICEM_I1_O)
                                                      0.053    14.555 r  cb4/CONV_F[26].cl_inst/booth_macs[6].bm/tap_cur[1][7]_i_21/O
                         net (fo=1, routed)           0.013    14.568    cb4/CONV_F[26].cl_inst/booth_macs[6].bm/tap_cur[1][7]_i_21_n_0
    SLICE_X79Y128        CARRY8 (Prop_CARRY8_SLICEM_S[0]_CO[3])
                                                      0.186    14.754 r  cb4/CONV_F[26].cl_inst/booth_macs[6].bm/tap_cur_reg[1][7]_i_3/CO[3]
                         net (fo=47, routed)          0.444    15.198    cb4/CONV_F[31].cl_inst/booth_macs[7].bm/tap_cur_reg[1][0]_0[0]
    SLICE_X77Y116        LUT6 (Prop_A6LUT_SLICEL_I2_O)
                                                      0.050    15.248 f  cb4/CONV_F[31].cl_inst/booth_macs[7].bm/tap_cur[1][6]_i_1__0/O
                         net (fo=43, routed)          0.461    15.709    cb5/CONV_F[34].cl_inst/booth_macs[8].bm/product_dsp/A[6]
    DSP48E2_X8Y36        DSP_A_B_DATA (Prop_DSP_A_B_DATA_DSP48E2_A[6]_A2_DATA[6])
                                                      0.192    15.901 r  cb5/CONV_F[34].cl_inst/booth_macs[8].bm/product_dsp/DSP_A_B_DATA_INST/A2_DATA[6]
                         net (fo=1, routed)           0.000    15.901    cb5/CONV_F[34].cl_inst/booth_macs[8].bm/product_dsp/DSP_A_B_DATA.A2_DATA<6>
    DSP48E2_X8Y36        DSP_PREADD_DATA (Prop_DSP_PREADD_DATA_DSP48E2_A2_DATA[6]_A2A1[6])
                                                      0.076    15.977 r  cb5/CONV_F[34].cl_inst/booth_macs[8].bm/product_dsp/DSP_PREADD_DATA_INST/A2A1[6]
                         net (fo=1, routed)           0.000    15.977    cb5/CONV_F[34].cl_inst/booth_macs[8].bm/product_dsp/DSP_PREADD_DATA.A2A1<6>
    DSP48E2_X8Y36        DSP_MULTIPLIER (Prop_DSP_MULTIPLIER_DSP48E2_A2A1[6]_V[6])
                                                      0.507    16.484 f  cb5/CONV_F[34].cl_inst/booth_macs[8].bm/product_dsp/DSP_MULTIPLIER_INST/V[6]
                         net (fo=1, routed)           0.000    16.484    cb5/CONV_F[34].cl_inst/booth_macs[8].bm/product_dsp/DSP_MULTIPLIER.V<6>
    DSP48E2_X8Y36        DSP_M_DATA (Prop_DSP_M_DATA_DSP48E2_V[6]_V_DATA[6])
                                                      0.046    16.530 r  cb5/CONV_F[34].cl_inst/booth_macs[8].bm/product_dsp/DSP_M_DATA_INST/V_DATA[6]
                         net (fo=1, routed)           0.000    16.530    cb5/CONV_F[34].cl_inst/booth_macs[8].bm/product_dsp/DSP_M_DATA.V_DATA<6>
    DSP48E2_X8Y36        DSP_ALU (Prop_DSP_ALU_DSP48E2_V_DATA[6]_ALU_OUT[6])
                                                      0.571    17.101 f  cb5/CONV_F[34].cl_inst/booth_macs[8].bm/product_dsp/DSP_ALU_INST/ALU_OUT[6]
                         net (fo=1, routed)           0.000    17.101    cb5/CONV_F[34].cl_inst/booth_macs[8].bm/product_dsp/DSP_ALU.ALU_OUT<6>
    DSP48E2_X8Y36        DSP_OUTPUT (Prop_DSP_OUTPUT_DSP48E2_ALU_OUT[6]_P[6])
                                                      0.109    17.210 r  cb5/CONV_F[34].cl_inst/booth_macs[8].bm/product_dsp/DSP_OUTPUT_INST/P[6]
                         net (fo=8, routed)           0.359    17.569    cb5/CONV_F[29].cl_inst/booth_macs[0].bm/P[6]
    SLICE_X73Y87         LUT3 (Prop_G5LUT_SLICEM_I1_O)
                                                      0.068    17.637 r  cb5/CONV_F[29].cl_inst/booth_macs[0].bm/sum__0_carry_i_1__11/O
                         net (fo=2, routed)           0.182    17.820    cb5/CONV_F[29].cl_inst/booth_macs[0].bm/DSP_OUTPUT_INST[6]
    SLICE_X73Y87         LUT4 (Prop_H6LUT_SLICEM_I3_O)
                                                      0.101    17.921 r  cb5/CONV_F[29].cl_inst/booth_macs[0].bm/sum__0_carry_i_8__11/O
                         net (fo=1, routed)           0.015    17.936    cb5/CONV_F[29].cl_inst/booth_macs[0].bm_n_55
    SLICE_X73Y87         CARRY8 (Prop_CARRY8_SLICEM_S[7]_CO[7])
                                                      0.117    18.053 r  cb5/CONV_F[29].cl_inst/sum__0_carry/CO[7]
                         net (fo=1, routed)           0.026    18.079    cb5/CONV_F[29].cl_inst/sum__0_carry_n_0
    SLICE_X73Y88         CARRY8 (Prop_CARRY8_SLICEM_CI_O[1])
                                                      0.076    18.155 r  cb5/CONV_F[29].cl_inst/sum__0_carry__0/O[1]
                         net (fo=2, routed)           0.225    18.380    cb5/CONV_F[29].cl_inst/booth_macs[0].bm/sum__106_carry__0[1]
    SLICE_X72Y87         LUT3 (Prop_B5LUT_SLICEL_I0_O)
                                                      0.104    18.484 r  cb5/CONV_F[29].cl_inst/booth_macs[0].bm/sum__106_carry__0_i_4__1/O
                         net (fo=2, routed)           0.381    18.865    cb5/CONV_F[29].cl_inst/booth_macs[0].bm_n_42
    SLICE_X72Y87         CARRY8 (Prop_CARRY8_SLICEL_DI[2]_CO[7])
                                                      0.105    18.970 r  cb5/CONV_F[29].cl_inst/sum__106_carry__0/CO[7]
                         net (fo=1, routed)           0.026    18.996    cb5/CONV_F[29].cl_inst/sum__106_carry__0_n_0
    SLICE_X72Y88         CARRY8 (Prop_CARRY8_SLICEL_CI_O[1])
                                                      0.076    19.072 f  cb5/CONV_F[29].cl_inst/sum__106_carry__1/O[1]
                         net (fo=4, routed)           0.237    19.309    cb5/CONV_F[29].cl_inst/booth_macs[0].bm/O[1]
    SLICE_X71Y87         LUT2 (Prop_B6LUT_SLICEM_I0_O)
                                                      0.052    19.361 r  cb5/CONV_F[29].cl_inst/booth_macs[0].bm/sat_val1_carry_i_4__15/O
                         net (fo=1, routed)           0.016    19.377    cb5/CONV_F[29].cl_inst/booth_macs[0].bm_n_9
    SLICE_X71Y87         CARRY8 (Prop_CARRY8_SLICEM_S[1]_CO[2])
                                                      0.098    19.475 r  cb5/CONV_F[29].cl_inst/sat_val1_carry/CO[2]
                         net (fo=16, routed)          0.241    19.716    cb5/CONV_F[29].cl_inst/booth_macs[0].bm/CO[0]
    SLICE_X71Y90         LUT4 (Prop_B6LUT_SLICEM_I1_O)
                                                      0.089    19.805 r  cb5/CONV_F[29].cl_inst/booth_macs[0].bm/feature_map_out[3]_i_1__15/O
                         net (fo=1, routed)           0.059    19.864    cb5/CONV_F[29].cl_inst/booth_macs[0].bm_n_25
    SLICE_X71Y90         FDRE                                         r  cb5/CONV_F[29].cl_inst/feature_map_out_reg[3]/D
  -------------------------------------------------------------------    -------------------

                         (clock sys_clk rise edge)   10.000    10.000 r  
    H9                                                0.000    10.000 r  clk (IN)
                         net (fo=0)                   0.000    10.000    clk_IBUF_inst/I
    H9                   INBUF (Prop_INBUF_HPIOB_M_PAD_O)
                                                      0.297    10.297 r  clk_IBUF_inst/INBUF_INST/O
                         net (fo=1, routed)           0.000    10.297    clk_IBUF_inst/OUT
    H9                   IBUFCTRL (Prop_IBUFCTRL_HPIOB_M_I_O)
                                                      0.000    10.297 r  clk_IBUF_inst/IBUFCTRL_INST/O
                         net (fo=1, routed)           0.286    10.583    clk_IBUF
    BUFGCE_X1Y120        BUFGCE (Prop_BUFCE_BUFGCE_I_O)
                                                      0.024    10.607 r  clk_IBUF_BUFG_inst/O
    X2Y2 (CLOCK_ROOT)    net (fo=60431, routed)       2.055    12.662    cb5/CONV_F[29].cl_inst/clk_IBUF_BUFG
    SLICE_X71Y90         FDRE                                         r  cb5/CONV_F[29].cl_inst/feature_map_out_reg[3]/C
                         clock pessimism              0.399    13.061    
                         clock uncertainty           -0.035    13.026    
    SLICE_X71Y90         FDRE (Setup_BFF_SLICEM_C_D)
                                                      0.025    13.051    cb5/CONV_F[29].cl_inst/feature_map_out_reg[3]
  -------------------------------------------------------------------
                         required time                         13.051    
                         arrival time                         -19.864    
  -------------------------------------------------------------------
                         slack                                 -6.813    





Min Delay Paths
--------------------------------------------------------------------------------------
Slack (MET) :             0.010ns  (arrival time - required time)
  Source:                 cb3/CONV_F[31].cl_inst/delay1_reg[508][7]/C
                            (rising edge-triggered cell FDRE clocked by sys_clk  {rise@0.000ns fall@5.000ns period=10.000ns})
  Destination:            cb3/CONV_F[31].cl_inst/delay1_reg[509][7]/D
                            (rising edge-triggered cell FDRE clocked by sys_clk  {rise@0.000ns fall@5.000ns period=10.000ns})
  Path Group:             sys_clk
  Path Type:              Hold (Min at Slow Process Corner)
  Requirement:            0.000ns  (sys_clk rise@0.000ns - sys_clk rise@0.000ns)
  Data Path Delay:        0.177ns  (logic 0.059ns (33.293%)  route 0.118ns (66.707%))
  Logic Levels:           0  
  Clock Path Skew:        0.105ns (DCD - SCD - CPR)
    Destination Clock Delay (DCD):    3.338ns
    Source Clock Delay      (SCD):    2.837ns
    Clock Pessimism Removal (CPR):    0.395ns
  Clock Net Delay (Source):      2.230ns (routing 1.016ns, distribution 1.214ns)
  Clock Net Delay (Destination): 2.439ns (routing 1.120ns, distribution 1.319ns)

    Location             Delay type                Incr(ns)  Path(ns)    Netlist Resource(s)
  -------------------------------------------------------------------    -------------------
                         (clock sys_clk rise edge)    0.000     0.000 r  
    H9                                                0.000     0.000 r  clk (IN)
                         net (fo=0)                   0.000     0.000    clk_IBUF_inst/I
    H9                   INBUF (Prop_INBUF_HPIOB_M_PAD_O)
                                                      0.297     0.297 r  clk_IBUF_inst/INBUF_INST/O
                         net (fo=1, routed)           0.000     0.297    clk_IBUF_inst/OUT
    H9                   IBUFCTRL (Prop_IBUFCTRL_HPIOB_M_I_O)
                                                      0.000     0.297 r  clk_IBUF_inst/IBUFCTRL_INST/O
                         net (fo=1, routed)           0.286     0.583    clk_IBUF
    BUFGCE_X1Y120        BUFGCE (Prop_BUFCE_BUFGCE_I_O)
                                                      0.024     0.607 r  clk_IBUF_BUFG_inst/O
    X2Y2 (CLOCK_ROOT)    net (fo=60431, routed)       2.230     2.837    cb3/CONV_F[31].cl_inst/clk_IBUF_BUFG
    SLICE_X48Y180        FDRE                                         r  cb3/CONV_F[31].cl_inst/delay1_reg[508][7]/C
  -------------------------------------------------------------------    -------------------
    SLICE_X48Y180        FDRE (Prop_GFF_SLICEL_C_Q)
                                                      0.059     2.896 r  cb3/CONV_F[31].cl_inst/delay1_reg[508][7]/Q
                         net (fo=2, routed)           0.118     3.015    cb3/CONV_F[31].cl_inst/delay1_reg[508]_199[7]
    SLICE_X49Y179        FDRE                                         r  cb3/CONV_F[31].cl_inst/delay1_reg[509][7]/D
  -------------------------------------------------------------------    -------------------

                         (clock sys_clk rise edge)    0.000     0.000 r  
    H9                                                0.000     0.000 r  clk (IN)
                         net (fo=0)                   0.000     0.000    clk_IBUF_inst/I
    H9                   INBUF (Prop_INBUF_HPIOB_M_PAD_O)
                                                      0.548     0.548 r  clk_IBUF_inst/INBUF_INST/O
                         net (fo=1, routed)           0.000     0.548    clk_IBUF_inst/OUT
    H9                   IBUFCTRL (Prop_IBUFCTRL_HPIOB_M_I_O)
                                                      0.000     0.548 r  clk_IBUF_inst/IBUFCTRL_INST/O
                         net (fo=1, routed)           0.323     0.871    clk_IBUF
    BUFGCE_X1Y120        BUFGCE (Prop_BUFCE_BUFGCE_I_O)
                                                      0.028     0.899 r  clk_IBUF_BUFG_inst/O
    X2Y2 (CLOCK_ROOT)    net (fo=60431, routed)       2.439     3.338    cb3/CONV_F[31].cl_inst/clk_IBUF_BUFG
    SLICE_X49Y179        FDRE                                         r  cb3/CONV_F[31].cl_inst/delay1_reg[509][7]/C
                         clock pessimism             -0.395     2.942    
    SLICE_X49Y179        FDRE (Hold_EFF2_SLICEM_C_D)
                                                      0.062     3.004    cb3/CONV_F[31].cl_inst/delay1_reg[509][7]
  -------------------------------------------------------------------
                         required time                         -3.004    
                         arrival time                           3.015    
  -------------------------------------------------------------------
                         slack                                  0.010    





Pulse Width Checks
--------------------------------------------------------------------------------------
Clock Name:         sys_clk
Waveform(ns):       { 0.000 5.000 }
Period(ns):         10.000
Sources:            { clk }

Check Type        Corner  Lib Pin      Reference Pin  Required(ns)  Actual(ns)  Slack(ns)  Location       Pin
Min Period        n/a     BUFGCE/I     n/a            1.290         10.000      8.710      BUFGCE_X1Y120  clk_IBUF_BUFG_inst/I
Low Pulse Width   Slow    SRLC32E/CLK  n/a            0.532         5.000       4.468      SLICE_X11Y317  cb1/CONV_F[0].cl_inst/delay1_reg[1023][0]_srl32___cb1_CONV_F_r_1022/CLK
High Pulse Width  Slow    SRLC32E/CLK  n/a            0.532         5.000       4.468      SLICE_X11Y317  cb1/CONV_F[0].cl_inst/delay1_reg[1023][0]_srl32___cb1_CONV_F_r_1022/CLK



