Copyright 1986-2022 Xilinx, Inc. All Rights Reserved. Copyright 2022-2025 Advanced Micro Devices, Inc. All Rights Reserved.
--------------------------------------------------------------------------------------------------------------------------------------------------
| Tool Version      : Vivado v.2025.2 (win64) Build 6299465 Fri Nov 14 19:35:11 GMT 2025
| Date              : Sun Mar 15 01:57:18 2026
| Host              : MSI running 64-bit major release  (build 9200)
| Command           : report_timing_summary -file syn/reports/cxr_timing_synth.rpt
| Design            : chest_xray_cnn
| Device            : xczu7ev-ffvc1156
| Speed File        : -2  PRODUCTION 1.30 05-15-2022
| Design State      : Synthesized
| Temperature Grade : E
--------------------------------------------------------------------------------------------------------------------------------------------------

Timing Summary Report

------------------------------------------------------------------------------------------------
| Timer Settings
| --------------
------------------------------------------------------------------------------------------------

  Enable Multi Corner Analysis               :  Yes
  Enable Pessimism Removal                   :  Yes
  Pessimism Removal Resolution               :  Nearest Common Node
  Enable Input Delay Default Clock           :  No
  Enable Preset / Clear Arcs                 :  No
  Disable Flight Delays                      :  No
  Ignore I/O Paths                           :  No
  Timing Early Launch at Borrowing Latches   :  No
  Borrow Time for Max Delay Exceptions       :  Yes
  Merge Timing Exceptions                    :  Yes
  Inter-SLR Compensation                     :  Conservative

  Corner  Analyze    Analyze    
  Name    Max Paths  Min Paths  
  ------  ---------  ---------  
  Slow    Yes        Yes        
  Fast    Yes        Yes        


------------------------------------------------------------------------------------------------
| Report Methodology
| ------------------
------------------------------------------------------------------------------------------------

No report available as report_methodology has not been run prior. Run report_methodology on the current design for the summary of methodology violations.



check_timing report

Table of Contents
-----------------
1. checking no_clock (0)
2. checking constant_clock (0)
3. checking pulse_width_clock (0)
4. checking unconstrained_internal_endpoints (0)
5. checking no_input_delay (10)
6. checking no_output_delay (11)
7. checking multiple_clock (0)
8. checking generated_clocks (0)
9. checking loops (0)
10. checking partial_input_delay (0)
11. checking partial_output_delay (0)
12. checking latch_loops (0)

1. checking no_clock (0)
------------------------
 There are 0 register/latch pins with no clock.


2. checking constant_clock (0)
------------------------------
 There are 0 register/latch pins with constant_clock.


3. checking pulse_width_clock (0)
---------------------------------
 There are 0 register/latch pins which need pulse_width check


4. checking unconstrained_internal_endpoints (0)
------------------------------------------------
 There are 0 pins that are not constrained for maximum delay.

 There are 0 pins that are not constrained for maximum delay due to constant clock.


5. checking no_input_delay (10)
-------------------------------
 There are 9 input ports with no input delay specified. (HIGH)

 There is 1 input port with no input delay but user has a false path constraint. (MEDIUM)


6. checking no_output_delay (11)
--------------------------------
 There are 11 ports with no output delay specified. (HIGH)

 There are 0 ports with no output delay but user has a false path constraint

 There are 0 ports with no output delay but with a timing clock defined on it or propagating through it


7. checking multiple_clock (0)
------------------------------
 There are 0 register/latch pins with multiple clocks.


8. checking generated_clocks (0)
--------------------------------
 There are 0 generated clocks that are not connected to a clock source.


9. checking loops (0)
---------------------
 There are 0 combinational loops in the design.


10. checking partial_input_delay (0)
------------------------------------
 There are 0 input ports with partial input delay specified.


11. checking partial_output_delay (0)
-------------------------------------
 There are 0 ports with partial output delay specified.


12. checking latch_loops (0)
----------------------------
 There are 0 combinational latch loops in the design through latch input



------------------------------------------------------------------------------------------------
| Design Timing Summary
| ---------------------
------------------------------------------------------------------------------------------------

    WNS(ns)      TNS(ns)  TNS Failing Endpoints  TNS Total Endpoints      WHS(ns)      THS(ns)  THS Failing Endpoints  THS Total Endpoints     WPWS(ns)     TPWS(ns)  TPWS Failing Endpoints  TPWS Total Endpoints  
    -------      -------  ---------------------  -------------------      -------      -------  ---------------------  -------------------     --------     --------  ----------------------  --------------------  
     -9.850   -24101.217                   3744                82803       -0.098    -1208.532                  22895                82803        4.468        0.000                       0                 54944  


Timing constraints are not met.


------------------------------------------------------------------------------------------------
| Clock Summary
| -------------
------------------------------------------------------------------------------------------------

Clock    Waveform(ns)       Period(ns)      Frequency(MHz)
-----    ------------       ----------      --------------
sys_clk  {0.000 5.000}      10.000          100.000         


------------------------------------------------------------------------------------------------
| Intra Clock Table
| -----------------
------------------------------------------------------------------------------------------------

Clock             WNS(ns)      TNS(ns)  TNS Failing Endpoints  TNS Total Endpoints      WHS(ns)      THS(ns)  THS Failing Endpoints  THS Total Endpoints     WPWS(ns)     TPWS(ns)  TPWS Failing Endpoints  TPWS Total Endpoints  
-----             -------      -------  ---------------------  -------------------      -------      -------  ---------------------  -------------------     --------     --------  ----------------------  --------------------  
sys_clk            -9.850   -24101.217                   3744                82803       -0.098    -1208.532                  22895                82803        4.468        0.000                       0                 54944  


------------------------------------------------------------------------------------------------
| Inter Clock Table
| -----------------
------------------------------------------------------------------------------------------------

From Clock    To Clock          WNS(ns)      TNS(ns)  TNS Failing Endpoints  TNS Total Endpoints      WHS(ns)      THS(ns)  THS Failing Endpoints  THS Total Endpoints  
----------    --------          -------      -------  ---------------------  -------------------      -------      -------  ---------------------  -------------------  


------------------------------------------------------------------------------------------------
| Other Path Groups Table
| -----------------------
------------------------------------------------------------------------------------------------

Path Group    From Clock    To Clock          WNS(ns)      TNS(ns)  TNS Failing Endpoints  TNS Total Endpoints      WHS(ns)      THS(ns)  THS Failing Endpoints  THS Total Endpoints  
----------    ----------    --------          -------      -------  ---------------------  -------------------      -------      -------  ---------------------  -------------------  


------------------------------------------------------------------------------------------------
| Timing Details
| --------------
------------------------------------------------------------------------------------------------


---------------------------------------------------------------------------------------------------
From Clock:  sys_clk
  To Clock:  sys_clk

Setup :         3744  Failing Endpoints,  Worst Slack       -9.850ns,  Total Violation   -24101.217ns
Hold  :        22895  Failing Endpoints,  Worst Slack       -0.098ns,  Total Violation    -1208.532ns
PW    :            0  Failing Endpoints,  Worst Slack        4.468ns,  Total Violation        0.000ns
---------------------------------------------------------------------------------------------------


Max Delay Paths
--------------------------------------------------------------------------------------
Slack (VIOLATED) :        -9.850ns  (required time - arrival time)
  Source:                 cb4/pool_data_reg[8]/C
                            (rising edge-triggered cell FDRE clocked by sys_clk  {rise@0.000ns fall@5.000ns period=10.000ns})
  Destination:            cb5/CONV_F[29].cl_inst/feature_map_out_reg[0]/D
                            (rising edge-triggered cell FDRE clocked by sys_clk  {rise@0.000ns fall@5.000ns period=10.000ns})
  Path Group:             sys_clk
  Path Type:              Setup (Max at Slow Process Corner)
  Requirement:            10.000ns  (sys_clk rise@10.000ns - sys_clk rise@0.000ns)
  Data Path Delay:        19.695ns  (logic 7.492ns (38.040%)  route 12.203ns (61.960%))
  Logic Levels:           66  (CARRY8=21 DSP_A_B_DATA=1 DSP_ALU=1 DSP_M_DATA=1 DSP_MULTIPLIER=1 DSP_OUTPUT=1 DSP_PREADD_DATA=1 LUT2=1 LUT3=3 LUT4=18 LUT5=1 LUT6=15 MUXF7=1)
  Clock Path Skew:        -0.145ns (DCD - SCD + CPR)
    Destination Clock Delay (DCD):    3.007ns = ( 13.007 - 10.000 ) 
    Source Clock Delay      (SCD):    3.436ns
    Clock Pessimism Removal (CPR):    0.283ns
  Clock Uncertainty:      0.035ns  ((TSJ^2 + TIJ^2)^1/2 + DJ) / 2 + PE
    Total System Jitter     (TSJ):    0.071ns
    Total Input Jitter      (TIJ):    0.000ns
    Discrete Jitter          (DJ):    0.000ns
    Phase Error              (PE):    0.000ns

    Location             Delay type                Incr(ns)  Path(ns)    Netlist Resource(s)
  -------------------------------------------------------------------    -------------------
                         (clock sys_clk rise edge)    0.000     0.000 r  
    H9                                                0.000     0.000 r  clk (IN)
                         net (fo=0)                   0.000     0.000    clk_IBUF_inst/I
    H9                   INBUF (Prop_INBUF_HPIOB_M_PAD_O)
                                                      0.548     0.548 r  clk_IBUF_inst/INBUF_INST/O
                         net (fo=1, routed)           0.000     0.548    clk_IBUF_inst/OUT
    H9                   IBUFCTRL (Prop_IBUFCTRL_HPIOB_M_I_O)
                                                      0.000     0.548 r  clk_IBUF_inst/IBUFCTRL_INST/O
                         net (fo=1, unplaced)         0.276     0.824    clk_IBUF
                         BUFGCE (Prop_BUFGCE_I_O)     0.028     0.852 r  clk_IBUF_BUFG_inst/O
                         net (fo=59828, unplaced)     2.584     3.436    cb4/clk_IBUF_BUFG
                         FDRE                                         r  cb4/pool_data_reg[8]/C
  -------------------------------------------------------------------    -------------------
                         FDRE (Prop_FDRE_C_Q)         0.077     3.513 r  cb4/pool_data_reg[8]/Q
                         net (fo=7, unplaced)         0.117     3.630    cb4/CONV_F[26].cl_inst/booth_macs[6].bm/Q[8]
                         LUT4 (Prop_LUT4_I0_O)        0.139     3.769 r  cb4/CONV_F[26].cl_inst/booth_macs[6].bm/tap_cur[1][7]_i_430/O
                         net (fo=1, unplaced)         0.260     4.029    cb4/CONV_F[26].cl_inst/booth_macs[6].bm/tap_cur[1][7]_i_430_n_0
                         CARRY8 (Prop_CARRY8_DI[0]_CO[3])
                                                      0.182     4.211 r  cb4/CONV_F[26].cl_inst/booth_macs[6].bm/tap_cur_reg[1][7]_i_424/CO[3]
                         net (fo=26, unplaced)        0.146     4.357    cb4/CONV_F[26].cl_inst/booth_macs[6].bm/tap_cur_reg[1][7]_i_424_n_4
                         LUT3 (Prop_LUT3_I2_O)        0.038     4.395 f  cb4/CONV_F[26].cl_inst/booth_macs[6].bm/tap_cur[1][7]_i_426/O
                         net (fo=4, unplaced)         0.198     4.593    cb4/CONV_F[26].cl_inst/booth_macs[6].bm/tap_cur[1][7]_i_426_n_0
                         LUT6 (Prop_LUT6_I4_O)        0.038     4.631 r  cb4/CONV_F[26].cl_inst/booth_macs[6].bm/tap_cur[1][7]_i_419/O
                         net (fo=1, unplaced)         0.233     4.864    cb4/CONV_F[26].cl_inst/booth_macs[6].bm/tap_cur[1][7]_i_419_n_0
                         CARRY8 (Prop_CARRY8_DI[0]_CO[3])
                                                      0.182     5.046 r  cb4/CONV_F[26].cl_inst/booth_macs[6].bm/tap_cur_reg[1][7]_i_398/CO[3]
                         net (fo=8, unplaced)         0.119     5.165    cb4/CONV_F[26].cl_inst/booth_macs[6].bm/mr4/p_0_in
                         LUT5 (Prop_LUT5_I1_O)        0.037     5.202 f  cb4/CONV_F[26].cl_inst/booth_macs[6].bm/tap_cur[1][1]_i_16/O
                         net (fo=1, unplaced)         0.024     5.226    cb4/CONV_F[26].cl_inst/booth_macs[6].bm/tap_cur[1][1]_i_16_n_0
                         MUXF7 (Prop_MUXF7_I0_O)      0.067     5.293 f  cb4/CONV_F[26].cl_inst/booth_macs[6].bm/tap_cur_reg[1][1]_i_15/O
                         net (fo=5, unplaced)         0.202     5.495    cb4/CONV_F[26].cl_inst/booth_macs[6].bm/tap_cur_reg[1][1]_i_15_n_0
                         LUT4 (Prop_LUT4_I2_O)        0.070     5.565 r  cb4/CONV_F[26].cl_inst/booth_macs[6].bm/tap_cur[1][7]_i_383/O
                         net (fo=1, unplaced)         0.260     5.825    cb4/CONV_F[26].cl_inst/booth_macs[6].bm/tap_cur[1][7]_i_383_n_0
                         CARRY8 (Prop_CARRY8_DI[0]_CO[3])
                                                      0.182     6.007 r  cb4/CONV_F[26].cl_inst/booth_macs[6].bm/tap_cur_reg[1][7]_i_369/CO[3]
                         net (fo=8, unplaced)         0.165     6.172    cb4/CONV_F[26].cl_inst/booth_macs[6].bm/tap_cur_reg[1][7]_i_369_n_4
                         LUT6 (Prop_LUT6_I2_O)        0.053     6.225 f  cb4/CONV_F[26].cl_inst/booth_macs[6].bm/tap_cur[1][1]_i_14/O
                         net (fo=5, unplaced)         0.204     6.429    cb4/CONV_F[26].cl_inst/booth_macs[6].bm/tap_cur[1][1]_i_14_n_0
                         LUT4 (Prop_LUT4_I2_O)        0.070     6.499 r  cb4/CONV_F[26].cl_inst/booth_macs[6].bm/tap_cur[1][7]_i_355/O
                         net (fo=1, unplaced)         0.260     6.759    cb4/CONV_F[26].cl_inst/booth_macs[6].bm/tap_cur[1][7]_i_355_n_0
                         CARRY8 (Prop_CARRY8_DI[0]_CO[3])
                                                      0.182     6.941 r  cb4/CONV_F[26].cl_inst/booth_macs[6].bm/tap_cur_reg[1][7]_i_341/CO[3]
                         net (fo=8, unplaced)         0.165     7.106    cb4/CONV_F[26].cl_inst/booth_macs[6].bm/tap_cur_reg[1][7]_i_341_n_4
                         LUT6 (Prop_LUT6_I2_O)        0.053     7.159 f  cb4/CONV_F[26].cl_inst/booth_macs[6].bm/tap_cur[1][1]_i_13/O
                         net (fo=5, unplaced)         0.204     7.363    cb4/CONV_F[26].cl_inst/booth_macs[6].bm/tap_cur[1][1]_i_13_n_0
                         LUT4 (Prop_LUT4_I2_O)        0.070     7.433 r  cb4/CONV_F[26].cl_inst/booth_macs[6].bm/tap_cur[1][7]_i_327/O
                         net (fo=1, unplaced)         0.260     7.693    cb4/CONV_F[26].cl_inst/booth_macs[6].bm/tap_cur[1][7]_i_327_n_0
                         CARRY8 (Prop_CARRY8_DI[0]_CO[3])
                                                      0.182     7.875 r  cb4/CONV_F[26].cl_inst/booth_macs[6].bm/tap_cur_reg[1][7]_i_313/CO[3]
                         net (fo=8, unplaced)         0.165     8.040    cb4/CONV_F[26].cl_inst/booth_macs[6].bm/tap_cur_reg[1][7]_i_313_n_4
                         LUT6 (Prop_LUT6_I2_O)        0.053     8.093 f  cb4/CONV_F[26].cl_inst/booth_macs[6].bm/tap_cur[1][1]_i_12/O
                         net (fo=6, unplaced)         0.208     8.301    cb4/CONV_F[26].cl_inst/booth_macs[6].bm/pool_data_reg[65]
                         LUT4 (Prop_LUT4_I2_O)        0.070     8.371 r  cb4/CONV_F[26].cl_inst/booth_macs[6].bm/tap_cur[1][7]_i_299/O
                         net (fo=1, unplaced)         0.260     8.631    cb4/CONV_F[26].cl_inst/booth_macs[6].bm/tap_cur[1][7]_i_299_n_0
                         CARRY8 (Prop_CARRY8_DI[0]_CO[3])
                                                      0.182     8.813 r  cb4/CONV_F[26].cl_inst/booth_macs[6].bm/tap_cur_reg[1][7]_i_283/CO[3]
                         net (fo=14, unplaced)        0.178     8.991    cb4/CONV_F[26].cl_inst/booth_macs[6].bm/pool_data_reg[86][0]
                         LUT6 (Prop_LUT6_I2_O)        0.053     9.044 f  cb4/CONV_F[26].cl_inst/booth_macs[6].bm/tap_cur[1][1]_i_11/O
                         net (fo=5, unplaced)         0.204     9.248    cb4/CONV_F[26].cl_inst/booth_macs[6].bm/tap_cur[1][1]_i_11_n_0
                         LUT4 (Prop_LUT4_I2_O)        0.070     9.318 r  cb4/CONV_F[26].cl_inst/booth_macs[6].bm/tap_cur[1][7]_i_269/O
                         net (fo=1, unplaced)         0.260     9.578    cb4/CONV_F[26].cl_inst/booth_macs[6].bm/tap_cur[1][7]_i_269_n_0
                         CARRY8 (Prop_CARRY8_DI[0]_CO[3])
                                                      0.182     9.760 r  cb4/CONV_F[26].cl_inst/booth_macs[6].bm/tap_cur_reg[1][7]_i_255/CO[3]
                         net (fo=12, unplaced)        0.174     9.934    cb4/CONV_F[26].cl_inst/booth_macs[6].bm/pool_data_reg[150][0]
                         LUT6 (Prop_LUT6_I2_O)        0.053     9.987 f  cb4/CONV_F[26].cl_inst/booth_macs[6].bm/tap_cur[1][1]_i_10/O
                         net (fo=5, unplaced)         0.204    10.191    cb4/CONV_F[26].cl_inst/booth_macs[6].bm/tap_cur[1][1]_i_10_n_0
                         LUT4 (Prop_LUT4_I2_O)        0.070    10.261 r  cb4/CONV_F[26].cl_inst/booth_macs[6].bm/tap_cur[1][7]_i_241/O
                         net (fo=1, unplaced)         0.260    10.521    cb4/CONV_F[26].cl_inst/booth_macs[6].bm/tap_cur[1][7]_i_241_n_0
                         CARRY8 (Prop_CARRY8_DI[0]_CO[3])
                                                      0.182    10.703 r  cb4/CONV_F[26].cl_inst/booth_macs[6].bm/tap_cur_reg[1][7]_i_227/CO[3]
                         net (fo=12, unplaced)        0.174    10.877    cb4/CONV_F[26].cl_inst/booth_macs[6].bm/pool_data_reg[118][0]
                         LUT6 (Prop_LUT6_I2_O)        0.053    10.930 f  cb4/CONV_F[26].cl_inst/booth_macs[6].bm/tap_cur[1][1]_i_9/O
                         net (fo=5, unplaced)         0.204    11.134    cb4/CONV_F[26].cl_inst/booth_macs[6].bm/tap_cur[1][1]_i_9_n_0
                         LUT4 (Prop_LUT4_I2_O)        0.070    11.204 r  cb4/CONV_F[26].cl_inst/booth_macs[6].bm/tap_cur[1][7]_i_213/O
                         net (fo=1, unplaced)         0.260    11.464    cb4/CONV_F[26].cl_inst/booth_macs[6].bm/tap_cur[1][7]_i_213_n_0
                         CARRY8 (Prop_CARRY8_DI[0]_CO[3])
                                                      0.182    11.646 r  cb4/CONV_F[26].cl_inst/booth_macs[6].bm/tap_cur_reg[1][7]_i_199/CO[3]
                         net (fo=12, unplaced)        0.174    11.820    cb4/CONV_F[26].cl_inst/booth_macs[6].bm/pool_data_reg[134][0]
                         LUT6 (Prop_LUT6_I2_O)        0.053    11.873 f  cb4/CONV_F[26].cl_inst/booth_macs[6].bm/tap_cur[1][1]_i_8/O
                         net (fo=5, unplaced)         0.204    12.077    cb4/CONV_F[26].cl_inst/booth_macs[6].bm/tap_cur[1][1]_i_8_n_0
                         LUT4 (Prop_LUT4_I2_O)        0.070    12.147 r  cb4/CONV_F[26].cl_inst/booth_macs[6].bm/tap_cur[1][7]_i_185/O
                         net (fo=1, unplaced)         0.260    12.407    cb4/CONV_F[26].cl_inst/booth_macs[6].bm/tap_cur[1][7]_i_185_n_0
                         CARRY8 (Prop_CARRY8_DI[0]_CO[3])
                                                      0.182    12.589 r  cb4/CONV_F[26].cl_inst/booth_macs[6].bm/tap_cur_reg[1][7]_i_171/CO[3]
                         net (fo=12, unplaced)        0.174    12.763    cb4/CONV_F[26].cl_inst/booth_macs[6].bm/pool_data_reg[150]_0[0]
                         LUT6 (Prop_LUT6_I2_O)        0.053    12.816 f  cb4/CONV_F[26].cl_inst/booth_macs[6].bm/tap_cur[1][1]_i_7/O
                         net (fo=5, unplaced)         0.204    13.020    cb4/CONV_F[26].cl_inst/booth_macs[6].bm/tap_cur[1][1]_i_7_n_0
                         LUT4 (Prop_LUT4_I2_O)        0.070    13.090 r  cb4/CONV_F[26].cl_inst/booth_macs[6].bm/tap_cur[1][7]_i_157/O
                         net (fo=1, unplaced)         0.260    13.350    cb4/CONV_F[26].cl_inst/booth_macs[6].bm/tap_cur[1][7]_i_157_n_0
                         CARRY8 (Prop_CARRY8_DI[0]_CO[3])
                                                      0.182    13.532 r  cb4/CONV_F[26].cl_inst/booth_macs[6].bm/tap_cur_reg[1][7]_i_143/CO[3]
                         net (fo=12, unplaced)        0.174    13.706    cb4/CONV_F[26].cl_inst/booth_macs[6].bm/pool_data_reg[166][0]
                         LUT6 (Prop_LUT6_I2_O)        0.053    13.759 f  cb4/CONV_F[26].cl_inst/booth_macs[6].bm/tap_cur[1][1]_i_6/O
                         net (fo=5, unplaced)         0.204    13.963    cb4/CONV_F[26].cl_inst/booth_macs[6].bm/tap_cur[1][1]_i_6_n_0
                         LUT4 (Prop_LUT4_I2_O)        0.070    14.033 r  cb4/CONV_F[26].cl_inst/booth_macs[6].bm/tap_cur[1][7]_i_129/O
                         net (fo=1, unplaced)         0.260    14.293    cb4/CONV_F[26].cl_inst/booth_macs[6].bm/tap_cur[1][7]_i_129_n_0
                         CARRY8 (Prop_CARRY8_DI[0]_CO[3])
                                                      0.182    14.475 r  cb4/CONV_F[26].cl_inst/booth_macs[6].bm/tap_cur_reg[1][7]_i_115/CO[3]
                         net (fo=12, unplaced)        0.174    14.649    cb4/CONV_F[26].cl_inst/booth_macs[6].bm/pool_data_reg[182][0]
                         LUT6 (Prop_LUT6_I2_O)        0.053    14.702 f  cb4/CONV_F[26].cl_inst/booth_macs[6].bm/tap_cur[1][1]_i_5/O
                         net (fo=5, unplaced)         0.204    14.906    cb4/CONV_F[26].cl_inst/booth_macs[6].bm/tap_cur[1][1]_i_5_n_0
                         LUT4 (Prop_LUT4_I2_O)        0.070    14.976 r  cb4/CONV_F[26].cl_inst/booth_macs[6].bm/tap_cur[1][7]_i_101/O
                         net (fo=1, unplaced)         0.260    15.236    cb4/CONV_F[26].cl_inst/booth_macs[6].bm/tap_cur[1][7]_i_101_n_0
                         CARRY8 (Prop_CARRY8_DI[0]_CO[3])
                                                      0.182    15.418 r  cb4/CONV_F[26].cl_inst/booth_macs[6].bm/tap_cur_reg[1][7]_i_87/CO[3]
                         net (fo=12, unplaced)        0.174    15.592    cb4/CONV_F[26].cl_inst/booth_macs[6].bm/pool_data_reg[198][0]
                         LUT6 (Prop_LUT6_I2_O)        0.053    15.645 f  cb4/CONV_F[26].cl_inst/booth_macs[6].bm/tap_cur[1][1]_i_4/O
                         net (fo=5, unplaced)         0.204    15.849    cb4/CONV_F[26].cl_inst/booth_macs[6].bm/tap_cur[1][1]_i_4_n_0
                         LUT4 (Prop_LUT4_I2_O)        0.070    15.919 r  cb4/CONV_F[26].cl_inst/booth_macs[6].bm/tap_cur[1][7]_i_73/O
                         net (fo=1, unplaced)         0.260    16.179    cb4/CONV_F[26].cl_inst/booth_macs[6].bm/tap_cur[1][7]_i_73_n_0
                         CARRY8 (Prop_CARRY8_DI[0]_CO[3])
                                                      0.182    16.361 r  cb4/CONV_F[26].cl_inst/booth_macs[6].bm/tap_cur_reg[1][7]_i_59/CO[3]
                         net (fo=12, unplaced)        0.174    16.535    cb4/CONV_F[26].cl_inst/booth_macs[6].bm/pool_data_reg[214][0]
                         LUT6 (Prop_LUT6_I2_O)        0.053    16.588 f  cb4/CONV_F[26].cl_inst/booth_macs[6].bm/tap_cur[1][1]_i_3/O
                         net (fo=5, unplaced)         0.204    16.792    cb4/CONV_F[26].cl_inst/booth_macs[6].bm/tap_cur[1][1]_i_3_n_0
                         LUT4 (Prop_LUT4_I2_O)        0.070    16.862 r  cb4/CONV_F[26].cl_inst/booth_macs[6].bm/tap_cur[1][7]_i_45/O
                         net (fo=1, unplaced)         0.260    17.122    cb4/CONV_F[26].cl_inst/booth_macs[6].bm/tap_cur[1][7]_i_45_n_0
                         CARRY8 (Prop_CARRY8_DI[0]_CO[3])
                                                      0.182    17.304 r  cb4/CONV_F[26].cl_inst/booth_macs[6].bm/tap_cur_reg[1][7]_i_31/CO[3]
                         net (fo=12, unplaced)        0.174    17.478    cb4/CONV_F[26].cl_inst/booth_macs[6].bm/pool_data_reg[230][0]
                         LUT6 (Prop_LUT6_I2_O)        0.053    17.531 f  cb4/CONV_F[26].cl_inst/booth_macs[6].bm/tap_cur[1][1]_i_2/O
                         net (fo=9, unplaced)         0.217    17.748    cb4/CONV_F[26].cl_inst/booth_macs[6].bm/pool_data_reg[225]
                         LUT4 (Prop_LUT4_I2_O)        0.070    17.818 r  cb4/CONV_F[26].cl_inst/booth_macs[6].bm/tap_cur[1][7]_i_17/O
                         net (fo=1, unplaced)         0.260    18.078    cb4/CONV_F[26].cl_inst/booth_macs[6].bm/tap_cur[1][7]_i_17_n_0
                         CARRY8 (Prop_CARRY8_DI[0]_CO[3])
                                                      0.182    18.260 r  cb4/CONV_F[26].cl_inst/booth_macs[6].bm/tap_cur_reg[1][7]_i_3/CO[3]
                         net (fo=41, unplaced)        0.202    18.462    cb4/CONV_F[31].cl_inst/booth_macs[7].bm/tap_cur_reg[1][0]_0[0]
                         LUT6 (Prop_LUT6_I2_O)        0.053    18.515 f  cb4/CONV_F[31].cl_inst/booth_macs[7].bm/tap_cur[1][0]_i_1__0/O
                         net (fo=46, unplaced)        0.510    19.025    cb5/CONV_F[34].cl_inst/booth_macs[8].bm/product_dsp/A[0]
                         DSP_A_B_DATA (Prop_DSP_A_B_DATA_A[0]_A2_DATA[0])
                                                      0.192    19.217 r  cb5/CONV_F[34].cl_inst/booth_macs[8].bm/product_dsp/DSP_A_B_DATA_INST/A2_DATA[0]
                         net (fo=1, unplaced)         0.000    19.217    cb5/CONV_F[34].cl_inst/booth_macs[8].bm/product_dsp/DSP_A_B_DATA.A2_DATA<0>
                         DSP_PREADD_DATA (Prop_DSP_PREADD_DATA_A2_DATA[0]_A2A1[0])
                                                      0.076    19.293 r  cb5/CONV_F[34].cl_inst/booth_macs[8].bm/product_dsp/DSP_PREADD_DATA_INST/A2A1[0]
                         net (fo=1, unplaced)         0.000    19.293    cb5/CONV_F[34].cl_inst/booth_macs[8].bm/product_dsp/DSP_PREADD_DATA.A2A1<0>
                         DSP_MULTIPLIER (Prop_DSP_MULTIPLIER_A2A1[0]_V[0])
                                                      0.507    19.800 f  cb5/CONV_F[34].cl_inst/booth_macs[8].bm/product_dsp/DSP_MULTIPLIER_INST/V[0]
                         net (fo=1, unplaced)         0.000    19.800    cb5/CONV_F[34].cl_inst/booth_macs[8].bm/product_dsp/DSP_MULTIPLIER.V<0>
                         DSP_M_DATA (Prop_DSP_M_DATA_V[0]_V_DATA[0])
                                                      0.046    19.846 r  cb5/CONV_F[34].cl_inst/booth_macs[8].bm/product_dsp/DSP_M_DATA_INST/V_DATA[0]
                         net (fo=1, unplaced)         0.000    19.846    cb5/CONV_F[34].cl_inst/booth_macs[8].bm/product_dsp/DSP_M_DATA.V_DATA<0>
                         DSP_ALU (Prop_DSP_ALU_V_DATA[0]_ALU_OUT[0])
                                                      0.571    20.417 f  cb5/CONV_F[34].cl_inst/booth_macs[8].bm/product_dsp/DSP_ALU_INST/ALU_OUT[0]
                         net (fo=1, unplaced)         0.000    20.417    cb5/CONV_F[34].cl_inst/booth_macs[8].bm/product_dsp/DSP_ALU.ALU_OUT<0>
                         DSP_OUTPUT (Prop_DSP_OUTPUT_ALU_OUT[0]_P[0])
                                                      0.109    20.526 r  cb5/CONV_F[34].cl_inst/booth_macs[8].bm/product_dsp/DSP_OUTPUT_INST/P[0]
                         net (fo=10, unplaced)        0.239    20.765    cb5/CONV_F[29].cl_inst/booth_macs[0].bm/P[0]
                         LUT3 (Prop_LUT3_I1_O)        0.100    20.865 r  cb5/CONV_F[29].cl_inst/booth_macs[0].bm/sum__0_carry_i_7__12/O
                         net (fo=2, unplaced)         0.219    21.084    cb5/CONV_F[29].cl_inst/booth_macs[0].bm/DSP_OUTPUT_INST[0]
                         LUT4 (Prop_LUT4_I3_O)        0.037    21.121 r  cb5/CONV_F[29].cl_inst/booth_macs[0].bm/sum__0_carry_i_14__12/O
                         net (fo=1, unplaced)         0.023    21.144    cb5/CONV_F[29].cl_inst/booth_macs[0].bm_n_61
                         CARRY8 (Prop_CARRY8_S[1]_CO[7])
                                                      0.197    21.341 r  cb5/CONV_F[29].cl_inst/sum__0_carry/CO[7]
                         net (fo=1, unplaced)         0.005    21.346    cb5/CONV_F[29].cl_inst/sum__0_carry_n_0
                         CARRY8 (Prop_CARRY8_CI_O[2])
                                                      0.067    21.413 r  cb5/CONV_F[29].cl_inst/sum__0_carry__0/O[2]
                         net (fo=2, unplaced)         0.188    21.601    cb5/CONV_F[29].cl_inst/booth_macs[0].bm/sum__106_carry__0[2]
                         LUT3 (Prop_LUT3_I0_O)        0.111    21.712 r  cb5/CONV_F[29].cl_inst/booth_macs[0].bm/sum__106_carry__0_i_3__1/O
                         net (fo=2, unplaced)         0.212    21.924    cb5/CONV_F[29].cl_inst/booth_macs[0].bm/sum__36_carry__0[2]
                         LUT4 (Prop_LUT4_I3_O)        0.037    21.961 r  cb5/CONV_F[29].cl_inst/booth_macs[0].bm/sum__106_carry__0_i_11__1/O
                         net (fo=1, unplaced)         0.032    21.993    cb5/CONV_F[29].cl_inst/booth_macs[0].bm_n_35
                         CARRY8 (Prop_CARRY8_S[3]_CO[7])
                                                      0.170    22.163 r  cb5/CONV_F[29].cl_inst/sum__106_carry__0/CO[7]
                         net (fo=1, unplaced)         0.005    22.168    cb5/CONV_F[29].cl_inst/sum__106_carry__0_n_0
                         CARRY8 (Prop_CARRY8_CI_O[2])
                                                      0.067    22.235 r  cb5/CONV_F[29].cl_inst/sum__106_carry__1/O[2]
                         net (fo=4, unplaced)         0.198    22.433    cb5/CONV_F[29].cl_inst/booth_macs[0].bm/O[2]
                         LUT2 (Prop_LUT2_I1_O)        0.068    22.501 f  cb5/CONV_F[29].cl_inst/booth_macs[0].bm/sat_val2_carry_i_1__13/O
                         net (fo=1, unplaced)         0.245    22.746    cb5/CONV_F[29].cl_inst/booth_macs[0].bm_n_10
                         CARRY8 (Prop_CARRY8_DI[2]_CO[2])
                                                      0.069    22.815 f  cb5/CONV_F[29].cl_inst/sat_val2_carry/CO[2]
                         net (fo=16, unplaced)        0.230    23.045    cb5/CONV_F[29].cl_inst/booth_macs[0].bm/feature_map_out_reg[14][0]
                         LUT4 (Prop_LUT4_I2_O)        0.038    23.083 r  cb5/CONV_F[29].cl_inst/booth_macs[0].bm/feature_map_out[0]_i_1__15/O
                         net (fo=1, unplaced)         0.048    23.131    cb5/CONV_F[29].cl_inst/booth_macs[0].bm_n_28
                         FDRE                                         r  cb5/CONV_F[29].cl_inst/feature_map_out_reg[0]/D
  -------------------------------------------------------------------    -------------------

                         (clock sys_clk rise edge)   10.000    10.000 r  
    H9                                                0.000    10.000 r  clk (IN)
                         net (fo=0)                   0.000    10.000    clk_IBUF_inst/I
    H9                   INBUF (Prop_INBUF_HPIOB_M_PAD_O)
                                                      0.297    10.297 r  clk_IBUF_inst/INBUF_INST/O
                         net (fo=1, routed)           0.000    10.297    clk_IBUF_inst/OUT
    H9                   IBUFCTRL (Prop_IBUFCTRL_HPIOB_M_I_O)
                                                      0.000    10.297 r  clk_IBUF_inst/IBUFCTRL_INST/O
                         net (fo=1, unplaced)         0.247    10.544    clk_IBUF
                         BUFGCE (Prop_BUFGCE_I_O)     0.024    10.568 r  clk_IBUF_BUFG_inst/O
                         net (fo=59828, unplaced)     2.439    13.007    cb5/CONV_F[29].cl_inst/clk_IBUF_BUFG
                         FDRE                                         r  cb5/CONV_F[29].cl_inst/feature_map_out_reg[0]/C
                         clock pessimism              0.283    13.291    
                         clock uncertainty           -0.035    13.255    
                         FDRE (Setup_FDRE_C_D)        0.025    13.280    cb5/CONV_F[29].cl_inst/feature_map_out_reg[0]
  -------------------------------------------------------------------
                         required time                         13.280    
                         arrival time                         -23.131    
  -------------------------------------------------------------------
                         slack                                 -9.850    





Min Delay Paths
--------------------------------------------------------------------------------------
Slack (VIOLATED) :        -0.098ns  (arrival time - required time)
  Source:                 fc1/in_cnt_reg[2]/C
                            (rising edge-triggered cell FDRE clocked by sys_clk  {rise@0.000ns fall@5.000ns period=10.000ns})
  Destination:            fc1/in_buf_reg_0_63_0_6/RAMA/WADR2
                            (rising edge-triggered cell RAMD64E clocked by sys_clk  {rise@0.000ns fall@5.000ns period=10.000ns})
  Path Group:             sys_clk
  Path Type:              Hold (Min at Fast Process Corner)
  Requirement:            0.000ns  (sys_clk rise@0.000ns - sys_clk rise@0.000ns)
  Data Path Delay:        0.109ns  (logic 0.038ns (34.862%)  route 0.071ns (65.138%))
  Logic Levels:           0  
  Clock Path Skew:        0.145ns (DCD - SCD - CPR)
    Destination Clock Delay (DCD):    1.793ns
    Source Clock Delay      (SCD):    1.429ns
    Clock Pessimism Removal (CPR):    0.218ns

    Location             Delay type                Incr(ns)  Path(ns)    Netlist Resource(s)
  -------------------------------------------------------------------    -------------------
                         (clock sys_clk rise edge)    0.000     0.000 r  
    H9                                                0.000     0.000 r  clk (IN)
                         net (fo=0)                   0.000     0.000    clk_IBUF_inst/I
    H9                   INBUF (Prop_INBUF_HPIOB_M_PAD_O)
                                                      0.182     0.182 r  clk_IBUF_inst/INBUF_INST/O
                         net (fo=1, routed)           0.000     0.182    clk_IBUF_inst/OUT
    H9                   IBUFCTRL (Prop_IBUFCTRL_HPIOB_M_I_O)
                                                      0.000     0.182 r  clk_IBUF_inst/IBUFCTRL_INST/O
                         net (fo=1, unplaced)         0.116     0.298    clk_IBUF
                         BUFGCE (Prop_BUFGCE_I_O)     0.017     0.315 r  clk_IBUF_BUFG_inst/O
                         net (fo=59828, unplaced)     1.114     1.429    fc1/clk_IBUF_BUFG
                         FDRE                                         r  fc1/in_cnt_reg[2]/C
  -------------------------------------------------------------------    -------------------
                         FDRE (Prop_FDRE_C_Q)         0.038     1.467 r  fc1/in_cnt_reg[2]/Q
                         net (fo=17, unplaced)        0.071     1.538    fc1/in_buf_reg_0_63_0_6/ADDRH2
                         RAMD64E                                      r  fc1/in_buf_reg_0_63_0_6/RAMA/WADR2
  -------------------------------------------------------------------    -------------------

                         (clock sys_clk rise edge)    0.000     0.000 r  
    H9                                                0.000     0.000 r  clk (IN)
                         net (fo=0)                   0.000     0.000    clk_IBUF_inst/I
    H9                   INBUF (Prop_INBUF_HPIOB_M_PAD_O)
                                                      0.368     0.368 r  clk_IBUF_inst/INBUF_INST/O
                         net (fo=1, routed)           0.000     0.368    clk_IBUF_inst/OUT
    H9                   IBUFCTRL (Prop_IBUFCTRL_HPIOB_M_I_O)
                                                      0.000     0.368 r  clk_IBUF_inst/IBUFCTRL_INST/O
                         net (fo=1, unplaced)         0.147     0.515    clk_IBUF
                         BUFGCE (Prop_BUFGCE_I_O)     0.019     0.534 r  clk_IBUF_BUFG_inst/O
                         net (fo=59828, unplaced)     1.259     1.793    fc1/in_buf_reg_0_63_0_6/WCLK
                         RAMD64E                                      r  fc1/in_buf_reg_0_63_0_6/RAMA/CLK
                         clock pessimism             -0.218     1.574    
                         RAMD64E (Hold_RAMD64E_CLK_WADR2)
                                                      0.062     1.636    fc1/in_buf_reg_0_63_0_6/RAMA
  -------------------------------------------------------------------
                         required time                         -1.636    
                         arrival time                           1.538    
  -------------------------------------------------------------------
                         slack                                 -0.098    





Pulse Width Checks
--------------------------------------------------------------------------------------
Clock Name:         sys_clk
Waveform(ns):       { 0.000 5.000 }
Period(ns):         10.000
Sources:            { clk }

Check Type        Corner  Lib Pin      Reference Pin  Required(ns)  Actual(ns)  Slack(ns)  Location  Pin
Min Period        n/a     BUFGCE/I     n/a            1.290         10.000      8.710                clk_IBUF_BUFG_inst/I
Low Pulse Width   Slow    SRLC32E/CLK  n/a            0.532         5.000       4.468                cb1/CONV_F[0].cl_inst/delay1_reg[1023][0]_srl32___cb1_CONV_F_r_1022/CLK
High Pulse Width  Slow    SRLC32E/CLK  n/a            0.532         5.000       4.468                cb1/CONV_F[0].cl_inst/delay1_reg[1023][0]_srl32___cb1_CONV_F_r_1022/CLK



