Copyright 1986-2022 Xilinx, Inc. All Rights Reserved. Copyright 2022-2025 Advanced Micro Devices, Inc. All Rights Reserved.
-------------------------------------------------------------------------------------------------------------------------------------------------
| Tool Version     : Vivado v.2025.2 (win64) Build 6299465 Fri Nov 14 19:35:11 GMT 2025
| Date             : Sun Mar 15 02:30:20 2026
| Host             : MSI running 64-bit major release  (build 9200)
| Command          : report_power -file syn/reports/cxr_power.rpt
| Design           : chest_xray_cnn
| Device           : xczu7ev-ffvc1156-2-e
| Design State     : routed
| Grade            : extended
| Process          : typical
| Characterization : Production
-------------------------------------------------------------------------------------------------------------------------------------------------

Power Report

Table of Contents
-----------------
1. Summary
1.1 On-Chip Components
1.2 Power Supply Summary
1.3 Confidence Level
2. Settings
2.1 Environment
2.2 Clock Constraints
3. Detailed Reports
3.1 By Hierarchy

1. Summary
----------

+--------------------------+--------------+
| Total On-Chip Power (W)  | 0.987        |
| Design Power Budget (W)  | Unspecified* |
| Power Budget Margin (W)  | NA           |
| Dynamic (W)              | 0.393        |
| Device Static (W)        | 0.594        |
| Effective TJA (C/W)      | 1.0          |
| Max Ambient (C)          | 99.0         |
| Junction Temperature (C) | 26.0         |
| Confidence Level         | Low          |
| Setting File             | ---          |
| Simulation Activity File | ---          |
| Design Nets Matched      | NA           |
+--------------------------+--------------+
* Specify Design Power Budget using, set_operating_conditions -design_power_budget <value in Watts>


1.1 On-Chip Components
----------------------

+--------------------------+-----------+----------+-----------+-----------------+
| On-Chip                  | Power (W) | Used     | Available | Utilization (%) |
+--------------------------+-----------+----------+-----------+-----------------+
| Clocks                   |     0.081 |        3 |       --- |             --- |
| CLB Logic                |     0.115 |    92083 |       --- |             --- |
|   LUT as Shift Register  |     0.055 |    30464 |    101760 |           29.94 |
|   LUT as Logic           |     0.054 |    25315 |    230400 |           10.99 |
|   CARRY8                 |     0.005 |     2249 |     28800 |            7.81 |
|   Register               |    <0.001 |    24223 |    460800 |            5.26 |
|   LUT as Distributed RAM |    <0.001 |       18 |    101760 |            0.02 |
|   BUFG                   |    <0.001 |        3 |        64 |            4.69 |
|   Others                 |     0.000 |     2746 |       --- |             --- |
|   F7/F8 Muxes            |     0.000 |      118 |    230400 |            0.05 |
| Signals                  |     0.055 |    64594 |       --- |             --- |
| DSPs                     |     0.140 |     1053 |      1728 |           60.94 |
| I/O                      |     0.002 |       22 |       360 |            6.11 |
| Static Power             |     0.594 |          |           |                 |
| Total                    |     0.987 |          |           |                 |
+--------------------------+-----------+----------+-----------+-----------------+


1.2 Power Supply Summary
------------------------

+------------------+-------------+-----------+-------------+------------+-------------+-------------+------------+
| Source           | Voltage (V) | Total (A) | Dynamic (A) | Static (A) | Powerup (A) | Budget (A)  | Margin (A) |
+------------------+-------------+-----------+-------------+------------+-------------+-------------+------------+
| Vccint           |       0.850 |     0.597 |       0.460 |      0.138 |       NA    | Unspecified | NA         |
| Vccint_io        |       0.850 |     0.070 |       0.000 |      0.070 |       NA    | Unspecified | NA         |
| Vccbram          |       0.850 |     0.002 |       0.000 |      0.002 |       NA    | Unspecified | NA         |
| Vccaux           |       1.800 |     0.148 |       0.000 |      0.148 |       NA    | Unspecified | NA         |
| Vccaux_io        |       1.800 |     0.055 |       0.000 |      0.055 |       NA    | Unspecified | NA         |
| Vcco33           |       3.300 |     0.000 |       0.000 |      0.000 |       NA    | Unspecified | NA         |
| Vcco25           |       2.500 |     0.000 |       0.000 |      0.000 |       NA    | Unspecified | NA         |
| Vcco18           |       1.800 |     0.001 |       0.001 |      0.000 |       NA    | Unspecified | NA         |
| Vcco15           |       1.500 |     0.000 |       0.000 |      0.000 |       NA    | Unspecified | NA         |
| Vcco135          |       1.350 |     0.000 |       0.000 |      0.000 |       NA    | Unspecified | NA         |
| Vcco12           |       1.200 |     0.000 |       0.000 |      0.000 |       NA    | Unspecified | NA         |
| Vcco10           |       1.000 |     0.000 |       0.000 |      0.000 |       NA    | Unspecified | NA         |
| Vccadc           |       1.800 |     0.008 |       0.000 |      0.008 |       NA    | Unspecified | NA         |
| VCC_PSINTFP      |       0.850 |     0.000 |       0.000 |      0.000 |       NA    | Unspecified | NA         |
| VCC_PSINTLP      |       0.850 |     0.005 |       0.000 |      0.005 |       NA    | Unspecified | NA         |
| VPS_MGTRAVCC     |       0.850 |     0.000 |       0.000 |      0.000 |       NA    | Unspecified | NA         |
| VCC_PSINTFP_DDR  |       0.850 |     0.000 |       0.000 |      0.000 |       NA    | Unspecified | NA         |
| VCC_PSPLL        |       1.200 |     0.002 |       0.000 |      0.002 |       NA    | Unspecified | NA         |
| VPS_MGTRAVTT     |       1.800 |     0.000 |       0.000 |      0.000 |       NA    | Unspecified | NA         |
| VCCO_PSDDR_504   |       1.200 |     0.000 |       0.000 |      0.000 |       NA    | Unspecified | NA         |
| VCC_PSAUX        |       1.800 |     0.002 |       0.000 |      0.002 |       NA    | Unspecified | NA         |
| VCC_PSBATT       |       1.200 |     0.000 |       0.000 |      0.000 |       NA    | Unspecified | NA         |
| VCC_PSDDR_PLL    |       1.800 |     0.000 |       0.000 |      0.000 |       NA    | Unspecified | NA         |
| VCCO_PSIO0_500   |       3.300 |     0.000 |       0.000 |      0.000 |       NA    | Unspecified | NA         |
| VCCO_PSIO1_501   |       3.300 |     0.000 |       0.000 |      0.000 |       NA    | Unspecified | NA         |
| VCCO_PSIO2_502   |       3.300 |     0.000 |       0.000 |      0.000 |       NA    | Unspecified | NA         |
| VCCO_PSIO3_503   |       3.300 |     0.000 |       0.000 |      0.000 |       NA    | Unspecified | NA         |
| VCC_PSADC        |       1.800 |     0.002 |       0.000 |      0.002 |       NA    | Unspecified | NA         |
| VCCINT_VCU       |       0.900 |     0.025 |       0.000 |      0.025 |       NA    | Unspecified | NA         |
| VMGTAVCC (GTH)   |       0.900 |     0.000 |       0.000 |      0.000 |       NA    | Unspecified | NA         |
| VMGTAVTT (GTH)   |       1.200 |     0.000 |       0.000 |      0.000 |       NA    | Unspecified | NA         |
| VMGTVCCAUX (GTH) |       1.800 |     0.000 |       0.000 |      0.000 |       NA    | Unspecified | NA         |
+------------------+-------------+-----------+-------------+------------+-------------+-------------+------------+


1.3 Confidence Level
--------------------

+-----------------------------+------------+--------------------------------------------------------+------------------------------------------------------------------------------------------------------------+
| User Input Data             | Confidence | Details                                                | Action                                                                                                     |
+-----------------------------+------------+--------------------------------------------------------+------------------------------------------------------------------------------------------------------------+
| Design implementation state | High       | Design is routed                                       |                                                                                                            |
| Clock nodes activity        | High       | User specified more than 95% of clocks                 |                                                                                                            |
| I/O nodes activity          | Low        | More than 75% of inputs are missing user specification | Provide missing input activity with simulation results or by editing the "By Resource Type -> I/Os" view   |
| Internal nodes activity     | Medium     | User specified less than 25% of internal nodes         | Provide missing internal nodes activity with simulation results or by editing the "By Resource Type" views |
| Device models               | High       | Device models are Production                           |                                                                                                            |
|                             |            |                                                        |                                                                                                            |
| Overall confidence level    | Low        |                                                        |                                                                                                            |
+-----------------------------+------------+--------------------------------------------------------+------------------------------------------------------------------------------------------------------------+


2. Settings
-----------

2.1 Environment
---------------

+-----------------------+--------------------------+
| Ambient Temp (C)      | 25.0                     |
| ThetaJA (C/W)         | 1.0                      |
| Airflow (LFM)         | 250                      |
| Heat Sink             | medium (Medium Profile)  |
| ThetaSA (C/W)         | 1.5                      |
| Board Selection       | medium (10"x10")         |
| # of Board Layers     | 12to15 (12 to 15 Layers) |
| Board Temperature (C) | 25.0                     |
+-----------------------+--------------------------+


2.2 Clock Constraints
---------------------

+---------+--------+-----------------+
| Clock   | Domain | Constraint (ns) |
+---------+--------+-----------------+
| sys_clk | clk    |            10.0 |
+---------+--------+-----------------+


3. Detailed Reports
-------------------

3.1 By Hierarchy
----------------

+------------------------+-----------+
| Name                   | Power (W) |
+------------------------+-----------+
| chest_xray_cnn         |     0.393 |
|   cb1                  |     0.081 |
|     CONV_F[0].cl_inst  |     0.010 |
|     CONV_F[1].cl_inst  |     0.009 |
|     CONV_F[2].cl_inst  |     0.009 |
|     CONV_F[3].cl_inst  |     0.009 |
|     CONV_F[4].cl_inst  |     0.009 |
|     CONV_F[5].cl_inst  |     0.010 |
|     CONV_F[6].cl_inst  |     0.009 |
|     CONV_F[7].cl_inst  |     0.009 |
|   cb2                  |     0.065 |
|     CONV_F[0].cl_inst  |     0.005 |
|     CONV_F[10].cl_inst |     0.004 |
|     CONV_F[11].cl_inst |     0.004 |
|     CONV_F[12].cl_inst |     0.004 |
|     CONV_F[14].cl_inst |     0.005 |
|     CONV_F[15].cl_inst |     0.004 |
|     CONV_F[1].cl_inst  |     0.003 |
|     CONV_F[2].cl_inst  |     0.004 |
|     CONV_F[3].cl_inst  |     0.003 |
|     CONV_F[4].cl_inst  |     0.003 |
|     CONV_F[5].cl_inst  |     0.005 |
|     CONV_F[6].cl_inst  |     0.004 |
|     CONV_F[7].cl_inst  |     0.004 |
|     CONV_F[8].cl_inst  |     0.004 |
|     CONV_F[9].cl_inst  |     0.005 |
|   cb3                  |     0.087 |
|     CONV_F[0].cl_inst  |     0.003 |
|     CONV_F[10].cl_inst |     0.003 |
|     CONV_F[11].cl_inst |     0.003 |
|     CONV_F[12].cl_inst |     0.003 |
|     CONV_F[14].cl_inst |     0.003 |
|     CONV_F[15].cl_inst |     0.003 |
|     CONV_F[16].cl_inst |     0.002 |
|     CONV_F[17].cl_inst |     0.002 |
|     CONV_F[19].cl_inst |     0.003 |
|     CONV_F[1].cl_inst  |     0.002 |
|     CONV_F[20].cl_inst |     0.003 |
|     CONV_F[21].cl_inst |     0.004 |
|     CONV_F[22].cl_inst |     0.003 |
|     CONV_F[24].cl_inst |     0.003 |
|     CONV_F[25].cl_inst |     0.003 |
|     CONV_F[26].cl_inst |     0.003 |
|     CONV_F[27].cl_inst |     0.003 |
|     CONV_F[28].cl_inst |     0.002 |
|     CONV_F[29].cl_inst |     0.002 |
|     CONV_F[2].cl_inst  |     0.003 |
|     CONV_F[30].cl_inst |     0.003 |
|     CONV_F[31].cl_inst |     0.003 |
|     CONV_F[3].cl_inst  |     0.002 |
|     CONV_F[4].cl_inst  |     0.002 |
|     CONV_F[5].cl_inst  |     0.004 |
|     CONV_F[6].cl_inst  |     0.003 |
|     CONV_F[7].cl_inst  |     0.003 |
|     CONV_F[8].cl_inst  |     0.003 |
|     CONV_F[9].cl_inst  |     0.004 |
|   cb4                  |     0.082 |
|     CONV_F[0].cl_inst  |     0.003 |
|     CONV_F[10].cl_inst |     0.003 |
|     CONV_F[11].cl_inst |     0.003 |
|     CONV_F[12].cl_inst |     0.003 |
|     CONV_F[14].cl_inst |     0.003 |
|     CONV_F[15].cl_inst |     0.003 |
|     CONV_F[16].cl_inst |     0.002 |
|     CONV_F[17].cl_inst |     0.002 |
|     CONV_F[19].cl_inst |     0.003 |
|     CONV_F[1].cl_inst  |     0.002 |
|     CONV_F[20].cl_inst |     0.003 |
|     CONV_F[21].cl_inst |     0.003 |
|     CONV_F[22].cl_inst |     0.003 |
|     CONV_F[24].cl_inst |     0.004 |
|     CONV_F[25].cl_inst |     0.003 |
|     CONV_F[26].cl_inst |     0.003 |
|     CONV_F[27].cl_inst |     0.003 |
|     CONV_F[28].cl_inst |     0.002 |
|     CONV_F[29].cl_inst |     0.002 |
|     CONV_F[2].cl_inst  |     0.003 |
|     CONV_F[30].cl_inst |     0.003 |
|     CONV_F[31].cl_inst |     0.003 |
|     CONV_F[3].cl_inst  |     0.002 |
|     CONV_F[4].cl_inst  |     0.002 |
|     CONV_F[5].cl_inst  |     0.004 |
|     CONV_F[6].cl_inst  |     0.003 |
|     CONV_F[7].cl_inst  |     0.003 |
|     CONV_F[8].cl_inst  |     0.003 |
|     CONV_F[9].cl_inst  |     0.003 |
|   cb5                  |     0.069 |
|     CONV_F[0].cl_inst  |     0.001 |
|     CONV_F[10].cl_inst |     0.001 |
|     CONV_F[11].cl_inst |     0.001 |
|     CONV_F[12].cl_inst |     0.001 |
|     CONV_F[14].cl_inst |     0.001 |
|     CONV_F[15].cl_inst |     0.001 |
|     CONV_F[16].cl_inst |     0.001 |
|     CONV_F[17].cl_inst |     0.001 |
|     CONV_F[19].cl_inst |     0.002 |
|     CONV_F[1].cl_inst  |     0.001 |
|     CONV_F[21].cl_inst |     0.001 |
|     CONV_F[22].cl_inst |     0.001 |
|     CONV_F[24].cl_inst |     0.001 |
|     CONV_F[25].cl_inst |     0.001 |
|     CONV_F[27].cl_inst |     0.002 |
|     CONV_F[28].cl_inst |     0.001 |
|     CONV_F[2].cl_inst  |     0.001 |
|     CONV_F[30].cl_inst |     0.001 |
|     CONV_F[31].cl_inst |     0.001 |
|     CONV_F[33].cl_inst |     0.001 |
|     CONV_F[34].cl_inst |     0.001 |
|     CONV_F[35].cl_inst |     0.002 |
|     CONV_F[37].cl_inst |     0.001 |
|     CONV_F[38].cl_inst |     0.001 |
|     CONV_F[39].cl_inst |     0.002 |
|     CONV_F[3].cl_inst  |     0.001 |
|     CONV_F[41].cl_inst |     0.001 |
|     CONV_F[42].cl_inst |     0.001 |
|     CONV_F[43].cl_inst |     0.001 |
|     CONV_F[44].cl_inst |     0.001 |
|     CONV_F[45].cl_inst |     0.001 |
|     CONV_F[46].cl_inst |     0.001 |
|     CONV_F[47].cl_inst |     0.002 |
|     CONV_F[51].cl_inst |     0.001 |
|     CONV_F[53].cl_inst |     0.002 |
|     CONV_F[54].cl_inst |     0.001 |
|     CONV_F[55].cl_inst |     0.002 |
|     CONV_F[56].cl_inst |     0.001 |
|     CONV_F[57].cl_inst |     0.002 |
|     CONV_F[59].cl_inst |     0.001 |
|     CONV_F[5].cl_inst  |     0.002 |
|     CONV_F[61].cl_inst |     0.001 |
|     CONV_F[7].cl_inst  |     0.001 |
|     CONV_F[8].cl_inst  |     0.001 |
|     CONV_F[9].cl_inst  |     0.002 |
|   fc1                  |     0.001 |
|   gap                  |     0.005 |
+------------------------+-----------+


