Copyright 1986-2022 Xilinx, Inc. All Rights Reserved. Copyright 2022-2025 Advanced Micro Devices, Inc. All Rights Reserved.
--------------------------------------------------------------------------------------------------------------------------------------------------
| Tool Version      : Vivado v.2025.2 (win64) Build 6299465 Fri Nov 14 19:35:11 GMT 2025
| Date              : Sun Mar 15 02:17:00 2026
| Host              : MSI running 64-bit major release  (build 9200)
| Command           : report_timing_summary -file syn/reports/cxr_timing_place.rpt
| Design            : chest_xray_cnn
| Device            : xczu7ev-ffvc1156
| Speed File        : -2  PRODUCTION 1.30 05-15-2022
| Design State      : Fully Placed
| Temperature Grade : E
--------------------------------------------------------------------------------------------------------------------------------------------------

Timing Summary Report

------------------------------------------------------------------------------------------------
| Timer Settings
| --------------
------------------------------------------------------------------------------------------------

  Enable Multi Corner Analysis               :  Yes
  Enable Pessimism Removal                   :  Yes
  Pessimism Removal Resolution               :  Nearest Common Node
  Enable Input Delay Default Clock           :  No
  Enable Preset / Clear Arcs                 :  No
  Disable Flight Delays                      :  No
  Ignore I/O Paths                           :  No
  Timing Early Launch at Borrowing Latches   :  No
  Borrow Time for Max Delay Exceptions       :  Yes
  Merge Timing Exceptions                    :  Yes
  Inter-SLR Compensation                     :  Conservative

  Corner  Analyze    Analyze    
  Name    Max Paths  Min Paths  
  ------  ---------  ---------  
  Slow    Yes        Yes        
  Fast    Yes        Yes        


------------------------------------------------------------------------------------------------
| Report Methodology
| ------------------
------------------------------------------------------------------------------------------------

No report available as report_methodology has not been run prior. Run report_methodology on the current design for the summary of methodology violations.



check_timing report

Table of Contents
-----------------
1. checking no_clock (0)
2. checking constant_clock (0)
3. checking pulse_width_clock (0)
4. checking unconstrained_internal_endpoints (0)
5. checking no_input_delay (10)
6. checking no_output_delay (11)
7. checking multiple_clock (0)
8. checking generated_clocks (0)
9. checking loops (0)
10. checking partial_input_delay (0)
11. checking partial_output_delay (0)
12. checking latch_loops (0)

1. checking no_clock (0)
------------------------
 There are 0 register/latch pins with no clock.


2. checking constant_clock (0)
------------------------------
 There are 0 register/latch pins with constant_clock.


3. checking pulse_width_clock (0)
---------------------------------
 There are 0 register/latch pins which need pulse_width check


4. checking unconstrained_internal_endpoints (0)
------------------------------------------------
 There are 0 pins that are not constrained for maximum delay.

 There are 0 pins that are not constrained for maximum delay due to constant clock.


5. checking no_input_delay (10)
-------------------------------
 There are 9 input ports with no input delay specified. (HIGH)

 There is 1 input port with no input delay but user has a false path constraint. (MEDIUM)


6. checking no_output_delay (11)
--------------------------------
 There are 11 ports with no output delay specified. (HIGH)

 There are 0 ports with no output delay but user has a false path constraint

 There are 0 ports with no output delay but with a timing clock defined on it or propagating through it


7. checking multiple_clock (0)
------------------------------
 There are 0 register/latch pins with multiple clocks.


8. checking generated_clocks (0)
--------------------------------
 There are 0 generated clocks that are not connected to a clock source.


9. checking loops (0)
---------------------
 There are 0 combinational loops in the design.


10. checking partial_input_delay (0)
------------------------------------
 There are 0 input ports with partial input delay specified.


11. checking partial_output_delay (0)
-------------------------------------
 There are 0 ports with partial output delay specified.


12. checking latch_loops (0)
----------------------------
 There are 0 combinational latch loops in the design through latch input



------------------------------------------------------------------------------------------------
| Design Timing Summary
| ---------------------
------------------------------------------------------------------------------------------------

    WNS(ns)      TNS(ns)  TNS Failing Endpoints  TNS Total Endpoints      WHS(ns)      THS(ns)  THS Failing Endpoints  THS Total Endpoints     WPWS(ns)     TPWS(ns)  TPWS Failing Endpoints  TPWS Total Endpoints  
    -------      -------  ---------------------  -------------------      -------      -------  ---------------------  -------------------     --------     --------  ----------------------  --------------------  
     -6.745   -14076.542                   3744                83658       -0.145      -18.954                    620                83658        4.468        0.000                       0                 55511  


Timing constraints are not met.


------------------------------------------------------------------------------------------------
| Clock Summary
| -------------
------------------------------------------------------------------------------------------------

Clock    Waveform(ns)       Period(ns)      Frequency(MHz)
-----    ------------       ----------      --------------
sys_clk  {0.000 5.000}      10.000          100.000         


------------------------------------------------------------------------------------------------
| Intra Clock Table
| -----------------
------------------------------------------------------------------------------------------------

Clock             WNS(ns)      TNS(ns)  TNS Failing Endpoints  TNS Total Endpoints      WHS(ns)      THS(ns)  THS Failing Endpoints  THS Total Endpoints     WPWS(ns)     TPWS(ns)  TPWS Failing Endpoints  TPWS Total Endpoints  
-----             -------      -------  ---------------------  -------------------      -------      -------  ---------------------  -------------------     --------     --------  ----------------------  --------------------  
sys_clk            -6.745   -14076.542                   3744                83658       -0.145      -18.954                    620                83658        4.468        0.000                       0                 55511  


------------------------------------------------------------------------------------------------
| Inter Clock Table
| -----------------
------------------------------------------------------------------------------------------------

From Clock    To Clock          WNS(ns)      TNS(ns)  TNS Failing Endpoints  TNS Total Endpoints      WHS(ns)      THS(ns)  THS Failing Endpoints  THS Total Endpoints  
----------    --------          -------      -------  ---------------------  -------------------      -------      -------  ---------------------  -------------------  


------------------------------------------------------------------------------------------------
| Other Path Groups Table
| -----------------------
------------------------------------------------------------------------------------------------

Path Group    From Clock    To Clock          WNS(ns)      TNS(ns)  TNS Failing Endpoints  TNS Total Endpoints      WHS(ns)      THS(ns)  THS Failing Endpoints  THS Total Endpoints  
----------    ----------    --------          -------      -------  ---------------------  -------------------      -------      -------  ---------------------  -------------------  


------------------------------------------------------------------------------------------------
| Timing Details
| --------------
------------------------------------------------------------------------------------------------


---------------------------------------------------------------------------------------------------
From Clock:  sys_clk
  To Clock:  sys_clk

Setup :         3744  Failing Endpoints,  Worst Slack       -6.745ns,  Total Violation   -14076.542ns
Hold  :          620  Failing Endpoints,  Worst Slack       -0.145ns,  Total Violation      -18.954ns
PW    :            0  Failing Endpoints,  Worst Slack        4.468ns,  Total Violation        0.000ns
---------------------------------------------------------------------------------------------------


Max Delay Paths
--------------------------------------------------------------------------------------
Slack (VIOLATED) :        -6.745ns  (required time - arrival time)
  Source:                 cb4/pool_data_reg[2]/C
                            (rising edge-triggered cell FDRE clocked by sys_clk  {rise@0.000ns fall@5.000ns period=10.000ns})
  Destination:            cb5/CONV_F[30].cl_inst/feature_map_out_reg[4]/D
                            (rising edge-triggered cell FDRE clocked by sys_clk  {rise@0.000ns fall@5.000ns period=10.000ns})
  Path Group:             sys_clk
  Path Type:              Setup (Max at Slow Process Corner)
  Requirement:            10.000ns  (sys_clk rise@10.000ns - sys_clk rise@0.000ns)
  Data Path Delay:        16.564ns  (logic 7.713ns (46.565%)  route 8.851ns (53.435%))
  Logic Levels:           67  (CARRY8=21 DSP_A_B_DATA=1 DSP_ALU=1 DSP_M_DATA=1 DSP_MULTIPLIER=1 DSP_OUTPUT=1 DSP_PREADD_DATA=1 LUT2=1 LUT3=3 LUT4=18 LUT5=1 LUT6=15 MUXF7=2)
  Clock Path Skew:        -0.171ns (DCD - SCD + CPR)
    Destination Clock Delay (DCD):    2.656ns = ( 12.656 - 10.000 ) 
    Source Clock Delay      (SCD):    3.226ns
    Clock Pessimism Removal (CPR):    0.398ns
  Clock Uncertainty:      0.035ns  ((TSJ^2 + TIJ^2)^1/2 + DJ) / 2 + PE
    Total System Jitter     (TSJ):    0.071ns
    Total Input Jitter      (TIJ):    0.000ns
    Discrete Jitter          (DJ):    0.000ns
    Phase Error              (PE):    0.000ns
  Clock Net Delay (Source):      2.331ns (routing 1.167ns, distribution 1.164ns)
  Clock Net Delay (Destination): 2.052ns (routing 1.059ns, distribution 0.993ns)

    Location             Delay type                Incr(ns)  Path(ns)    Netlist Resource(s)
  -------------------------------------------------------------------    -------------------
                         (clock sys_clk rise edge)    0.000     0.000 r  
    H9                                                0.000     0.000 r  clk (IN)
                         net (fo=0)                   0.000     0.000    clk_IBUF_inst/I
    H9                   INBUF (Prop_INBUF_HPIOB_M_PAD_O)
                                                      0.548     0.548 r  clk_IBUF_inst/INBUF_INST/O
                         net (fo=1, routed)           0.000     0.548    clk_IBUF_inst/OUT
    H9                   IBUFCTRL (Prop_IBUFCTRL_HPIOB_M_I_O)
                                                      0.000     0.548 r  clk_IBUF_inst/IBUFCTRL_INST/O
                         net (fo=1, estimated)        0.319     0.867    clk_IBUF
    BUFGCE_X1Y120        BUFGCE (Prop_BUFCE_BUFGCE_I_O)
                                                      0.028     0.895 r  clk_IBUF_BUFG_inst/O
    X2Y2 (CLOCK_ROOT)    net (fo=60431, estimated)    2.331     3.226    cb4/clk_IBUF_BUFG
    SLICE_X78Y156        FDRE                                         r  cb4/pool_data_reg[2]/C
  -------------------------------------------------------------------    -------------------
    SLICE_X78Y156        FDRE (Prop_AFF_SLICEM_C_Q)
                                                      0.077     3.303 r  cb4/pool_data_reg[2]/Q
                         net (fo=7, estimated)        0.117     3.420    cb4/CONV_F[26].cl_inst/booth_macs[6].bm/Q[2]
    SLICE_X78Y155        LUT4 (Prop_B6LUT_SLICEM_I1_O)
                                                      0.089     3.509 r  cb4/CONV_F[26].cl_inst/booth_macs[6].bm/tap_cur[1][7]_i_433/O
                         net (fo=1, routed)           0.016     3.525    cb4/CONV_F[26].cl_inst/booth_macs[6].bm/tap_cur[1][7]_i_433_n_0
    SLICE_X78Y155        CARRY8 (Prop_CARRY8_SLICEM_S[1]_CO[3])
                                                      0.184     3.709 r  cb4/CONV_F[26].cl_inst/booth_macs[6].bm/tap_cur_reg[1][7]_i_424/CO[3]
                         net (fo=26, estimated)       0.190     3.899    cb4/CONV_F[26].cl_inst/booth_macs[6].bm/tap_cur_reg[1][7]_i_424_n_4
    SLICE_X76Y155        LUT3 (Prop_A6LUT_SLICEL_I2_O)
                                                      0.035     3.934 f  cb4/CONV_F[26].cl_inst/booth_macs[6].bm/tap_cur[1][7]_i_426/O
                         net (fo=4, estimated)        0.117     4.051    cb4/CONV_F[26].cl_inst/booth_macs[6].bm/tap_cur[1][7]_i_426_n_0
    SLICE_X78Y154        LUT6 (Prop_H6LUT_SLICEM_I4_O)
                                                      0.039     4.090 r  cb4/CONV_F[26].cl_inst/booth_macs[6].bm/tap_cur[1][7]_i_419/O
                         net (fo=1, estimated)        0.141     4.231    cb4/CONV_F[26].cl_inst/booth_macs[6].bm/tap_cur[1][7]_i_419_n_0
    SLICE_X77Y155        CARRY8 (Prop_CARRY8_SLICEL_DI[0]_CO[3])
                                                      0.180     4.411 r  cb4/CONV_F[26].cl_inst/booth_macs[6].bm/tap_cur_reg[1][7]_i_398/CO[3]
                         net (fo=8, estimated)        0.206     4.617    cb4/CONV_F[26].cl_inst/booth_macs[6].bm/mr4/p_0_in
    SLICE_X78Y153        LUT5 (Prop_D6LUT_SLICEM_I1_O)
                                                      0.037     4.654 r  cb4/CONV_F[26].cl_inst/booth_macs[6].bm/tap_cur[1][3]_i_16/O
                         net (fo=1, routed)           0.025     4.679    cb4/CONV_F[26].cl_inst/booth_macs[6].bm/tap_cur[1][3]_i_16_n_0
    SLICE_X78Y153        MUXF7 (Prop_F7MUX_CD_SLICEM_I0_O)
                                                      0.069     4.748 r  cb4/CONV_F[26].cl_inst/booth_macs[6].bm/tap_cur_reg[1][3]_i_15/O
                         net (fo=5, estimated)        0.208     4.956    cb4/CONV_F[26].cl_inst/booth_macs[6].bm/tap_cur_reg[1][3]_i_15_n_0
    SLICE_X79Y154        LUT4 (Prop_B6LUT_SLICEM_I3_O)
                                                      0.089     5.045 r  cb4/CONV_F[26].cl_inst/booth_macs[6].bm/tap_cur[1][7]_i_394/O
                         net (fo=1, routed)           0.016     5.061    cb4/CONV_F[26].cl_inst/booth_macs[6].bm/tap_cur[1][7]_i_394_n_0
    SLICE_X79Y154        CARRY8 (Prop_CARRY8_SLICEM_S[1]_CO[3])
                                                      0.184     5.245 r  cb4/CONV_F[26].cl_inst/booth_macs[6].bm/tap_cur_reg[1][7]_i_370/CO[3]
                         net (fo=8, estimated)        0.198     5.443    cb4/CONV_F[26].cl_inst/booth_macs[6].bm/tap_cur_reg[1][7]_i_370_n_4
    SLICE_X80Y154        LUT6 (Prop_A6LUT_SLICEL_I4_O)
                                                      0.050     5.493 r  cb4/CONV_F[26].cl_inst/booth_macs[6].bm/tap_cur[1][0]_i_14/O
                         net (fo=5, estimated)        0.159     5.652    cb4/CONV_F[26].cl_inst/booth_macs[6].bm/tap_cur[1][0]_i_14_n_0
    SLICE_X81Y153        LUT4 (Prop_A6LUT_SLICEM_I1_O)
                                                      0.090     5.742 r  cb4/CONV_F[26].cl_inst/booth_macs[6].bm/tap_cur[1][7]_i_359/O
                         net (fo=1, routed)           0.013     5.755    cb4/CONV_F[26].cl_inst/booth_macs[6].bm/tap_cur[1][7]_i_359_n_0
    SLICE_X81Y153        CARRY8 (Prop_CARRY8_SLICEM_S[0]_CO[3])
                                                      0.186     5.941 r  cb4/CONV_F[26].cl_inst/booth_macs[6].bm/tap_cur_reg[1][7]_i_341/CO[3]
                         net (fo=8, estimated)        0.247     6.188    cb4/CONV_F[26].cl_inst/booth_macs[6].bm/tap_cur_reg[1][7]_i_341_n_4
    SLICE_X82Y153        LUT6 (Prop_E6LUT_SLICEL_I2_O)
                                                      0.051     6.239 r  cb4/CONV_F[26].cl_inst/booth_macs[6].bm/tap_cur[1][3]_i_13/O
                         net (fo=5, estimated)        0.171     6.410    cb4/CONV_F[26].cl_inst/booth_macs[6].bm/tap_cur[1][3]_i_13_n_0
    SLICE_X84Y153        LUT4 (Prop_B6LUT_SLICEM_I3_O)
                                                      0.089     6.499 r  cb4/CONV_F[26].cl_inst/booth_macs[6].bm/tap_cur[1][7]_i_338/O
                         net (fo=1, routed)           0.016     6.515    cb4/CONV_F[26].cl_inst/booth_macs[6].bm/tap_cur[1][7]_i_338_n_0
    SLICE_X84Y153        CARRY8 (Prop_CARRY8_SLICEM_S[1]_CO[3])
                                                      0.184     6.699 r  cb4/CONV_F[26].cl_inst/booth_macs[6].bm/tap_cur_reg[1][7]_i_314/CO[3]
                         net (fo=8, estimated)        0.250     6.949    cb4/CONV_F[26].cl_inst/booth_macs[6].bm/tap_cur_reg[1][7]_i_314_n_4
    SLICE_X84Y148        LUT6 (Prop_A6LUT_SLICEM_I4_O)
                                                      0.090     7.039 r  cb4/CONV_F[26].cl_inst/booth_macs[6].bm/tap_cur[1][1]_i_12/O
                         net (fo=6, estimated)        0.112     7.151    cb4/CONV_F[26].cl_inst/booth_macs[6].bm/pool_data_reg[65]
    SLICE_X85Y148        LUT4 (Prop_A6LUT_SLICEL_I3_O)
                                                      0.090     7.241 r  cb4/CONV_F[26].cl_inst/booth_macs[6].bm/tap_cur[1][7]_i_303/O
                         net (fo=1, routed)           0.009     7.250    cb4/CONV_F[26].cl_inst/booth_macs[6].bm/tap_cur[1][7]_i_303_n_0
    SLICE_X85Y148        CARRY8 (Prop_CARRY8_SLICEL_S[0]_CO[3])
                                                      0.184     7.434 r  cb4/CONV_F[26].cl_inst/booth_macs[6].bm/tap_cur_reg[1][7]_i_283/CO[3]
                         net (fo=14, estimated)       0.211     7.645    cb4/CONV_F[26].cl_inst/booth_macs[6].bm/pool_data_reg[86][0]
    SLICE_X84Y146        LUT6 (Prop_E6LUT_SLICEM_I2_O)
                                                      0.052     7.697 r  cb4/CONV_F[26].cl_inst/booth_macs[6].bm/tap_cur[1][1]_i_11/O
                         net (fo=5, estimated)        0.205     7.902    cb4/CONV_F[26].cl_inst/booth_macs[6].bm/tap_cur[1][1]_i_11_n_0
    SLICE_X86Y147        LUT4 (Prop_A6LUT_SLICEM_I3_O)
                                                      0.090     7.992 r  cb4/CONV_F[26].cl_inst/booth_macs[6].bm/tap_cur[1][7]_i_281/O
                         net (fo=1, routed)           0.013     8.005    cb4/CONV_F[26].cl_inst/booth_macs[6].bm/tap_cur[1][7]_i_281_n_0
    SLICE_X86Y147        CARRY8 (Prop_CARRY8_SLICEM_S[0]_CO[3])
                                                      0.186     8.191 r  cb4/CONV_F[26].cl_inst/booth_macs[6].bm/tap_cur_reg[1][7]_i_256/CO[3]
                         net (fo=12, estimated)       0.214     8.405    cb4/CONV_F[26].cl_inst/booth_macs[6].bm/pool_data_reg[110]_0[0]
    SLICE_X85Y145        LUT6 (Prop_D6LUT_SLICEL_I0_O)
                                                      0.036     8.441 r  cb4/CONV_F[26].cl_inst/booth_macs[6].bm/tap_cur[1][4]_i_11/O
                         net (fo=1, routed)           0.009     8.450    cb4/CONV_F[26].cl_inst/booth_macs[6].bm/tap_cur[1][4]_i_11_n_0
    SLICE_X85Y145        MUXF7 (Prop_F7MUX_CD_SLICEL_I0_O)
                                                      0.063     8.513 r  cb4/CONV_F[26].cl_inst/booth_macs[6].bm/tap_cur_reg[1][4]_i_10/O
                         net (fo=5, estimated)        0.193     8.706    cb4/CONV_F[26].cl_inst/booth_macs[6].bm/tap_cur_reg[1][4]_i_10_n_0
    SLICE_X84Y143        LUT4 (Prop_C6LUT_SLICEM_I1_O)
                                                      0.088     8.794 r  cb4/CONV_F[26].cl_inst/booth_macs[6].bm/tap_cur[1][7]_i_251/O
                         net (fo=1, routed)           0.021     8.815    cb4/CONV_F[26].cl_inst/booth_macs[6].bm/tap_cur[1][7]_i_251_n_0
    SLICE_X84Y143        CARRY8 (Prop_CARRY8_SLICEM_S[2]_CO[3])
                                                      0.148     8.963 r  cb4/CONV_F[26].cl_inst/booth_macs[6].bm/tap_cur_reg[1][7]_i_228/CO[3]
                         net (fo=12, estimated)       0.203     9.166    cb4/CONV_F[26].cl_inst/booth_macs[6].bm/pool_data_reg[126][0]
    SLICE_X84Y142        LUT6 (Prop_E6LUT_SLICEM_I4_O)
                                                      0.091     9.257 r  cb4/CONV_F[26].cl_inst/booth_macs[6].bm/tap_cur[1][2]_i_9/O
                         net (fo=5, estimated)        0.155     9.412    cb4/CONV_F[26].cl_inst/booth_macs[6].bm/tap_cur[1][2]_i_9_n_0
    SLICE_X85Y141        LUT4 (Prop_B6LUT_SLICEL_I1_O)
                                                      0.090     9.502 r  cb4/CONV_F[26].cl_inst/booth_macs[6].bm/tap_cur[1][7]_i_216/O
                         net (fo=1, routed)           0.009     9.511    cb4/CONV_F[26].cl_inst/booth_macs[6].bm/tap_cur[1][7]_i_216_n_0
    SLICE_X85Y141        CARRY8 (Prop_CARRY8_SLICEL_S[1]_CO[3])
                                                      0.180     9.691 r  cb4/CONV_F[26].cl_inst/booth_macs[6].bm/tap_cur_reg[1][7]_i_199/CO[3]
                         net (fo=12, estimated)       0.262     9.953    cb4/CONV_F[26].cl_inst/booth_macs[6].bm/pool_data_reg[134][0]
    SLICE_X83Y140        LUT6 (Prop_C6LUT_SLICEM_I2_O)
                                                      0.037     9.990 r  cb4/CONV_F[26].cl_inst/booth_macs[6].bm/tap_cur[1][0]_i_8/O
                         net (fo=5, estimated)        0.159    10.149    cb4/CONV_F[26].cl_inst/booth_macs[6].bm/tap_cur[1][0]_i_8_n_0
    SLICE_X82Y141        LUT4 (Prop_A6LUT_SLICEL_I1_O)
                                                      0.090    10.239 r  cb4/CONV_F[26].cl_inst/booth_macs[6].bm/tap_cur[1][7]_i_189/O
                         net (fo=1, routed)           0.009    10.248    cb4/CONV_F[26].cl_inst/booth_macs[6].bm/tap_cur[1][7]_i_189_n_0
    SLICE_X82Y141        CARRY8 (Prop_CARRY8_SLICEL_S[0]_CO[3])
                                                      0.184    10.432 r  cb4/CONV_F[26].cl_inst/booth_macs[6].bm/tap_cur_reg[1][7]_i_171/CO[3]
                         net (fo=12, estimated)       0.205    10.637    cb4/CONV_F[26].cl_inst/booth_macs[6].bm/pool_data_reg[150]_0[0]
    SLICE_X81Y140        LUT6 (Prop_A6LUT_SLICEM_I2_O)
                                                      0.090    10.727 r  cb4/CONV_F[26].cl_inst/booth_macs[6].bm/tap_cur[1][0]_i_7/O
                         net (fo=5, estimated)        0.109    10.836    cb4/CONV_F[26].cl_inst/booth_macs[6].bm/tap_cur[1][0]_i_7_n_0
    SLICE_X81Y139        LUT4 (Prop_A6LUT_SLICEM_I1_O)
                                                      0.090    10.926 r  cb4/CONV_F[26].cl_inst/booth_macs[6].bm/tap_cur[1][7]_i_161/O
                         net (fo=1, routed)           0.013    10.939    cb4/CONV_F[26].cl_inst/booth_macs[6].bm/tap_cur[1][7]_i_161_n_0
    SLICE_X81Y139        CARRY8 (Prop_CARRY8_SLICEM_S[0]_CO[3])
                                                      0.186    11.125 r  cb4/CONV_F[26].cl_inst/booth_macs[6].bm/tap_cur_reg[1][7]_i_143/CO[3]
                         net (fo=12, estimated)       0.211    11.336    cb4/CONV_F[26].cl_inst/booth_macs[6].bm/pool_data_reg[166][0]
    SLICE_X81Y138        LUT6 (Prop_G6LUT_SLICEM_I2_O)
                                                      0.090    11.426 r  cb4/CONV_F[26].cl_inst/booth_macs[6].bm/tap_cur[1][6]_i_6/O
                         net (fo=5, estimated)        0.161    11.587    cb4/CONV_F[26].cl_inst/booth_macs[6].bm/tap_cur[1][6]_i_6_n_0
    SLICE_X79Y138        LUT4 (Prop_D6LUT_SLICEM_I1_O)
                                                      0.088    11.675 r  cb4/CONV_F[26].cl_inst/booth_macs[6].bm/tap_cur[1][7]_i_138/O
                         net (fo=1, routed)           0.025    11.700    cb4/CONV_F[26].cl_inst/booth_macs[6].bm/tap_cur[1][7]_i_138_n_0
    SLICE_X79Y138        CARRY8 (Prop_CARRY8_SLICEM_S[3]_CO[3])
                                                      0.133    11.833 r  cb4/CONV_F[26].cl_inst/booth_macs[6].bm/tap_cur_reg[1][7]_i_116/CO[3]
                         net (fo=12, estimated)       0.206    12.039    cb4/CONV_F[26].cl_inst/booth_macs[6].bm/pool_data_reg[190][0]
    SLICE_X80Y138        LUT6 (Prop_D6LUT_SLICEL_I4_O)
                                                      0.050    12.089 r  cb4/CONV_F[26].cl_inst/booth_macs[6].bm/tap_cur[1][2]_i_5/O
                         net (fo=5, estimated)        0.160    12.249    cb4/CONV_F[26].cl_inst/booth_macs[6].bm/tap_cur[1][2]_i_5_n_0
    SLICE_X80Y136        LUT4 (Prop_B6LUT_SLICEL_I1_O)
                                                      0.051    12.300 r  cb4/CONV_F[26].cl_inst/booth_macs[6].bm/tap_cur[1][7]_i_104/O
                         net (fo=1, routed)           0.009    12.309    cb4/CONV_F[26].cl_inst/booth_macs[6].bm/tap_cur[1][7]_i_104_n_0
    SLICE_X80Y136        CARRY8 (Prop_CARRY8_SLICEL_S[1]_CO[3])
                                                      0.180    12.489 r  cb4/CONV_F[26].cl_inst/booth_macs[6].bm/tap_cur_reg[1][7]_i_87/CO[3]
                         net (fo=12, estimated)       0.204    12.693    cb4/CONV_F[26].cl_inst/booth_macs[6].bm/pool_data_reg[198][0]
    SLICE_X79Y136        LUT6 (Prop_D6LUT_SLICEM_I2_O)
                                                      0.051    12.744 r  cb4/CONV_F[26].cl_inst/booth_macs[6].bm/tap_cur[1][1]_i_4/O
                         net (fo=5, estimated)        0.216    12.960    cb4/CONV_F[26].cl_inst/booth_macs[6].bm/tap_cur[1][1]_i_4_n_0
    SLICE_X79Y132        LUT4 (Prop_A6LUT_SLICEM_I3_O)
                                                      0.053    13.013 r  cb4/CONV_F[26].cl_inst/booth_macs[6].bm/tap_cur[1][7]_i_85/O
                         net (fo=1, routed)           0.013    13.026    cb4/CONV_F[26].cl_inst/booth_macs[6].bm/tap_cur[1][7]_i_85_n_0
    SLICE_X79Y132        CARRY8 (Prop_CARRY8_SLICEM_S[0]_CO[3])
                                                      0.186    13.212 r  cb4/CONV_F[26].cl_inst/booth_macs[6].bm/tap_cur_reg[1][7]_i_60/CO[3]
                         net (fo=12, estimated)       0.212    13.424    cb4/CONV_F[26].cl_inst/booth_macs[6].bm/pool_data_reg[222][0]
    SLICE_X79Y132        LUT6 (Prop_E6LUT_SLICEM_I4_O)
                                                      0.052    13.476 r  cb4/CONV_F[26].cl_inst/booth_macs[6].bm/tap_cur[1][1]_i_3/O
                         net (fo=5, estimated)        0.118    13.594    cb4/CONV_F[26].cl_inst/booth_macs[6].bm/tap_cur[1][1]_i_3_n_0
    SLICE_X79Y130        LUT4 (Prop_A6LUT_SLICEM_I3_O)
                                                      0.090    13.684 r  cb4/CONV_F[26].cl_inst/booth_macs[6].bm/tap_cur[1][7]_i_49/O
                         net (fo=1, routed)           0.013    13.697    cb4/CONV_F[26].cl_inst/booth_macs[6].bm/tap_cur[1][7]_i_49_n_0
    SLICE_X79Y130        CARRY8 (Prop_CARRY8_SLICEM_S[0]_CO[3])
                                                      0.186    13.883 r  cb4/CONV_F[26].cl_inst/booth_macs[6].bm/tap_cur_reg[1][7]_i_31/CO[3]
                         net (fo=12, estimated)       0.261    14.144    cb4/CONV_F[26].cl_inst/booth_macs[6].bm/pool_data_reg[230][0]
    SLICE_X80Y128        LUT6 (Prop_E6LUT_SLICEL_I2_O)
                                                      0.035    14.179 r  cb4/CONV_F[26].cl_inst/booth_macs[6].bm/tap_cur[1][0]_i_2/O
                         net (fo=8, estimated)        0.121    14.300    cb4/CONV_F[26].cl_inst/booth_macs[6].bm/pool_data_reg[224]
    SLICE_X80Y128        LUT4 (Prop_A6LUT_SLICEL_I1_O)
                                                      0.090    14.390 r  cb4/CONV_F[26].cl_inst/booth_macs[6].bm/tap_cur[1][7]_i_29/O
                         net (fo=1, routed)           0.009    14.399    cb4/CONV_F[26].cl_inst/booth_macs[6].bm/tap_cur[1][7]_i_29_n_0
    SLICE_X80Y128        CARRY8 (Prop_CARRY8_SLICEL_S[0]_CO[3])
                                                      0.184    14.583 r  cb4/CONV_F[26].cl_inst/booth_macs[6].bm/tap_cur_reg[1][7]_i_4/CO[3]
                         net (fo=39, estimated)       0.235    14.818    cb4/CONV_F[26].cl_inst_n_27
    SLICE_X79Y126        LUT6 (Prop_A6LUT_SLICEM_I4_O)
                                                      0.038    14.856 f  cb4/tap_cur[1][2]_i_1__0/O
                         net (fo=50, estimated)       0.703    15.559    cb5/CONV_F[34].cl_inst/booth_macs[8].bm/product_dsp/A[2]
    DSP48E2_X8Y36        DSP_A_B_DATA (Prop_DSP_A_B_DATA_DSP48E2_A[2]_A2_DATA[2])
                                                      0.192    15.751 r  cb5/CONV_F[34].cl_inst/booth_macs[8].bm/product_dsp/DSP_A_B_DATA_INST/A2_DATA[2]
                         net (fo=1, routed)           0.000    15.751    cb5/CONV_F[34].cl_inst/booth_macs[8].bm/product_dsp/DSP_A_B_DATA.A2_DATA<2>
    DSP48E2_X8Y36        DSP_PREADD_DATA (Prop_DSP_PREADD_DATA_DSP48E2_A2_DATA[2]_A2A1[2])
                                                      0.076    15.827 r  cb5/CONV_F[34].cl_inst/booth_macs[8].bm/product_dsp/DSP_PREADD_DATA_INST/A2A1[2]
                         net (fo=1, routed)           0.000    15.827    cb5/CONV_F[34].cl_inst/booth_macs[8].bm/product_dsp/DSP_PREADD_DATA.A2A1<2>
    DSP48E2_X8Y36        DSP_MULTIPLIER (Prop_DSP_MULTIPLIER_DSP48E2_A2A1[2]_U[6])
                                                      0.505    16.332 f  cb5/CONV_F[34].cl_inst/booth_macs[8].bm/product_dsp/DSP_MULTIPLIER_INST/U[6]
                         net (fo=1, routed)           0.000    16.332    cb5/CONV_F[34].cl_inst/booth_macs[8].bm/product_dsp/DSP_MULTIPLIER.U<6>
    DSP48E2_X8Y36        DSP_M_DATA (Prop_DSP_M_DATA_DSP48E2_U[6]_U_DATA[6])
                                                      0.047    16.379 r  cb5/CONV_F[34].cl_inst/booth_macs[8].bm/product_dsp/DSP_M_DATA_INST/U_DATA[6]
                         net (fo=1, routed)           0.000    16.379    cb5/CONV_F[34].cl_inst/booth_macs[8].bm/product_dsp/DSP_M_DATA.U_DATA<6>
    DSP48E2_X8Y36        DSP_ALU (Prop_DSP_ALU_DSP48E2_U_DATA[6]_ALU_OUT[6])
                                                      0.585    16.964 f  cb5/CONV_F[34].cl_inst/booth_macs[8].bm/product_dsp/DSP_ALU_INST/ALU_OUT[6]
                         net (fo=1, routed)           0.000    16.964    cb5/CONV_F[34].cl_inst/booth_macs[8].bm/product_dsp/DSP_ALU.ALU_OUT<6>
    DSP48E2_X8Y36        DSP_OUTPUT (Prop_DSP_OUTPUT_DSP48E2_ALU_OUT[6]_P[6])
                                                      0.109    17.073 r  cb5/CONV_F[34].cl_inst/booth_macs[8].bm/product_dsp/DSP_OUTPUT_INST/P[6]
                         net (fo=8, estimated)        0.410    17.483    cb5/CONV_F[30].cl_inst/booth_macs[0].bm/sum__0_carry__0_1[6]
    SLICE_X70Y81         LUT3 (Prop_G5LUT_SLICEM_I1_O)
                                                      0.099    17.582 r  cb5/CONV_F[30].cl_inst/booth_macs[0].bm/sum__0_carry_i_1__12/O
                         net (fo=2, estimated)        0.219    17.801    cb5/CONV_F[30].cl_inst/booth_macs[0].bm/DSP_OUTPUT_INST[6]
    SLICE_X70Y81         LUT4 (Prop_H6LUT_SLICEM_I3_O)
                                                      0.053    17.854 r  cb5/CONV_F[30].cl_inst/booth_macs[0].bm/sum__0_carry_i_8__12/O
                         net (fo=1, routed)           0.015    17.869    cb5/CONV_F[30].cl_inst/booth_macs[0].bm_n_44
    SLICE_X70Y81         CARRY8 (Prop_CARRY8_SLICEM_S[7]_CO[7])
                                                      0.117    17.986 r  cb5/CONV_F[30].cl_inst/sum__0_carry/CO[7]
                         net (fo=1, estimated)        0.026    18.012    cb5/CONV_F[30].cl_inst/sum__0_carry_n_0
    SLICE_X70Y82         CARRY8 (Prop_CARRY8_SLICEM_CI_O[0])
                                                      0.056    18.068 r  cb5/CONV_F[30].cl_inst/sum__0_carry__0/O[0]
                         net (fo=2, estimated)        0.249    18.317    cb5/CONV_F[30].cl_inst/booth_macs[0].bm/sum__103_carry__0[0]
    SLICE_X70Y79         LUT3 (Prop_A5LUT_SLICEM_I0_O)
                                                      0.100    18.417 r  cb5/CONV_F[30].cl_inst/booth_macs[0].bm/sum__103_carry__0_i_5/O
                         net (fo=2, estimated)        0.216    18.633    cb5/CONV_F[30].cl_inst/booth_macs[0].bm/sum__36_carry__0[0]
    SLICE_X70Y79         LUT4 (Prop_B6LUT_SLICEM_I3_O)
                                                      0.052    18.685 r  cb5/CONV_F[30].cl_inst/booth_macs[0].bm/sum__103_carry__0_i_13/O
                         net (fo=1, routed)           0.016    18.701    cb5/CONV_F[30].cl_inst/booth_macs[0].bm_n_53
    SLICE_X70Y79         CARRY8 (Prop_CARRY8_SLICEM_S[1]_CO[7])
                                                      0.190    18.891 r  cb5/CONV_F[30].cl_inst/sum__103_carry__0/CO[7]
                         net (fo=1, estimated)        0.026    18.917    cb5/CONV_F[30].cl_inst/sum__103_carry__0_n_0
    SLICE_X70Y80         CARRY8 (Prop_CARRY8_SLICEM_CI_O[0])
                                                      0.056    18.973 r  cb5/CONV_F[30].cl_inst/sum__103_carry__1/O[0]
                         net (fo=4, estimated)        0.245    19.218    cb5/CONV_F[30].cl_inst/booth_macs[0].bm/O[0]
    SLICE_X69Y78         LUT2 (Prop_B6LUT_SLICEL_I1_O)
                                                      0.090    19.308 r  cb5/CONV_F[30].cl_inst/booth_macs[0].bm/sat_val2_carry_i_5__16/O
                         net (fo=1, routed)           0.009    19.317    cb5/CONV_F[30].cl_inst/booth_macs[0].bm_n_43
    SLICE_X69Y78         CARRY8 (Prop_CARRY8_SLICEL_S[1]_CO[2])
                                                      0.095    19.412 f  cb5/CONV_F[30].cl_inst/sat_val2_carry/CO[2]
                         net (fo=16, estimated)       0.293    19.705    cb5/CONV_F[30].cl_inst/booth_macs[0].bm/feature_map_out_reg[14][0]
    SLICE_X68Y78         LUT4 (Prop_D6LUT_SLICEL_I2_O)
                                                      0.036    19.741 r  cb5/CONV_F[30].cl_inst/booth_macs[0].bm/feature_map_out[4]_i_1__16/O
                         net (fo=1, routed)           0.049    19.790    cb5/CONV_F[30].cl_inst/booth_macs[0].bm_n_30
    SLICE_X68Y78         FDRE                                         r  cb5/CONV_F[30].cl_inst/feature_map_out_reg[4]/D
  -------------------------------------------------------------------    -------------------

                         (clock sys_clk rise edge)   10.000    10.000 r  
    H9                                                0.000    10.000 r  clk (IN)
                         net (fo=0)                   0.000    10.000    clk_IBUF_inst/I
    H9                   INBUF (Prop_INBUF_HPIOB_M_PAD_O)
                                                      0.297    10.297 r  clk_IBUF_inst/INBUF_INST/O
                         net (fo=1, routed)           0.000    10.297    clk_IBUF_inst/OUT
    H9                   IBUFCTRL (Prop_IBUFCTRL_HPIOB_M_I_O)
                                                      0.000    10.297 r  clk_IBUF_inst/IBUFCTRL_INST/O
                         net (fo=1, estimated)        0.283    10.580    clk_IBUF
    BUFGCE_X1Y120        BUFGCE (Prop_BUFCE_BUFGCE_I_O)
                                                      0.024    10.604 r  clk_IBUF_BUFG_inst/O
    X2Y2 (CLOCK_ROOT)    net (fo=60431, estimated)    2.052    12.656    cb5/CONV_F[30].cl_inst/clk_IBUF_BUFG
    SLICE_X68Y78         FDRE                                         r  cb5/CONV_F[30].cl_inst/feature_map_out_reg[4]/C
                         clock pessimism              0.398    13.055    
                         clock uncertainty           -0.035    13.019    
    SLICE_X68Y78         FDRE (Setup_DFF_SLICEL_C_D)
                                                      0.025    13.044    cb5/CONV_F[30].cl_inst/feature_map_out_reg[4]
  -------------------------------------------------------------------
                         required time                         13.044    
                         arrival time                         -19.790    
  -------------------------------------------------------------------
                         slack                                 -6.745    





Min Delay Paths
--------------------------------------------------------------------------------------
Slack (VIOLATED) :        -0.145ns  (arrival time - required time)
  Source:                 cb2/CONV_F_r_2902/C
                            (rising edge-triggered cell FDRE clocked by sys_clk  {rise@0.000ns fall@5.000ns period=10.000ns})
  Destination:            cb2/CONV_F_r_2903/D
                            (rising edge-triggered cell FDRE clocked by sys_clk  {rise@0.000ns fall@5.000ns period=10.000ns})
  Path Group:             sys_clk
  Path Type:              Hold (Min at Slow Process Corner)
  Requirement:            0.000ns  (sys_clk rise@0.000ns - sys_clk rise@0.000ns)
  Data Path Delay:        0.142ns  (logic 0.059ns (41.549%)  route 0.083ns (58.451%))
  Logic Levels:           0  
  Clock Path Skew:        0.227ns (DCD - SCD - CPR)
    Destination Clock Delay (DCD):    3.449ns
    Source Clock Delay      (SCD):    2.819ns
    Clock Pessimism Removal (CPR):    0.402ns
  Clock Net Delay (Source):      2.215ns (routing 1.059ns, distribution 1.156ns)
  Clock Net Delay (Destination): 2.554ns (routing 1.167ns, distribution 1.387ns)

    Location             Delay type                Incr(ns)  Path(ns)    Netlist Resource(s)
  -------------------------------------------------------------------    -------------------
                         (clock sys_clk rise edge)    0.000     0.000 r  
    H9                                                0.000     0.000 r  clk (IN)
                         net (fo=0)                   0.000     0.000    clk_IBUF_inst/I
    H9                   INBUF (Prop_INBUF_HPIOB_M_PAD_O)
                                                      0.297     0.297 r  clk_IBUF_inst/INBUF_INST/O
                         net (fo=1, routed)           0.000     0.297    clk_IBUF_inst/OUT
    H9                   IBUFCTRL (Prop_IBUFCTRL_HPIOB_M_I_O)
                                                      0.000     0.297 r  clk_IBUF_inst/IBUFCTRL_INST/O
                         net (fo=1, estimated)        0.283     0.580    clk_IBUF
    BUFGCE_X1Y120        BUFGCE (Prop_BUFCE_BUFGCE_I_O)
                                                      0.024     0.604 r  clk_IBUF_BUFG_inst/O
    X2Y2 (CLOCK_ROOT)    net (fo=60431, estimated)    2.215     2.819    cb2/clk_IBUF_BUFG
    SLICE_X58Y239        FDRE                                         r  cb2/CONV_F_r_2902/C
  -------------------------------------------------------------------    -------------------
    SLICE_X58Y239        FDRE (Prop_HFF2_SLICEL_C_Q)
                                                      0.059     2.878 r  cb2/CONV_F_r_2902/Q
                         net (fo=1, estimated)        0.083     2.961    cb2/CONV_F_r_2902_n_0
    SLICE_X58Y240        FDRE                                         r  cb2/CONV_F_r_2903/D
  -------------------------------------------------------------------    -------------------

                         (clock sys_clk rise edge)    0.000     0.000 r  
    H9                                                0.000     0.000 r  clk (IN)
                         net (fo=0)                   0.000     0.000    clk_IBUF_inst/I
    H9                   INBUF (Prop_INBUF_HPIOB_M_PAD_O)
                                                      0.548     0.548 r  clk_IBUF_inst/INBUF_INST/O
                         net (fo=1, routed)           0.000     0.548    clk_IBUF_inst/OUT
    H9                   IBUFCTRL (Prop_IBUFCTRL_HPIOB_M_I_O)
                                                      0.000     0.548 r  clk_IBUF_inst/IBUFCTRL_INST/O
                         net (fo=1, estimated)        0.319     0.867    clk_IBUF
    BUFGCE_X1Y120        BUFGCE (Prop_BUFCE_BUFGCE_I_O)
                                                      0.028     0.895 r  clk_IBUF_BUFG_inst/O
    X2Y2 (CLOCK_ROOT)    net (fo=60431, estimated)    2.554     3.449    cb2/clk_IBUF_BUFG
    SLICE_X58Y240        FDRE                                         r  cb2/CONV_F_r_2903/C
                         clock pessimism             -0.402     3.046    
    SLICE_X58Y240        FDRE (Hold_EFF_SLICEL_C_D)
                                                      0.060     3.106    cb2/CONV_F_r_2903
  -------------------------------------------------------------------
                         required time                         -3.106    
                         arrival time                           2.961    
  -------------------------------------------------------------------
                         slack                                 -0.145    





Pulse Width Checks
--------------------------------------------------------------------------------------
Clock Name:         sys_clk
Waveform(ns):       { 0.000 5.000 }
Period(ns):         10.000
Sources:            { clk }

Check Type        Corner  Lib Pin      Reference Pin  Required(ns)  Actual(ns)  Slack(ns)  Location       Pin
Min Period        n/a     BUFGCE/I     n/a            1.290         10.000      8.710      BUFGCE_X1Y120  clk_IBUF_BUFG_inst/I
Low Pulse Width   Slow    SRLC32E/CLK  n/a            0.532         5.000       4.468      SLICE_X11Y317  cb1/CONV_F[0].cl_inst/delay1_reg[1023][0]_srl32___cb1_CONV_F_r_1022/CLK
High Pulse Width  Slow    SRLC32E/CLK  n/a            0.532         5.000       4.468      SLICE_X11Y317  cb1/CONV_F[0].cl_inst/delay1_reg[1023][0]_srl32___cb1_CONV_F_r_1022/CLK



