Copyright 1986-2022 Xilinx, Inc. All Rights Reserved. Copyright 2022-2025 Advanced Micro Devices, Inc. All Rights Reserved.
--------------------------------------------------------------------------------------------------------------------------------------------------
| Tool Version      : Vivado v.2025.2 (win64) Build 6299465 Fri Nov 14 19:35:11 GMT 2025
| Date              : Sat Mar 14 18:10:22 2026
| Host              : MSI running 64-bit major release  (build 9200)
| Command           : report_timing_summary -file syn/reports/timing_place.rpt
| Design            : simple_cnn
| Device            : xczu7ev-ffvc1156
| Speed File        : -2  PRODUCTION 1.30 05-15-2022
| Design State      : Fully Placed
| Temperature Grade : E
--------------------------------------------------------------------------------------------------------------------------------------------------

Timing Summary Report

------------------------------------------------------------------------------------------------
| Timer Settings
| --------------
------------------------------------------------------------------------------------------------

  Enable Multi Corner Analysis               :  Yes
  Enable Pessimism Removal                   :  Yes
  Pessimism Removal Resolution               :  Nearest Common Node
  Enable Input Delay Default Clock           :  No
  Enable Preset / Clear Arcs                 :  No
  Disable Flight Delays                      :  No
  Ignore I/O Paths                           :  No
  Timing Early Launch at Borrowing Latches   :  No
  Borrow Time for Max Delay Exceptions       :  Yes
  Merge Timing Exceptions                    :  Yes
  Inter-SLR Compensation                     :  Conservative

  Corner  Analyze    Analyze    
  Name    Max Paths  Min Paths  
  ------  ---------  ---------  
  Slow    Yes        Yes        
  Fast    Yes        Yes        


------------------------------------------------------------------------------------------------
| Report Methodology
| ------------------
------------------------------------------------------------------------------------------------

No report available as report_methodology has not been run prior. Run report_methodology on the current design for the summary of methodology violations.



check_timing report

Table of Contents
-----------------
1. checking no_clock (0)
2. checking constant_clock (0)
3. checking pulse_width_clock (0)
4. checking unconstrained_internal_endpoints (0)
5. checking no_input_delay (10)
6. checking no_output_delay (9)
7. checking multiple_clock (0)
8. checking generated_clocks (0)
9. checking loops (0)
10. checking partial_input_delay (0)
11. checking partial_output_delay (0)
12. checking latch_loops (0)

1. checking no_clock (0)
------------------------
 There are 0 register/latch pins with no clock.


2. checking constant_clock (0)
------------------------------
 There are 0 register/latch pins with constant_clock.


3. checking pulse_width_clock (0)
---------------------------------
 There are 0 register/latch pins which need pulse_width check


4. checking unconstrained_internal_endpoints (0)
------------------------------------------------
 There are 0 pins that are not constrained for maximum delay.

 There are 0 pins that are not constrained for maximum delay due to constant clock.


5. checking no_input_delay (10)
-------------------------------
 There are 9 input ports with no input delay specified. (HIGH)

 There is 1 input port with no input delay but user has a false path constraint. (MEDIUM)


6. checking no_output_delay (9)
-------------------------------
 There are 9 ports with no output delay specified. (HIGH)

 There are 0 ports with no output delay but user has a false path constraint

 There are 0 ports with no output delay but with a timing clock defined on it or propagating through it


7. checking multiple_clock (0)
------------------------------
 There are 0 register/latch pins with multiple clocks.


8. checking generated_clocks (0)
--------------------------------
 There are 0 generated clocks that are not connected to a clock source.


9. checking loops (0)
---------------------
 There are 0 combinational loops in the design.


10. checking partial_input_delay (0)
------------------------------------
 There are 0 input ports with partial input delay specified.


11. checking partial_output_delay (0)
-------------------------------------
 There are 0 ports with partial output delay specified.


12. checking latch_loops (0)
----------------------------
 There are 0 combinational latch loops in the design through latch input



------------------------------------------------------------------------------------------------
| Design Timing Summary
| ---------------------
------------------------------------------------------------------------------------------------

    WNS(ns)      TNS(ns)  TNS Failing Endpoints  TNS Total Endpoints      WHS(ns)      THS(ns)  THS Failing Endpoints  THS Total Endpoints     WPWS(ns)     TPWS(ns)  TPWS Failing Endpoints  TPWS Total Endpoints  
    -------      -------  ---------------------  -------------------      -------      -------  ---------------------  -------------------     --------     --------  ----------------------  --------------------  
      5.431        0.000                      0                  180       -0.006       -0.016                      3                  180        4.468        0.000                       0                   119  


Timing constraints are not met.


------------------------------------------------------------------------------------------------
| Clock Summary
| -------------
------------------------------------------------------------------------------------------------

Clock    Waveform(ns)       Period(ns)      Frequency(MHz)
-----    ------------       ----------      --------------
sys_clk  {0.000 5.000}      10.000          100.000         


------------------------------------------------------------------------------------------------
| Intra Clock Table
| -----------------
------------------------------------------------------------------------------------------------

Clock             WNS(ns)      TNS(ns)  TNS Failing Endpoints  TNS Total Endpoints      WHS(ns)      THS(ns)  THS Failing Endpoints  THS Total Endpoints     WPWS(ns)     TPWS(ns)  TPWS Failing Endpoints  TPWS Total Endpoints  
-----             -------      -------  ---------------------  -------------------      -------      -------  ---------------------  -------------------     --------     --------  ----------------------  --------------------  
sys_clk             5.431        0.000                      0                  180       -0.006       -0.016                      3                  180        4.468        0.000                       0                   119  


------------------------------------------------------------------------------------------------
| Inter Clock Table
| -----------------
------------------------------------------------------------------------------------------------

From Clock    To Clock          WNS(ns)      TNS(ns)  TNS Failing Endpoints  TNS Total Endpoints      WHS(ns)      THS(ns)  THS Failing Endpoints  THS Total Endpoints  
----------    --------          -------      -------  ---------------------  -------------------      -------      -------  ---------------------  -------------------  


------------------------------------------------------------------------------------------------
| Other Path Groups Table
| -----------------------
------------------------------------------------------------------------------------------------

Path Group    From Clock    To Clock          WNS(ns)      TNS(ns)  TNS Failing Endpoints  TNS Total Endpoints      WHS(ns)      THS(ns)  THS Failing Endpoints  THS Total Endpoints  
----------    ----------    --------          -------      -------  ---------------------  -------------------      -------      -------  ---------------------  -------------------  


------------------------------------------------------------------------------------------------
| Timing Details
| --------------
------------------------------------------------------------------------------------------------


---------------------------------------------------------------------------------------------------
From Clock:  sys_clk
  To Clock:  sys_clk

Setup :            0  Failing Endpoints,  Worst Slack        5.431ns,  Total Violation        0.000ns
Hold  :            3  Failing Endpoints,  Worst Slack       -0.006ns,  Total Violation       -0.016ns
PW    :            0  Failing Endpoints,  Worst Slack        4.468ns,  Total Violation        0.000ns
---------------------------------------------------------------------------------------------------


Max Delay Paths
--------------------------------------------------------------------------------------
Slack (MET) :             5.431ns  (required time - arrival time)
  Source:                 conv_inst/booth_macs[1].bm/product_dsp/DSP_A_B_DATA_INST/CLK
                            (rising edge-triggered cell DSP_A_B_DATA clocked by sys_clk  {rise@0.000ns fall@5.000ns period=10.000ns})
  Destination:            conv_inst/feature_map_out_reg[12]/D
                            (rising edge-triggered cell FDRE clocked by sys_clk  {rise@0.000ns fall@5.000ns period=10.000ns})
  Path Group:             sys_clk
  Path Type:              Setup (Max at Slow Process Corner)
  Requirement:            10.000ns  (sys_clk rise@10.000ns - sys_clk rise@0.000ns)
  Data Path Delay:        4.394ns  (logic 2.701ns (61.470%)  route 1.693ns (38.530%))
  Logic Levels:           16  (CARRY8=5 DSP_ALU=1 DSP_M_DATA=1 DSP_MULTIPLIER=1 DSP_OUTPUT=1 DSP_PREADD_DATA=1 LUT2=1 LUT3=3 LUT4=2)
  Clock Path Skew:        -0.164ns (DCD - SCD + CPR)
    Destination Clock Delay (DCD):    1.239ns = ( 11.239 - 10.000 ) 
    Source Clock Delay      (SCD):    1.723ns
    Clock Pessimism Removal (CPR):    0.319ns
  Clock Uncertainty:      0.035ns  ((TSJ^2 + TIJ^2)^1/2 + DJ) / 2 + PE
    Total System Jitter     (TSJ):    0.071ns
    Total Input Jitter      (TIJ):    0.000ns
    Discrete Jitter          (DJ):    0.000ns
    Phase Error              (PE):    0.000ns
  Clock Net Delay (Source):      0.828ns (routing 0.000ns, distribution 0.828ns)
  Clock Net Delay (Destination): 0.635ns (routing 0.000ns, distribution 0.635ns)

    Location             Delay type                Incr(ns)  Path(ns)    Netlist Resource(s)
  -------------------------------------------------------------------    -------------------
                         (clock sys_clk rise edge)    0.000     0.000 r  
    H9                                                0.000     0.000 r  clk (IN)
                         net (fo=0)                   0.000     0.000    clk_IBUF_inst/I
    H9                   INBUF (Prop_INBUF_HPIOB_M_PAD_O)
                                                      0.548     0.548 r  clk_IBUF_inst/INBUF_INST/O
                         net (fo=1, routed)           0.000     0.548    clk_IBUF_inst/OUT
    H9                   IBUFCTRL (Prop_IBUFCTRL_HPIOB_M_I_O)
                                                      0.000     0.548 r  clk_IBUF_inst/IBUFCTRL_INST/O
                         net (fo=1, estimated)        0.319     0.867    clk_IBUF
    BUFGCE_X1Y120        BUFGCE (Prop_BUFCE_BUFGCE_I_O)
                                                      0.028     0.895 r  clk_IBUF_BUFG_inst/O
    X2Y5 (CLOCK_ROOT)    net (fo=149, estimated)      0.828     1.723    conv_inst/booth_macs[1].bm/product_dsp/CLK
    DSP48E2_X7Y136       DSP_A_B_DATA                                 r  conv_inst/booth_macs[1].bm/product_dsp/DSP_A_B_DATA_INST/CLK
  -------------------------------------------------------------------    -------------------
    DSP48E2_X7Y136       DSP_A_B_DATA (Prop_DSP_A_B_DATA_DSP48E2_CLK_A2_DATA[0])
                                                      0.234     1.957 r  conv_inst/booth_macs[1].bm/product_dsp/DSP_A_B_DATA_INST/A2_DATA[0]
                         net (fo=1, routed)           0.000     1.957    conv_inst/booth_macs[1].bm/product_dsp/DSP_A_B_DATA.A2_DATA<0>
    DSP48E2_X7Y136       DSP_PREADD_DATA (Prop_DSP_PREADD_DATA_DSP48E2_A2_DATA[0]_A2A1[0])
                                                      0.076     2.033 r  conv_inst/booth_macs[1].bm/product_dsp/DSP_PREADD_DATA_INST/A2A1[0]
                         net (fo=1, routed)           0.000     2.033    conv_inst/booth_macs[1].bm/product_dsp/DSP_PREADD_DATA.A2A1<0>
    DSP48E2_X7Y136       DSP_MULTIPLIER (Prop_DSP_MULTIPLIER_DSP48E2_A2A1[0]_V[0])
                                                      0.507     2.540 f  conv_inst/booth_macs[1].bm/product_dsp/DSP_MULTIPLIER_INST/V[0]
                         net (fo=1, routed)           0.000     2.540    conv_inst/booth_macs[1].bm/product_dsp/DSP_MULTIPLIER.V<0>
    DSP48E2_X7Y136       DSP_M_DATA (Prop_DSP_M_DATA_DSP48E2_V[0]_V_DATA[0])
                                                      0.046     2.586 r  conv_inst/booth_macs[1].bm/product_dsp/DSP_M_DATA_INST/V_DATA[0]
                         net (fo=1, routed)           0.000     2.586    conv_inst/booth_macs[1].bm/product_dsp/DSP_M_DATA.V_DATA<0>
    DSP48E2_X7Y136       DSP_ALU (Prop_DSP_ALU_DSP48E2_V_DATA[0]_ALU_OUT[0])
                                                      0.571     3.157 f  conv_inst/booth_macs[1].bm/product_dsp/DSP_ALU_INST/ALU_OUT[0]
                         net (fo=1, routed)           0.000     3.157    conv_inst/booth_macs[1].bm/product_dsp/DSP_ALU.ALU_OUT<0>
    DSP48E2_X7Y136       DSP_OUTPUT (Prop_DSP_OUTPUT_DSP48E2_ALU_OUT[0]_P[0])
                                                      0.109     3.266 r  conv_inst/booth_macs[1].bm/product_dsp/DSP_OUTPUT_INST/P[0]
                         net (fo=2, estimated)        0.239     3.505    conv_inst/booth_macs[1].bm/product_dsp_n_105
    SLICE_X70Y339        LUT3 (Prop_A5LUT_SLICEM_I0_O)
                                                      0.112     3.617 r  conv_inst/booth_macs[1].bm/sum__70_carry_i_7/O
                         net (fo=2, estimated)        0.216     3.833    conv_inst/booth_macs[1].bm/delay2_reg[7][6][0]
    SLICE_X70Y339        LUT4 (Prop_B6LUT_SLICEM_I3_O)
                                                      0.052     3.885 r  conv_inst/booth_macs[1].bm/sum__70_carry_i_14/O
                         net (fo=1, routed)           0.016     3.901    conv_inst/booth_macs[1].bm_n_33
    SLICE_X70Y339        CARRY8 (Prop_CARRY8_SLICEM_S[1]_CO[7])
                                                      0.190     4.091 r  conv_inst/sum__70_carry/CO[7]
                         net (fo=1, estimated)        0.026     4.117    conv_inst/sum__70_carry_n_0
    SLICE_X70Y340        CARRY8 (Prop_CARRY8_SLICEM_CI_O[3])
                                                      0.082     4.199 r  conv_inst/sum__70_carry__0/O[3]
                         net (fo=2, estimated)        0.304     4.503    conv_inst/booth_macs[1].bm/sum__105_carry__0[3]
    SLICE_X70Y336        LUT3 (Prop_D5LUT_SLICEM_I0_O)
                                                      0.135     4.638 r  conv_inst/booth_macs[1].bm/sum__105_carry__0_i_2/O
                         net (fo=2, estimated)        0.188     4.826    conv_inst/booth_macs[1].bm/sum__0_carry__0_0[3]
    SLICE_X70Y336        LUT4 (Prop_E6LUT_SLICEM_I0_O)
                                                      0.100     4.926 r  conv_inst/booth_macs[1].bm/sum__105_carry__0_i_10/O
                         net (fo=1, routed)           0.014     4.940    conv_inst/booth_macs[1].bm_n_45
    SLICE_X70Y336        CARRY8 (Prop_CARRY8_SLICEM_S[4]_CO[7])
                                                      0.156     5.096 r  conv_inst/sum__105_carry__0/CO[7]
                         net (fo=1, estimated)        0.026     5.122    conv_inst/sum__105_carry__0_n_0
    SLICE_X70Y337        CARRY8 (Prop_CARRY8_SLICEM_CI_O[0])
                                                      0.056     5.178 f  conv_inst/sum__105_carry__1/O[0]
                         net (fo=4, estimated)        0.254     5.432    conv_inst/booth_macs[1].bm/O[0]
    SLICE_X71Y338        LUT2 (Prop_B6LUT_SLICEM_I0_O)
                                                      0.089     5.521 r  conv_inst/booth_macs[1].bm/sat_val1_carry_i_4/O
                         net (fo=1, routed)           0.016     5.537    conv_inst/booth_macs[1].bm_n_61
    SLICE_X71Y338        CARRY8 (Prop_CARRY8_SLICEM_S[1]_CO[2])
                                                      0.098     5.635 r  conv_inst/sat_val1_carry/CO[2]
                         net (fo=16, estimated)       0.344     5.979    conv_inst/booth_macs[1].bm/feature_map_out_reg[15]_0[0]
    SLICE_X69Y337        LUT3 (Prop_C6LUT_SLICEL_I0_O)
                                                      0.088     6.067 r  conv_inst/booth_macs[1].bm/feature_map_out[12]_i_1/O
                         net (fo=1, routed)           0.050     6.117    conv_inst/sat_val[12]
    SLICE_X69Y337        FDRE                                         r  conv_inst/feature_map_out_reg[12]/D
  -------------------------------------------------------------------    -------------------

                         (clock sys_clk rise edge)   10.000    10.000 r  
    H9                                                0.000    10.000 r  clk (IN)
                         net (fo=0)                   0.000    10.000    clk_IBUF_inst/I
    H9                   INBUF (Prop_INBUF_HPIOB_M_PAD_O)
                                                      0.297    10.297 r  clk_IBUF_inst/INBUF_INST/O
                         net (fo=1, routed)           0.000    10.297    clk_IBUF_inst/OUT
    H9                   IBUFCTRL (Prop_IBUFCTRL_HPIOB_M_I_O)
                                                      0.000    10.297 r  clk_IBUF_inst/IBUFCTRL_INST/O
                         net (fo=1, estimated)        0.283    10.580    clk_IBUF
    BUFGCE_X1Y120        BUFGCE (Prop_BUFCE_BUFGCE_I_O)
                                                      0.024    10.604 r  clk_IBUF_BUFG_inst/O
    X2Y5 (CLOCK_ROOT)    net (fo=149, estimated)      0.635    11.239    conv_inst/clk_IBUF_BUFG
    SLICE_X69Y337        FDRE                                         r  conv_inst/feature_map_out_reg[12]/C
                         clock pessimism              0.319    11.558    
                         clock uncertainty           -0.035    11.523    
    SLICE_X69Y337        FDRE (Setup_CFF_SLICEL_C_D)
                                                      0.025    11.548    conv_inst/feature_map_out_reg[12]
  -------------------------------------------------------------------
                         required time                         11.548    
                         arrival time                          -6.117    
  -------------------------------------------------------------------
                         slack                                  5.431    





Min Delay Paths
--------------------------------------------------------------------------------------
Slack (VIOLATED) :        -0.006ns  (arrival time - required time)
  Source:                 conv_inst/delay2_reg[6][3]/C
                            (rising edge-triggered cell FDRE clocked by sys_clk  {rise@0.000ns fall@5.000ns period=10.000ns})
  Destination:            conv_inst/delay2_reg[7][3]/D
                            (rising edge-triggered cell FDRE clocked by sys_clk  {rise@0.000ns fall@5.000ns period=10.000ns})
  Path Group:             sys_clk
  Path Type:              Hold (Min at Slow Process Corner)
  Requirement:            0.000ns  (sys_clk rise@0.000ns - sys_clk rise@0.000ns)
  Data Path Delay:        0.154ns  (logic 0.060ns (38.961%)  route 0.094ns (61.039%))
  Logic Levels:           0  
  Clock Path Skew:        0.098ns (DCD - SCD - CPR)
    Destination Clock Delay (DCD):    1.674ns
    Source Clock Delay      (SCD):    1.256ns
    Clock Pessimism Removal (CPR):    0.319ns
  Clock Net Delay (Source):      0.652ns (routing 0.000ns, distribution 0.652ns)
  Clock Net Delay (Destination): 0.779ns (routing 0.000ns, distribution 0.779ns)

    Location             Delay type                Incr(ns)  Path(ns)    Netlist Resource(s)
  -------------------------------------------------------------------    -------------------
                         (clock sys_clk rise edge)    0.000     0.000 r  
    H9                                                0.000     0.000 r  clk (IN)
                         net (fo=0)                   0.000     0.000    clk_IBUF_inst/I
    H9                   INBUF (Prop_INBUF_HPIOB_M_PAD_O)
                                                      0.297     0.297 r  clk_IBUF_inst/INBUF_INST/O
                         net (fo=1, routed)           0.000     0.297    clk_IBUF_inst/OUT
    H9                   IBUFCTRL (Prop_IBUFCTRL_HPIOB_M_I_O)
                                                      0.000     0.297 r  clk_IBUF_inst/IBUFCTRL_INST/O
                         net (fo=1, estimated)        0.283     0.580    clk_IBUF
    BUFGCE_X1Y120        BUFGCE (Prop_BUFCE_BUFGCE_I_O)
                                                      0.024     0.604 r  clk_IBUF_BUFG_inst/O
    X2Y5 (CLOCK_ROOT)    net (fo=149, estimated)      0.652     1.256    conv_inst/clk_IBUF_BUFG
    SLICE_X71Y340        FDRE                                         r  conv_inst/delay2_reg[6][3]/C
  -------------------------------------------------------------------    -------------------
    SLICE_X71Y340        FDRE (Prop_BFF2_SLICEM_C_Q)
                                                      0.060     1.316 r  conv_inst/delay2_reg[6][3]/Q
                         net (fo=2, estimated)        0.094     1.410    conv_inst/delay2_reg[6][3]
    SLICE_X70Y340        FDRE                                         r  conv_inst/delay2_reg[7][3]/D
  -------------------------------------------------------------------    -------------------

                         (clock sys_clk rise edge)    0.000     0.000 r  
    H9                                                0.000     0.000 r  clk (IN)
                         net (fo=0)                   0.000     0.000    clk_IBUF_inst/I
    H9                   INBUF (Prop_INBUF_HPIOB_M_PAD_O)
                                                      0.548     0.548 r  clk_IBUF_inst/INBUF_INST/O
                         net (fo=1, routed)           0.000     0.548    clk_IBUF_inst/OUT
    H9                   IBUFCTRL (Prop_IBUFCTRL_HPIOB_M_I_O)
                                                      0.000     0.548 r  clk_IBUF_inst/IBUFCTRL_INST/O
                         net (fo=1, estimated)        0.319     0.867    clk_IBUF
    BUFGCE_X1Y120        BUFGCE (Prop_BUFCE_BUFGCE_I_O)
                                                      0.028     0.895 r  clk_IBUF_BUFG_inst/O
    X2Y5 (CLOCK_ROOT)    net (fo=149, estimated)      0.779     1.674    conv_inst/clk_IBUF_BUFG
    SLICE_X70Y340        FDRE                                         r  conv_inst/delay2_reg[7][3]/C
                         clock pessimism             -0.319     1.355    
    SLICE_X70Y340        FDRE (Hold_FFF2_SLICEM_C_D)
                                                      0.062     1.417    conv_inst/delay2_reg[7][3]
  -------------------------------------------------------------------
                         required time                         -1.417    
                         arrival time                           1.410    
  -------------------------------------------------------------------
                         slack                                 -0.006    





Pulse Width Checks
--------------------------------------------------------------------------------------
Clock Name:         sys_clk
Waveform(ns):       { 0.000 5.000 }
Period(ns):         10.000
Sources:            { clk }

Check Type        Corner  Lib Pin     Reference Pin  Required(ns)  Actual(ns)  Slack(ns)  Location       Pin
Min Period        n/a     BUFGCE/I    n/a            1.290         10.000      8.710      BUFGCE_X1Y120  clk_IBUF_BUFG_inst/I
Low Pulse Width   Slow    SRL16E/CLK  n/a            0.532         5.000       4.468      SLICE_X74Y335  conv_inst/delay1_reg[4][0]_srl5___conv_inst_delay1_reg_r_2/CLK
High Pulse Width  Slow    SRL16E/CLK  n/a            0.532         5.000       4.468      SLICE_X74Y335  conv_inst/delay1_reg[4][0]_srl5___conv_inst_delay1_reg_r_2/CLK



