Copyright 1986-2022 Xilinx, Inc. All Rights Reserved. Copyright 2022-2025 Advanced Micro Devices, Inc. All Rights Reserved.
--------------------------------------------------------------------------------------------------------------------------------------------------
| Tool Version      : Vivado v.2025.2 (win64) Build 6299465 Fri Nov 14 19:35:11 GMT 2025
| Date              : Sat Mar 14 17:25:56 2026
| Host              : MSI running 64-bit major release  (build 9200)
| Command           : report_timing_summary -file syn/reports/timing_summary.rpt
| Design            : simple_cnn
| Device            : xczu7ev-ffvc1156
| Speed File        : -2  PRODUCTION 1.30 05-15-2022
| Design State      : Synthesized
| Temperature Grade : E
--------------------------------------------------------------------------------------------------------------------------------------------------

Timing Summary Report

------------------------------------------------------------------------------------------------
| Timer Settings
| --------------
------------------------------------------------------------------------------------------------

  Enable Multi Corner Analysis               :  Yes
  Enable Pessimism Removal                   :  Yes
  Pessimism Removal Resolution               :  Nearest Common Node
  Enable Input Delay Default Clock           :  No
  Enable Preset / Clear Arcs                 :  No
  Disable Flight Delays                      :  No
  Ignore I/O Paths                           :  No
  Timing Early Launch at Borrowing Latches   :  No
  Borrow Time for Max Delay Exceptions       :  Yes
  Merge Timing Exceptions                    :  Yes
  Inter-SLR Compensation                     :  Conservative

  Corner  Analyze    Analyze    
  Name    Max Paths  Min Paths  
  ------  ---------  ---------  
  Slow    Yes        Yes        
  Fast    Yes        Yes        


------------------------------------------------------------------------------------------------
| Report Methodology
| ------------------
------------------------------------------------------------------------------------------------

No report available as report_methodology has not been run prior. Run report_methodology on the current design for the summary of methodology violations.



check_timing report

Table of Contents
-----------------
1. checking no_clock (0)
2. checking constant_clock (0)
3. checking pulse_width_clock (0)
4. checking unconstrained_internal_endpoints (0)
5. checking no_input_delay (10)
6. checking no_output_delay (9)
7. checking multiple_clock (0)
8. checking generated_clocks (0)
9. checking loops (0)
10. checking partial_input_delay (0)
11. checking partial_output_delay (0)
12. checking latch_loops (0)

1. checking no_clock (0)
------------------------
 There are 0 register/latch pins with no clock.


2. checking constant_clock (0)
------------------------------
 There are 0 register/latch pins with constant_clock.


3. checking pulse_width_clock (0)
---------------------------------
 There are 0 register/latch pins which need pulse_width check


4. checking unconstrained_internal_endpoints (0)
------------------------------------------------
 There are 0 pins that are not constrained for maximum delay.

 There are 0 pins that are not constrained for maximum delay due to constant clock.


5. checking no_input_delay (10)
-------------------------------
 There are 9 input ports with no input delay specified. (HIGH)

 There is 1 input port with no input delay but user has a false path constraint. (MEDIUM)


6. checking no_output_delay (9)
-------------------------------
 There are 9 ports with no output delay specified. (HIGH)

 There are 0 ports with no output delay but user has a false path constraint

 There are 0 ports with no output delay but with a timing clock defined on it or propagating through it


7. checking multiple_clock (0)
------------------------------
 There are 0 register/latch pins with multiple clocks.


8. checking generated_clocks (0)
--------------------------------
 There are 0 generated clocks that are not connected to a clock source.


9. checking loops (0)
---------------------
 There are 0 combinational loops in the design.


10. checking partial_input_delay (0)
------------------------------------
 There are 0 input ports with partial input delay specified.


11. checking partial_output_delay (0)
-------------------------------------
 There are 0 ports with partial output delay specified.


12. checking latch_loops (0)
----------------------------
 There are 0 combinational latch loops in the design through latch input



------------------------------------------------------------------------------------------------
| Design Timing Summary
| ---------------------
------------------------------------------------------------------------------------------------

    WNS(ns)      TNS(ns)  TNS Failing Endpoints  TNS Total Endpoints      WHS(ns)      THS(ns)  THS Failing Endpoints  THS Total Endpoints     WPWS(ns)     TPWS(ns)  TPWS Failing Endpoints  TPWS Total Endpoints  
    -------      -------  ---------------------  -------------------      -------      -------  ---------------------  -------------------     --------     --------  ----------------------  --------------------  
      6.097        0.000                      0                  179       -0.066       -5.153                    128                  179        4.468        0.000                       0                   145  


Timing constraints are not met.


------------------------------------------------------------------------------------------------
| Clock Summary
| -------------
------------------------------------------------------------------------------------------------

Clock    Waveform(ns)       Period(ns)      Frequency(MHz)
-----    ------------       ----------      --------------
sys_clk  {0.000 5.000}      10.000          100.000         


------------------------------------------------------------------------------------------------
| Intra Clock Table
| -----------------
------------------------------------------------------------------------------------------------

Clock             WNS(ns)      TNS(ns)  TNS Failing Endpoints  TNS Total Endpoints      WHS(ns)      THS(ns)  THS Failing Endpoints  THS Total Endpoints     WPWS(ns)     TPWS(ns)  TPWS Failing Endpoints  TPWS Total Endpoints  
-----             -------      -------  ---------------------  -------------------      -------      -------  ---------------------  -------------------     --------     --------  ----------------------  --------------------  
sys_clk             6.097        0.000                      0                  179       -0.066       -5.153                    128                  179        4.468        0.000                       0                   145  


------------------------------------------------------------------------------------------------
| Inter Clock Table
| -----------------
------------------------------------------------------------------------------------------------

From Clock    To Clock          WNS(ns)      TNS(ns)  TNS Failing Endpoints  TNS Total Endpoints      WHS(ns)      THS(ns)  THS Failing Endpoints  THS Total Endpoints  
----------    --------          -------      -------  ---------------------  -------------------      -------      -------  ---------------------  -------------------  


------------------------------------------------------------------------------------------------
| Other Path Groups Table
| -----------------------
------------------------------------------------------------------------------------------------

Path Group    From Clock    To Clock          WNS(ns)      TNS(ns)  TNS Failing Endpoints  TNS Total Endpoints      WHS(ns)      THS(ns)  THS Failing Endpoints  THS Total Endpoints  
----------    ----------    --------          -------      -------  ---------------------  -------------------      -------      -------  ---------------------  -------------------  


------------------------------------------------------------------------------------------------
| Timing Details
| --------------
------------------------------------------------------------------------------------------------


---------------------------------------------------------------------------------------------------
From Clock:  sys_clk
  To Clock:  sys_clk

Setup :            0  Failing Endpoints,  Worst Slack        6.097ns,  Total Violation        0.000ns
Hold  :          128  Failing Endpoints,  Worst Slack       -0.066ns,  Total Violation       -5.153ns
PW    :            0  Failing Endpoints,  Worst Slack        4.468ns,  Total Violation        0.000ns
---------------------------------------------------------------------------------------------------


Max Delay Paths
--------------------------------------------------------------------------------------
Slack (MET) :             6.097ns  (required time - arrival time)
  Source:                 conv_inst/delay1_reg[7][0]/C
                            (rising edge-triggered cell FDRE clocked by sys_clk  {rise@0.000ns fall@5.000ns period=10.000ns})
  Destination:            conv_inst/feature_map_out_reg[11]/D
                            (rising edge-triggered cell FDRE clocked by sys_clk  {rise@0.000ns fall@5.000ns period=10.000ns})
  Path Group:             sys_clk
  Path Type:              Setup (Max at Slow Process Corner)
  Requirement:            10.000ns  (sys_clk rise@10.000ns - sys_clk rise@0.000ns)
  Data Path Delay:        3.748ns  (logic 1.510ns (40.288%)  route 2.238ns (59.712%))
  Logic Levels:           16  (CARRY8=7 LUT2=2 LUT3=3 LUT4=3 LUT5=1)
  Clock Path Skew:        -0.145ns (DCD - SCD + CPR)
    Destination Clock Delay (DCD):    3.007ns = ( 13.007 - 10.000 ) 
    Source Clock Delay      (SCD):    3.436ns
    Clock Pessimism Removal (CPR):    0.283ns
  Clock Uncertainty:      0.035ns  ((TSJ^2 + TIJ^2)^1/2 + DJ) / 2 + PE
    Total System Jitter     (TSJ):    0.071ns
    Total Input Jitter      (TIJ):    0.000ns
    Discrete Jitter          (DJ):    0.000ns
    Phase Error              (PE):    0.000ns

    Location             Delay type                Incr(ns)  Path(ns)    Netlist Resource(s)
  -------------------------------------------------------------------    -------------------
                         (clock sys_clk rise edge)    0.000     0.000 r  
    H9                                                0.000     0.000 r  clk (IN)
                         net (fo=0)                   0.000     0.000    clk_IBUF_inst/I
    H9                   INBUF (Prop_INBUF_HPIOB_M_PAD_O)
                                                      0.548     0.548 r  clk_IBUF_inst/INBUF_INST/O
                         net (fo=1, routed)           0.000     0.548    clk_IBUF_inst/OUT
    H9                   IBUFCTRL (Prop_IBUFCTRL_HPIOB_M_I_O)
                                                      0.000     0.548 r  clk_IBUF_inst/IBUFCTRL_INST/O
                         net (fo=1, unplaced)         0.276     0.824    clk_IBUF
                         BUFGCE (Prop_BUFGCE_I_O)     0.028     0.852 r  clk_IBUF_BUFG_inst/O
                         net (fo=144, unplaced)       2.584     3.436    conv_inst/clk_IBUF_BUFG
                         FDRE                                         r  conv_inst/delay1_reg[7][0]/C
  -------------------------------------------------------------------    -------------------
                         FDRE (Prop_FDRE_C_Q)         0.077     3.513 f  conv_inst/delay1_reg[7][0]/Q
                         net (fo=51, unplaced)        0.162     3.675    conv_inst/delay1_reg_n_0_[7][0]
                         LUT4 (Prop_LUT4_I0_O)        0.139     3.814 r  conv_inst/feature_map_out[15]_i_368/O
                         net (fo=21, unplaced)        0.166     3.980    conv_inst/feature_map_out[15]_i_368_n_0
                         LUT5 (Prop_LUT5_I0_O)        0.037     4.017 r  conv_inst/feature_map_out[15]_i_374/O
                         net (fo=1, unplaced)         0.029     4.046    conv_inst/feature_map_out[15]_i_374_n_0
                         CARRY8 (Prop_CARRY8_S[5]_CO[7])
                                                      0.166     4.212 r  conv_inst/feature_map_out_reg[15]_i_157/CO[7]
                         net (fo=1, unplaced)         0.005     4.217    conv_inst/feature_map_out_reg[15]_i_157_n_0
                         CARRY8 (Prop_CARRY8_CI_O[1])
                                                      0.076     4.293 r  conv_inst/feature_map_out_reg[15]_i_430/O[1]
                         net (fo=2, unplaced)         0.184     4.477    conv_inst/feature_map_out_reg[15]_i_430_n_14
                         LUT3 (Prop_LUT3_I0_O)        0.070     4.547 r  conv_inst/feature_map_out[15]_i_220/O
                         net (fo=2, unplaced)         0.219     4.766    conv_inst/feature_map_out[15]_i_220_n_0
                         LUT4 (Prop_LUT4_I3_O)        0.037     4.803 r  conv_inst/feature_map_out[15]_i_226/O
                         net (fo=1, unplaced)         0.023     4.826    conv_inst/feature_map_out[15]_i_226_n_0
                         CARRY8 (Prop_CARRY8_S[1]_O[5])
                                                      0.237     5.063 r  conv_inst/feature_map_out_reg[15]_i_145/O[5]
                         net (fo=3, unplaced)         0.147     5.210    conv_inst/mac[5]_15[15]
                         LUT2 (Prop_LUT2_I1_O)        0.096     5.306 r  conv_inst/feature_map_out[15]_i_56/O
                         net (fo=1, unplaced)         0.198     5.504    conv_inst/feature_map_out[15]_i_56_n_0
                         CARRY8 (Prop_CARRY8_DI[7]_CO[7])
                                                      0.058     5.562 r  conv_inst/feature_map_out_reg[15]_i_34/CO[7]
                         net (fo=1, unplaced)         0.005     5.567    conv_inst/feature_map_out_reg[15]_i_34_n_0
                         CARRY8 (Prop_CARRY8_CI_O[0])
                                                      0.056     5.623 r  conv_inst/feature_map_out_reg[15]_i_162/O[0]
                         net (fo=2, unplaced)         0.137     5.760    conv_inst/feature_map_out_reg[15]_i_162_n_15
                         LUT3 (Prop_LUT3_I1_O)        0.100     5.860 r  conv_inst/feature_map_out[15]_i_134/O
                         net (fo=2, unplaced)         0.219     6.079    conv_inst/feature_map_out[15]_i_134_n_0
                         LUT4 (Prop_LUT4_I3_O)        0.037     6.116 r  conv_inst/feature_map_out[15]_i_138/O
                         net (fo=1, unplaced)         0.023     6.139    conv_inst/feature_map_out[15]_i_138_n_0
                         CARRY8 (Prop_CARRY8_S[1]_O[2])
                                                      0.117     6.256 r  conv_inst/feature_map_out_reg[15]_i_39/O[2]
                         net (fo=4, unplaced)         0.198     6.454    conv_inst/feature_map_out_reg[15]_i_39_n_13
                         LUT2 (Prop_LUT2_I1_O)        0.068     6.522 f  conv_inst/feature_map_out[15]_i_22/O
                         net (fo=1, unplaced)         0.245     6.767    conv_inst/feature_map_out[15]_i_22_n_0
                         CARRY8 (Prop_CARRY8_DI[2]_CO[2])
                                                      0.069     6.836 f  conv_inst/feature_map_out_reg[15]_i_4/CO[2]
                         net (fo=16, unplaced)        0.230     7.066    conv_inst/sat_val2
                         LUT3 (Prop_LUT3_I1_O)        0.070     7.136 r  conv_inst/feature_map_out[11]_i_1/O
                         net (fo=1, unplaced)         0.048     7.184    conv_inst/sat_val[11]
                         FDRE                                         r  conv_inst/feature_map_out_reg[11]/D
  -------------------------------------------------------------------    -------------------

                         (clock sys_clk rise edge)   10.000    10.000 r  
    H9                                                0.000    10.000 r  clk (IN)
                         net (fo=0)                   0.000    10.000    clk_IBUF_inst/I
    H9                   INBUF (Prop_INBUF_HPIOB_M_PAD_O)
                                                      0.297    10.297 r  clk_IBUF_inst/INBUF_INST/O
                         net (fo=1, routed)           0.000    10.297    clk_IBUF_inst/OUT
    H9                   IBUFCTRL (Prop_IBUFCTRL_HPIOB_M_I_O)
                                                      0.000    10.297 r  clk_IBUF_inst/IBUFCTRL_INST/O
                         net (fo=1, unplaced)         0.247    10.544    clk_IBUF
                         BUFGCE (Prop_BUFGCE_I_O)     0.024    10.568 r  clk_IBUF_BUFG_inst/O
                         net (fo=144, unplaced)       2.439    13.007    conv_inst/clk_IBUF_BUFG
                         FDRE                                         r  conv_inst/feature_map_out_reg[11]/C
                         clock pessimism              0.283    13.291    
                         clock uncertainty           -0.035    13.255    
                         FDRE (Setup_FDRE_C_D)        0.025    13.280    conv_inst/feature_map_out_reg[11]
  -------------------------------------------------------------------
                         required time                         13.280    
                         arrival time                          -7.184    
  -------------------------------------------------------------------
                         slack                                  6.097    





Min Delay Paths
--------------------------------------------------------------------------------------
Slack (VIOLATED) :        -0.066ns  (arrival time - required time)
  Source:                 conv_inst/delay1_reg[6][1]_conv_inst_delay1_reg_r_3/C
                            (rising edge-triggered cell FDRE clocked by sys_clk  {rise@0.000ns fall@5.000ns period=10.000ns})
  Destination:            conv_inst/delay1_reg[7][1]/D
                            (rising edge-triggered cell FDRE clocked by sys_clk  {rise@0.000ns fall@5.000ns period=10.000ns})
  Path Group:             sys_clk
  Path Type:              Hold (Min at Fast Process Corner)
  Requirement:            0.000ns  (sys_clk rise@0.000ns - sys_clk rise@0.000ns)
  Data Path Delay:        0.125ns  (logic 0.061ns (48.800%)  route 0.064ns (51.200%))
  Logic Levels:           1  (LUT2=1)
  Clock Path Skew:        0.145ns (DCD - SCD - CPR)
    Destination Clock Delay (DCD):    1.793ns
    Source Clock Delay      (SCD):    1.429ns
    Clock Pessimism Removal (CPR):    0.218ns

    Location             Delay type                Incr(ns)  Path(ns)    Netlist Resource(s)
  -------------------------------------------------------------------    -------------------
                         (clock sys_clk rise edge)    0.000     0.000 r  
    H9                                                0.000     0.000 r  clk (IN)
                         net (fo=0)                   0.000     0.000    clk_IBUF_inst/I
    H9                   INBUF (Prop_INBUF_HPIOB_M_PAD_O)
                                                      0.182     0.182 r  clk_IBUF_inst/INBUF_INST/O
                         net (fo=1, routed)           0.000     0.182    clk_IBUF_inst/OUT
    H9                   IBUFCTRL (Prop_IBUFCTRL_HPIOB_M_I_O)
                                                      0.000     0.182 r  clk_IBUF_inst/IBUFCTRL_INST/O
                         net (fo=1, unplaced)         0.116     0.298    clk_IBUF
                         BUFGCE (Prop_BUFGCE_I_O)     0.017     0.315 r  clk_IBUF_BUFG_inst/O
                         net (fo=144, unplaced)       1.114     1.429    conv_inst/clk_IBUF_BUFG
                         FDRE                                         r  conv_inst/delay1_reg[6][1]_conv_inst_delay1_reg_r_3/C
  -------------------------------------------------------------------    -------------------
                         FDRE (Prop_FDRE_C_Q)         0.038     1.467 r  conv_inst/delay1_reg[6][1]_conv_inst_delay1_reg_r_3/Q
                         net (fo=1, unplaced)         0.048     1.515    conv_inst/delay1_reg[6][1]_conv_inst_delay1_reg_r_3_n_0
                         LUT2 (Prop_LUT2_I0_O)        0.023     1.538 r  conv_inst/delay1_reg_gate__5/O
                         net (fo=1, unplaced)         0.016     1.554    conv_inst/delay1_reg_gate__5_n_0
                         FDRE                                         r  conv_inst/delay1_reg[7][1]/D
  -------------------------------------------------------------------    -------------------

                         (clock sys_clk rise edge)    0.000     0.000 r  
    H9                                                0.000     0.000 r  clk (IN)
                         net (fo=0)                   0.000     0.000    clk_IBUF_inst/I
    H9                   INBUF (Prop_INBUF_HPIOB_M_PAD_O)
                                                      0.368     0.368 r  clk_IBUF_inst/INBUF_INST/O
                         net (fo=1, routed)           0.000     0.368    clk_IBUF_inst/OUT
    H9                   IBUFCTRL (Prop_IBUFCTRL_HPIOB_M_I_O)
                                                      0.000     0.368 r  clk_IBUF_inst/IBUFCTRL_INST/O
                         net (fo=1, unplaced)         0.147     0.515    clk_IBUF
                         BUFGCE (Prop_BUFGCE_I_O)     0.019     0.534 r  clk_IBUF_BUFG_inst/O
                         net (fo=144, unplaced)       1.259     1.793    conv_inst/clk_IBUF_BUFG
                         FDRE                                         r  conv_inst/delay1_reg[7][1]/C
                         clock pessimism             -0.218     1.574    
                         FDRE (Hold_FDRE_C_D)         0.046     1.620    conv_inst/delay1_reg[7][1]
  -------------------------------------------------------------------
                         required time                         -1.620    
                         arrival time                           1.554    
  -------------------------------------------------------------------
                         slack                                 -0.066    





Pulse Width Checks
--------------------------------------------------------------------------------------
Clock Name:         sys_clk
Waveform(ns):       { 0.000 5.000 }
Period(ns):         10.000
Sources:            { clk }

Check Type        Corner  Lib Pin     Reference Pin  Required(ns)  Actual(ns)  Slack(ns)  Location  Pin
Min Period        n/a     BUFGCE/I    n/a            1.290         10.000      8.710                clk_IBUF_BUFG_inst/I
Low Pulse Width   Slow    SRL16E/CLK  n/a            0.532         5.000       4.468                conv_inst/delay1_reg[5][0]_srl4___conv_inst_delay1_reg_r_2/CLK
High Pulse Width  Slow    SRL16E/CLK  n/a            0.532         5.000       4.468                conv_inst/delay1_reg[5][0]_srl4___conv_inst_delay1_reg_r_2/CLK



