Copyright 1986-2022 Xilinx, Inc. All Rights Reserved. Copyright 2022-2025 Advanced Micro Devices, Inc. All Rights Reserved.
--------------------------------------------------------------------------------------------------------------------------------------------------
| Tool Version      : Vivado v.2025.2 (win64) Build 6299465 Fri Nov 14 19:35:11 GMT 2025
| Date              : Sat Mar 14 18:10:33 2026
| Host              : MSI running 64-bit major release  (build 9200)
| Command           : report_timing_summary -file syn/reports/timing_route.rpt
| Design            : simple_cnn
| Device            : xczu7ev-ffvc1156
| Speed File        : -2  PRODUCTION 1.30 05-15-2022
| Design State      : Routed
| Temperature Grade : E
--------------------------------------------------------------------------------------------------------------------------------------------------

Timing Summary Report

------------------------------------------------------------------------------------------------
| Timer Settings
| --------------
------------------------------------------------------------------------------------------------

  Enable Multi Corner Analysis               :  Yes
  Enable Pessimism Removal                   :  Yes
  Pessimism Removal Resolution               :  Nearest Common Node
  Enable Input Delay Default Clock           :  No
  Enable Preset / Clear Arcs                 :  No
  Disable Flight Delays                      :  No
  Ignore I/O Paths                           :  No
  Timing Early Launch at Borrowing Latches   :  No
  Borrow Time for Max Delay Exceptions       :  Yes
  Merge Timing Exceptions                    :  Yes
  Inter-SLR Compensation                     :  Conservative

  Corner  Analyze    Analyze    
  Name    Max Paths  Min Paths  
  ------  ---------  ---------  
  Slow    Yes        Yes        
  Fast    Yes        Yes        


------------------------------------------------------------------------------------------------
| Report Methodology
| ------------------
------------------------------------------------------------------------------------------------

No report available as report_methodology has not been run prior. Run report_methodology on the current design for the summary of methodology violations.



check_timing report

Table of Contents
-----------------
1. checking no_clock (0)
2. checking constant_clock (0)
3. checking pulse_width_clock (0)
4. checking unconstrained_internal_endpoints (0)
5. checking no_input_delay (10)
6. checking no_output_delay (9)
7. checking multiple_clock (0)
8. checking generated_clocks (0)
9. checking loops (0)
10. checking partial_input_delay (0)
11. checking partial_output_delay (0)
12. checking latch_loops (0)

1. checking no_clock (0)
------------------------
 There are 0 register/latch pins with no clock.


2. checking constant_clock (0)
------------------------------
 There are 0 register/latch pins with constant_clock.


3. checking pulse_width_clock (0)
---------------------------------
 There are 0 register/latch pins which need pulse_width check


4. checking unconstrained_internal_endpoints (0)
------------------------------------------------
 There are 0 pins that are not constrained for maximum delay.

 There are 0 pins that are not constrained for maximum delay due to constant clock.


5. checking no_input_delay (10)
-------------------------------
 There are 9 input ports with no input delay specified. (HIGH)

 There is 1 input port with no input delay but user has a false path constraint. (MEDIUM)


6. checking no_output_delay (9)
-------------------------------
 There are 9 ports with no output delay specified. (HIGH)

 There are 0 ports with no output delay but user has a false path constraint

 There are 0 ports with no output delay but with a timing clock defined on it or propagating through it


7. checking multiple_clock (0)
------------------------------
 There are 0 register/latch pins with multiple clocks.


8. checking generated_clocks (0)
--------------------------------
 There are 0 generated clocks that are not connected to a clock source.


9. checking loops (0)
---------------------
 There are 0 combinational loops in the design.


10. checking partial_input_delay (0)
------------------------------------
 There are 0 input ports with partial input delay specified.


11. checking partial_output_delay (0)
-------------------------------------
 There are 0 ports with partial output delay specified.


12. checking latch_loops (0)
----------------------------
 There are 0 combinational latch loops in the design through latch input



------------------------------------------------------------------------------------------------
| Design Timing Summary
| ---------------------
------------------------------------------------------------------------------------------------

    WNS(ns)      TNS(ns)  TNS Failing Endpoints  TNS Total Endpoints      WHS(ns)      THS(ns)  THS Failing Endpoints  THS Total Endpoints     WPWS(ns)     TPWS(ns)  TPWS Failing Endpoints  TPWS Total Endpoints  
    -------      -------  ---------------------  -------------------      -------      -------  ---------------------  -------------------     --------     --------  ----------------------  --------------------  
      4.926        0.000                      0                  180        0.030        0.000                      0                  180        4.468        0.000                       0                   119  


All user specified timing constraints are met.


------------------------------------------------------------------------------------------------
| Clock Summary
| -------------
------------------------------------------------------------------------------------------------

Clock    Waveform(ns)       Period(ns)      Frequency(MHz)
-----    ------------       ----------      --------------
sys_clk  {0.000 5.000}      10.000          100.000         


------------------------------------------------------------------------------------------------
| Intra Clock Table
| -----------------
------------------------------------------------------------------------------------------------

Clock             WNS(ns)      TNS(ns)  TNS Failing Endpoints  TNS Total Endpoints      WHS(ns)      THS(ns)  THS Failing Endpoints  THS Total Endpoints     WPWS(ns)     TPWS(ns)  TPWS Failing Endpoints  TPWS Total Endpoints  
-----             -------      -------  ---------------------  -------------------      -------      -------  ---------------------  -------------------     --------     --------  ----------------------  --------------------  
sys_clk             4.926        0.000                      0                  180        0.030        0.000                      0                  180        4.468        0.000                       0                   119  


------------------------------------------------------------------------------------------------
| Inter Clock Table
| -----------------
------------------------------------------------------------------------------------------------

From Clock    To Clock          WNS(ns)      TNS(ns)  TNS Failing Endpoints  TNS Total Endpoints      WHS(ns)      THS(ns)  THS Failing Endpoints  THS Total Endpoints  
----------    --------          -------      -------  ---------------------  -------------------      -------      -------  ---------------------  -------------------  


------------------------------------------------------------------------------------------------
| Other Path Groups Table
| -----------------------
------------------------------------------------------------------------------------------------

Path Group    From Clock    To Clock          WNS(ns)      TNS(ns)  TNS Failing Endpoints  TNS Total Endpoints      WHS(ns)      THS(ns)  THS Failing Endpoints  THS Total Endpoints  
----------    ----------    --------          -------      -------  ---------------------  -------------------      -------      -------  ---------------------  -------------------  


------------------------------------------------------------------------------------------------
| Timing Details
| --------------
------------------------------------------------------------------------------------------------


---------------------------------------------------------------------------------------------------
From Clock:  sys_clk
  To Clock:  sys_clk

Setup :            0  Failing Endpoints,  Worst Slack        4.926ns,  Total Violation        0.000ns
Hold  :            0  Failing Endpoints,  Worst Slack        0.030ns,  Total Violation        0.000ns
PW    :            0  Failing Endpoints,  Worst Slack        4.468ns,  Total Violation        0.000ns
---------------------------------------------------------------------------------------------------


Max Delay Paths
--------------------------------------------------------------------------------------
Slack (MET) :             4.926ns  (required time - arrival time)
  Source:                 conv_inst/booth_macs[1].bm/product_dsp/DSP_A_B_DATA_INST/CLK
                            (rising edge-triggered cell DSP_A_B_DATA clocked by sys_clk  {rise@0.000ns fall@5.000ns period=10.000ns})
  Destination:            conv_inst/feature_map_out_reg[12]/D
                            (rising edge-triggered cell FDRE clocked by sys_clk  {rise@0.000ns fall@5.000ns period=10.000ns})
  Path Group:             sys_clk
  Path Type:              Setup (Max at Slow Process Corner)
  Requirement:            10.000ns  (sys_clk rise@10.000ns - sys_clk rise@0.000ns)
  Data Path Delay:        4.938ns  (logic 2.608ns (52.816%)  route 2.330ns (47.184%))
  Logic Levels:           15  (CARRY8=5 DSP_ALU=1 DSP_M_DATA=1 DSP_MULTIPLIER=1 DSP_OUTPUT=1 DSP_PREADD_DATA=1 LUT2=1 LUT3=3 LUT4=1)
  Clock Path Skew:        -0.126ns (DCD - SCD + CPR)
    Destination Clock Delay (DCD):    1.242ns = ( 11.242 - 10.000 ) 
    Source Clock Delay      (SCD):    1.678ns
    Clock Pessimism Removal (CPR):    0.310ns
  Clock Uncertainty:      0.035ns  ((TSJ^2 + TIJ^2)^1/2 + DJ) / 2 + PE
    Total System Jitter     (TSJ):    0.071ns
    Total Input Jitter      (TIJ):    0.000ns
    Discrete Jitter          (DJ):    0.000ns
    Phase Error              (PE):    0.000ns
  Clock Net Delay (Source):      0.779ns (routing 0.001ns, distribution 0.778ns)
  Clock Net Delay (Destination): 0.635ns (routing 0.001ns, distribution 0.634ns)

    Location             Delay type                Incr(ns)  Path(ns)    Netlist Resource(s)
  -------------------------------------------------------------------    -------------------
                         (clock sys_clk rise edge)    0.000     0.000 r  
    H9                                                0.000     0.000 r  clk (IN)
                         net (fo=0)                   0.000     0.000    clk_IBUF_inst/I
    H9                   INBUF (Prop_INBUF_HPIOB_M_PAD_O)
                                                      0.548     0.548 r  clk_IBUF_inst/INBUF_INST/O
                         net (fo=1, routed)           0.000     0.548    clk_IBUF_inst/OUT
    H9                   IBUFCTRL (Prop_IBUFCTRL_HPIOB_M_I_O)
                                                      0.000     0.548 r  clk_IBUF_inst/IBUFCTRL_INST/O
                         net (fo=1, routed)           0.323     0.871    clk_IBUF
    BUFGCE_X1Y120        BUFGCE (Prop_BUFCE_BUFGCE_I_O)
                                                      0.028     0.899 r  clk_IBUF_BUFG_inst/O
    X2Y5 (CLOCK_ROOT)    net (fo=149, routed)         0.779     1.678    conv_inst/booth_macs[1].bm/product_dsp/CLK
    DSP48E2_X7Y136       DSP_A_B_DATA                                 r  conv_inst/booth_macs[1].bm/product_dsp/DSP_A_B_DATA_INST/CLK
  -------------------------------------------------------------------    -------------------
    DSP48E2_X7Y136       DSP_A_B_DATA (Prop_DSP_A_B_DATA_DSP48E2_CLK_A2_DATA[2])
                                                      0.234     1.912 r  conv_inst/booth_macs[1].bm/product_dsp/DSP_A_B_DATA_INST/A2_DATA[2]
                         net (fo=1, routed)           0.000     1.912    conv_inst/booth_macs[1].bm/product_dsp/DSP_A_B_DATA.A2_DATA<2>
    DSP48E2_X7Y136       DSP_PREADD_DATA (Prop_DSP_PREADD_DATA_DSP48E2_A2_DATA[2]_A2A1[2])
                                                      0.076     1.988 r  conv_inst/booth_macs[1].bm/product_dsp/DSP_PREADD_DATA_INST/A2A1[2]
                         net (fo=1, routed)           0.000     1.988    conv_inst/booth_macs[1].bm/product_dsp/DSP_PREADD_DATA.A2A1<2>
    DSP48E2_X7Y136       DSP_MULTIPLIER (Prop_DSP_MULTIPLIER_DSP48E2_A2A1[2]_U[2])
                                                      0.505     2.493 f  conv_inst/booth_macs[1].bm/product_dsp/DSP_MULTIPLIER_INST/U[2]
                         net (fo=1, routed)           0.000     2.493    conv_inst/booth_macs[1].bm/product_dsp/DSP_MULTIPLIER.U<2>
    DSP48E2_X7Y136       DSP_M_DATA (Prop_DSP_M_DATA_DSP48E2_U[2]_U_DATA[2])
                                                      0.047     2.540 r  conv_inst/booth_macs[1].bm/product_dsp/DSP_M_DATA_INST/U_DATA[2]
                         net (fo=1, routed)           0.000     2.540    conv_inst/booth_macs[1].bm/product_dsp/DSP_M_DATA.U_DATA<2>
    DSP48E2_X7Y136       DSP_ALU (Prop_DSP_ALU_DSP48E2_U_DATA[2]_ALU_OUT[2])
                                                      0.585     3.125 f  conv_inst/booth_macs[1].bm/product_dsp/DSP_ALU_INST/ALU_OUT[2]
                         net (fo=1, routed)           0.000     3.125    conv_inst/booth_macs[1].bm/product_dsp/DSP_ALU.ALU_OUT<2>
    DSP48E2_X7Y136       DSP_OUTPUT (Prop_DSP_OUTPUT_DSP48E2_ALU_OUT[2]_P[2])
                                                      0.109     3.234 r  conv_inst/booth_macs[1].bm/product_dsp/DSP_OUTPUT_INST/P[2]
                         net (fo=2, routed)           0.256     3.490    conv_inst/booth_macs[1].bm/product_dsp_n_103
    SLICE_X70Y339        LUT3 (Prop_C5LUT_SLICEM_I0_O)
                                                      0.159     3.649 r  conv_inst/booth_macs[1].bm/sum__70_carry_i_5/O
                         net (fo=2, routed)           0.244     3.893    conv_inst/booth_macs[1].bm/delay2_reg[7][6][2]
    SLICE_X70Y339        LUT4 (Prop_D6LUT_SLICEM_I3_O)
                                                      0.145     4.038 r  conv_inst/booth_macs[1].bm/sum__70_carry_i_12/O
                         net (fo=1, routed)           0.025     4.063    conv_inst/booth_macs[1].bm_n_31
    SLICE_X70Y339        CARRY8 (Prop_CARRY8_SLICEM_S[3]_O[6])
                                                      0.172     4.235 r  conv_inst/sum__70_carry/O[6]
                         net (fo=2, routed)           0.554     4.789    conv_inst/sum__70_carry_n_9
    SLICE_X70Y335        LUT3 (Prop_G5LUT_SLICEM_I0_O)
                                                      0.099     4.888 r  conv_inst/sum__105_carry_i_1/O
                         net (fo=2, routed)           0.385     5.273    conv_inst/sum__105_carry_i_1_n_0
    SLICE_X70Y335        CARRY8 (Prop_CARRY8_SLICEM_DI[7]_CO[7])
                                                      0.053     5.326 r  conv_inst/sum__105_carry/CO[7]
                         net (fo=1, routed)           0.026     5.352    conv_inst/sum__105_carry_n_0
    SLICE_X70Y336        CARRY8 (Prop_CARRY8_SLICEM_CI_CO[7])
                                                      0.015     5.367 r  conv_inst/sum__105_carry__0/CO[7]
                         net (fo=1, routed)           0.026     5.393    conv_inst/sum__105_carry__0_n_0
    SLICE_X70Y337        CARRY8 (Prop_CARRY8_SLICEM_CI_O[1])
                                                      0.076     5.469 f  conv_inst/sum__105_carry__1/O[1]
                         net (fo=4, routed)           0.254     5.722    conv_inst/booth_macs[1].bm/O[1]
    SLICE_X71Y338        LUT2 (Prop_B6LUT_SLICEM_I1_O)
                                                      0.089     5.811 r  conv_inst/booth_macs[1].bm/sat_val1_carry_i_4/O
                         net (fo=1, routed)           0.016     5.827    conv_inst/booth_macs[1].bm_n_61
    SLICE_X71Y338        CARRY8 (Prop_CARRY8_SLICEM_S[1]_CO[2])
                                                      0.098     5.925 r  conv_inst/sat_val1_carry/CO[2]
                         net (fo=16, routed)          0.494     6.420    conv_inst/booth_macs[1].bm/feature_map_out_reg[15]_0[0]
    SLICE_X69Y337        LUT3 (Prop_C6LUT_SLICEL_I0_O)
                                                      0.146     6.566 r  conv_inst/booth_macs[1].bm/feature_map_out[12]_i_1/O
                         net (fo=1, routed)           0.050     6.616    conv_inst/sat_val[12]
    SLICE_X69Y337        FDRE                                         r  conv_inst/feature_map_out_reg[12]/D
  -------------------------------------------------------------------    -------------------

                         (clock sys_clk rise edge)   10.000    10.000 r  
    H9                                                0.000    10.000 r  clk (IN)
                         net (fo=0)                   0.000    10.000    clk_IBUF_inst/I
    H9                   INBUF (Prop_INBUF_HPIOB_M_PAD_O)
                                                      0.297    10.297 r  clk_IBUF_inst/INBUF_INST/O
                         net (fo=1, routed)           0.000    10.297    clk_IBUF_inst/OUT
    H9                   IBUFCTRL (Prop_IBUFCTRL_HPIOB_M_I_O)
                                                      0.000    10.297 r  clk_IBUF_inst/IBUFCTRL_INST/O
                         net (fo=1, routed)           0.286    10.583    clk_IBUF
    BUFGCE_X1Y120        BUFGCE (Prop_BUFCE_BUFGCE_I_O)
                                                      0.024    10.607 r  clk_IBUF_BUFG_inst/O
    X2Y5 (CLOCK_ROOT)    net (fo=149, routed)         0.635    11.242    conv_inst/clk_IBUF_BUFG
    SLICE_X69Y337        FDRE                                         r  conv_inst/feature_map_out_reg[12]/C
                         clock pessimism              0.310    11.552    
                         clock uncertainty           -0.035    11.517    
    SLICE_X69Y337        FDRE (Setup_CFF_SLICEL_C_D)
                                                      0.025    11.542    conv_inst/feature_map_out_reg[12]
  -------------------------------------------------------------------
                         required time                         11.542    
                         arrival time                          -6.616    
  -------------------------------------------------------------------
                         slack                                  4.926    





Min Delay Paths
--------------------------------------------------------------------------------------
Slack (MET) :             0.030ns  (arrival time - required time)
  Source:                 conv_inst/delay1_reg[6][5]/C
                            (rising edge-triggered cell FDRE clocked by sys_clk  {rise@0.000ns fall@5.000ns period=10.000ns})
  Destination:            conv_inst/delay1_reg[7][5]/D
                            (rising edge-triggered cell FDRE clocked by sys_clk  {rise@0.000ns fall@5.000ns period=10.000ns})
  Path Group:             sys_clk
  Path Type:              Hold (Min at Slow Process Corner)
  Requirement:            0.000ns  (sys_clk rise@0.000ns - sys_clk rise@0.000ns)
  Data Path Delay:        0.182ns  (logic 0.059ns (32.469%)  route 0.123ns (67.531%))
  Logic Levels:           0  
  Clock Path Skew:        0.090ns (DCD - SCD - CPR)
    Destination Clock Delay (DCD):    1.651ns
    Source Clock Delay      (SCD):    1.251ns
    Clock Pessimism Removal (CPR):    0.310ns
  Clock Net Delay (Source):      0.644ns (routing 0.001ns, distribution 0.643ns)
  Clock Net Delay (Destination): 0.752ns (routing 0.001ns, distribution 0.751ns)

    Location             Delay type                Incr(ns)  Path(ns)    Netlist Resource(s)
  -------------------------------------------------------------------    -------------------
                         (clock sys_clk rise edge)    0.000     0.000 r  
    H9                                                0.000     0.000 r  clk (IN)
                         net (fo=0)                   0.000     0.000    clk_IBUF_inst/I
    H9                   INBUF (Prop_INBUF_HPIOB_M_PAD_O)
                                                      0.297     0.297 r  clk_IBUF_inst/INBUF_INST/O
                         net (fo=1, routed)           0.000     0.297    clk_IBUF_inst/OUT
    H9                   IBUFCTRL (Prop_IBUFCTRL_HPIOB_M_I_O)
                                                      0.000     0.297 r  clk_IBUF_inst/IBUFCTRL_INST/O
                         net (fo=1, routed)           0.286     0.583    clk_IBUF
    BUFGCE_X1Y120        BUFGCE (Prop_BUFCE_BUFGCE_I_O)
                                                      0.024     0.607 r  clk_IBUF_BUFG_inst/O
    X2Y5 (CLOCK_ROOT)    net (fo=149, routed)         0.644     1.251    conv_inst/clk_IBUF_BUFG
    SLICE_X72Y335        FDRE                                         r  conv_inst/delay1_reg[6][5]/C
  -------------------------------------------------------------------    -------------------
    SLICE_X72Y335        FDRE (Prop_CFF2_SLICEL_C_Q)
                                                      0.059     1.310 r  conv_inst/delay1_reg[6][5]/Q
                         net (fo=2, routed)           0.123     1.433    conv_inst/delay1_reg[6][5]
    SLICE_X73Y336        FDRE                                         r  conv_inst/delay1_reg[7][5]/D
  -------------------------------------------------------------------    -------------------

                         (clock sys_clk rise edge)    0.000     0.000 r  
    H9                                                0.000     0.000 r  clk (IN)
                         net (fo=0)                   0.000     0.000    clk_IBUF_inst/I
    H9                   INBUF (Prop_INBUF_HPIOB_M_PAD_O)
                                                      0.548     0.548 r  clk_IBUF_inst/INBUF_INST/O
                         net (fo=1, routed)           0.000     0.548    clk_IBUF_inst/OUT
    H9                   IBUFCTRL (Prop_IBUFCTRL_HPIOB_M_I_O)
                                                      0.000     0.548 r  clk_IBUF_inst/IBUFCTRL_INST/O
                         net (fo=1, routed)           0.323     0.871    clk_IBUF
    BUFGCE_X1Y120        BUFGCE (Prop_BUFCE_BUFGCE_I_O)
                                                      0.028     0.899 r  clk_IBUF_BUFG_inst/O
    X2Y5 (CLOCK_ROOT)    net (fo=149, routed)         0.752     1.651    conv_inst/clk_IBUF_BUFG
    SLICE_X73Y336        FDRE                                         r  conv_inst/delay1_reg[7][5]/C
                         clock pessimism             -0.310     1.341    
    SLICE_X73Y336        FDRE (Hold_FFF2_SLICEM_C_D)
                                                      0.062     1.403    conv_inst/delay1_reg[7][5]
  -------------------------------------------------------------------
                         required time                         -1.403    
                         arrival time                           1.433    
  -------------------------------------------------------------------
                         slack                                  0.030    





Pulse Width Checks
--------------------------------------------------------------------------------------
Clock Name:         sys_clk
Waveform(ns):       { 0.000 5.000 }
Period(ns):         10.000
Sources:            { clk }

Check Type        Corner  Lib Pin     Reference Pin  Required(ns)  Actual(ns)  Slack(ns)  Location       Pin
Min Period        n/a     BUFGCE/I    n/a            1.290         10.000      8.710      BUFGCE_X1Y120  clk_IBUF_BUFG_inst/I
Low Pulse Width   Slow    SRL16E/CLK  n/a            0.532         5.000       4.468      SLICE_X74Y335  conv_inst/delay1_reg[4][0]_srl5___conv_inst_delay1_reg_r_2/CLK
High Pulse Width  Slow    SRL16E/CLK  n/a            0.532         5.000       4.468      SLICE_X74Y335  conv_inst/delay1_reg[4][0]_srl5___conv_inst_delay1_reg_r_2/CLK



