Copyright 1986-2022 Xilinx, Inc. All Rights Reserved. Copyright 2022-2025 Advanced Micro Devices, Inc. All Rights Reserved.
--------------------------------------------------------------------------------------------------------------------------------------------------
| Tool Version      : Vivado v.2025.2 (win64) Build 6299465 Fri Nov 14 19:35:11 GMT 2025
| Date              : Sat Mar 14 18:07:51 2026
| Host              : MSI running 64-bit major release  (build 9200)
| Command           : report_timing_summary -file syn/reports/timing_synth.rpt
| Design            : simple_cnn
| Device            : xczu7ev-ffvc1156
| Speed File        : -2  PRODUCTION 1.30 05-15-2022
| Design State      : Synthesized
| Temperature Grade : E
--------------------------------------------------------------------------------------------------------------------------------------------------

Timing Summary Report

------------------------------------------------------------------------------------------------
| Timer Settings
| --------------
------------------------------------------------------------------------------------------------

  Enable Multi Corner Analysis               :  Yes
  Enable Pessimism Removal                   :  Yes
  Pessimism Removal Resolution               :  Nearest Common Node
  Enable Input Delay Default Clock           :  No
  Enable Preset / Clear Arcs                 :  No
  Disable Flight Delays                      :  No
  Ignore I/O Paths                           :  No
  Timing Early Launch at Borrowing Latches   :  No
  Borrow Time for Max Delay Exceptions       :  Yes
  Merge Timing Exceptions                    :  Yes
  Inter-SLR Compensation                     :  Conservative

  Corner  Analyze    Analyze    
  Name    Max Paths  Min Paths  
  ------  ---------  ---------  
  Slow    Yes        Yes        
  Fast    Yes        Yes        


------------------------------------------------------------------------------------------------
| Report Methodology
| ------------------
------------------------------------------------------------------------------------------------

No report available as report_methodology has not been run prior. Run report_methodology on the current design for the summary of methodology violations.



check_timing report

Table of Contents
-----------------
1. checking no_clock (0)
2. checking constant_clock (0)
3. checking pulse_width_clock (0)
4. checking unconstrained_internal_endpoints (0)
5. checking no_input_delay (10)
6. checking no_output_delay (9)
7. checking multiple_clock (0)
8. checking generated_clocks (0)
9. checking loops (0)
10. checking partial_input_delay (0)
11. checking partial_output_delay (0)
12. checking latch_loops (0)

1. checking no_clock (0)
------------------------
 There are 0 register/latch pins with no clock.


2. checking constant_clock (0)
------------------------------
 There are 0 register/latch pins with constant_clock.


3. checking pulse_width_clock (0)
---------------------------------
 There are 0 register/latch pins which need pulse_width check


4. checking unconstrained_internal_endpoints (0)
------------------------------------------------
 There are 0 pins that are not constrained for maximum delay.

 There are 0 pins that are not constrained for maximum delay due to constant clock.


5. checking no_input_delay (10)
-------------------------------
 There are 9 input ports with no input delay specified. (HIGH)

 There is 1 input port with no input delay but user has a false path constraint. (MEDIUM)


6. checking no_output_delay (9)
-------------------------------
 There are 9 ports with no output delay specified. (HIGH)

 There are 0 ports with no output delay but user has a false path constraint

 There are 0 ports with no output delay but with a timing clock defined on it or propagating through it


7. checking multiple_clock (0)
------------------------------
 There are 0 register/latch pins with multiple clocks.


8. checking generated_clocks (0)
--------------------------------
 There are 0 generated clocks that are not connected to a clock source.


9. checking loops (0)
---------------------
 There are 0 combinational loops in the design.


10. checking partial_input_delay (0)
------------------------------------
 There are 0 input ports with partial input delay specified.


11. checking partial_output_delay (0)
-------------------------------------
 There are 0 ports with partial output delay specified.


12. checking latch_loops (0)
----------------------------
 There are 0 combinational latch loops in the design through latch input



------------------------------------------------------------------------------------------------
| Design Timing Summary
| ---------------------
------------------------------------------------------------------------------------------------

    WNS(ns)      TNS(ns)  TNS Failing Endpoints  TNS Total Endpoints      WHS(ns)      THS(ns)  THS Failing Endpoints  THS Total Endpoints     WPWS(ns)     TPWS(ns)  TPWS Failing Endpoints  TPWS Total Endpoints  
    -------      -------  ---------------------  -------------------      -------      -------  ---------------------  -------------------     --------     --------  ----------------------  --------------------  
      5.735        0.000                      0                  180       -0.066       -4.289                     97                  180        4.468        0.000                       0                   119  


Timing constraints are not met.


------------------------------------------------------------------------------------------------
| Clock Summary
| -------------
------------------------------------------------------------------------------------------------

Clock    Waveform(ns)       Period(ns)      Frequency(MHz)
-----    ------------       ----------      --------------
sys_clk  {0.000 5.000}      10.000          100.000         


------------------------------------------------------------------------------------------------
| Intra Clock Table
| -----------------
------------------------------------------------------------------------------------------------

Clock             WNS(ns)      TNS(ns)  TNS Failing Endpoints  TNS Total Endpoints      WHS(ns)      THS(ns)  THS Failing Endpoints  THS Total Endpoints     WPWS(ns)     TPWS(ns)  TPWS Failing Endpoints  TPWS Total Endpoints  
-----             -------      -------  ---------------------  -------------------      -------      -------  ---------------------  -------------------     --------     --------  ----------------------  --------------------  
sys_clk             5.735        0.000                      0                  180       -0.066       -4.289                     97                  180        4.468        0.000                       0                   119  


------------------------------------------------------------------------------------------------
| Inter Clock Table
| -----------------
------------------------------------------------------------------------------------------------

From Clock    To Clock          WNS(ns)      TNS(ns)  TNS Failing Endpoints  TNS Total Endpoints      WHS(ns)      THS(ns)  THS Failing Endpoints  THS Total Endpoints  
----------    --------          -------      -------  ---------------------  -------------------      -------      -------  ---------------------  -------------------  


------------------------------------------------------------------------------------------------
| Other Path Groups Table
| -----------------------
------------------------------------------------------------------------------------------------

Path Group    From Clock    To Clock          WNS(ns)      TNS(ns)  TNS Failing Endpoints  TNS Total Endpoints      WHS(ns)      THS(ns)  THS Failing Endpoints  THS Total Endpoints  
----------    ----------    --------          -------      -------  ---------------------  -------------------      -------      -------  ---------------------  -------------------  


------------------------------------------------------------------------------------------------
| Timing Details
| --------------
------------------------------------------------------------------------------------------------


---------------------------------------------------------------------------------------------------
From Clock:  sys_clk
  To Clock:  sys_clk

Setup :            0  Failing Endpoints,  Worst Slack        5.735ns,  Total Violation        0.000ns
Hold  :           97  Failing Endpoints,  Worst Slack       -0.066ns,  Total Violation       -4.289ns
PW    :            0  Failing Endpoints,  Worst Slack        4.468ns,  Total Violation        0.000ns
---------------------------------------------------------------------------------------------------


Max Delay Paths
--------------------------------------------------------------------------------------
Slack (MET) :             5.735ns  (required time - arrival time)
  Source:                 conv_inst/booth_macs[1].bm/product_dsp/DSP_A_B_DATA_INST/CLK
                            (rising edge-triggered cell DSP_A_B_DATA clocked by sys_clk  {rise@0.000ns fall@5.000ns period=10.000ns})
  Destination:            conv_inst/feature_map_out_reg[11]/D
                            (rising edge-triggered cell FDRE clocked by sys_clk  {rise@0.000ns fall@5.000ns period=10.000ns})
  Path Group:             sys_clk
  Path Type:              Setup (Max at Slow Process Corner)
  Requirement:            10.000ns  (sys_clk rise@10.000ns - sys_clk rise@0.000ns)
  Data Path Delay:        4.110ns  (logic 2.548ns (61.995%)  route 1.562ns (38.005%))
  Logic Levels:           16  (CARRY8=5 DSP_ALU=1 DSP_M_DATA=1 DSP_MULTIPLIER=1 DSP_OUTPUT=1 DSP_PREADD_DATA=1 LUT2=1 LUT3=3 LUT4=2)
  Clock Path Skew:        -0.145ns (DCD - SCD + CPR)
    Destination Clock Delay (DCD):    3.007ns = ( 13.007 - 10.000 ) 
    Source Clock Delay      (SCD):    3.436ns
    Clock Pessimism Removal (CPR):    0.283ns
  Clock Uncertainty:      0.035ns  ((TSJ^2 + TIJ^2)^1/2 + DJ) / 2 + PE
    Total System Jitter     (TSJ):    0.071ns
    Total Input Jitter      (TIJ):    0.000ns
    Discrete Jitter          (DJ):    0.000ns
    Phase Error              (PE):    0.000ns

    Location             Delay type                Incr(ns)  Path(ns)    Netlist Resource(s)
  -------------------------------------------------------------------    -------------------
                         (clock sys_clk rise edge)    0.000     0.000 r  
    H9                                                0.000     0.000 r  clk (IN)
                         net (fo=0)                   0.000     0.000    clk_IBUF_inst/I
    H9                   INBUF (Prop_INBUF_HPIOB_M_PAD_O)
                                                      0.548     0.548 r  clk_IBUF_inst/INBUF_INST/O
                         net (fo=1, routed)           0.000     0.548    clk_IBUF_inst/OUT
    H9                   IBUFCTRL (Prop_IBUFCTRL_HPIOB_M_I_O)
                                                      0.000     0.548 r  clk_IBUF_inst/IBUFCTRL_INST/O
                         net (fo=1, unplaced)         0.276     0.824    clk_IBUF
                         BUFGCE (Prop_BUFGCE_I_O)     0.028     0.852 r  clk_IBUF_BUFG_inst/O
                         net (fo=149, unplaced)       2.584     3.436    conv_inst/booth_macs[1].bm/product_dsp/CLK
                         DSP_A_B_DATA                                 r  conv_inst/booth_macs[1].bm/product_dsp/DSP_A_B_DATA_INST/CLK
  -------------------------------------------------------------------    -------------------
                         DSP_A_B_DATA (Prop_DSP_A_B_DATA_CLK_A2_DATA[0])
                                                      0.234     3.670 r  conv_inst/booth_macs[1].bm/product_dsp/DSP_A_B_DATA_INST/A2_DATA[0]
                         net (fo=1, unplaced)         0.000     3.670    conv_inst/booth_macs[1].bm/product_dsp/DSP_A_B_DATA.A2_DATA<0>
                         DSP_PREADD_DATA (Prop_DSP_PREADD_DATA_A2_DATA[0]_A2A1[0])
                                                      0.076     3.746 r  conv_inst/booth_macs[1].bm/product_dsp/DSP_PREADD_DATA_INST/A2A1[0]
                         net (fo=1, unplaced)         0.000     3.746    conv_inst/booth_macs[1].bm/product_dsp/DSP_PREADD_DATA.A2A1<0>
                         DSP_MULTIPLIER (Prop_DSP_MULTIPLIER_A2A1[0]_V[0])
                                                      0.507     4.253 f  conv_inst/booth_macs[1].bm/product_dsp/DSP_MULTIPLIER_INST/V[0]
                         net (fo=1, unplaced)         0.000     4.253    conv_inst/booth_macs[1].bm/product_dsp/DSP_MULTIPLIER.V<0>
                         DSP_M_DATA (Prop_DSP_M_DATA_V[0]_V_DATA[0])
                                                      0.046     4.299 r  conv_inst/booth_macs[1].bm/product_dsp/DSP_M_DATA_INST/V_DATA[0]
                         net (fo=1, unplaced)         0.000     4.299    conv_inst/booth_macs[1].bm/product_dsp/DSP_M_DATA.V_DATA<0>
                         DSP_ALU (Prop_DSP_ALU_V_DATA[0]_ALU_OUT[0])
                                                      0.571     4.870 f  conv_inst/booth_macs[1].bm/product_dsp/DSP_ALU_INST/ALU_OUT[0]
                         net (fo=1, unplaced)         0.000     4.870    conv_inst/booth_macs[1].bm/product_dsp/DSP_ALU.ALU_OUT<0>
                         DSP_OUTPUT (Prop_DSP_OUTPUT_ALU_OUT[0]_P[0])
                                                      0.109     4.979 r  conv_inst/booth_macs[1].bm/product_dsp/DSP_OUTPUT_INST/P[0]
                         net (fo=2, unplaced)         0.157     5.136    conv_inst/booth_macs[1].bm/product_dsp_n_105
                         LUT3 (Prop_LUT3_I0_O)        0.112     5.248 r  conv_inst/booth_macs[1].bm/sum__70_carry_i_7/O
                         net (fo=2, unplaced)         0.219     5.467    conv_inst/booth_macs[1].bm/delay2_reg[7][6][0]
                         LUT4 (Prop_LUT4_I3_O)        0.037     5.504 r  conv_inst/booth_macs[1].bm/sum__70_carry_i_14/O
                         net (fo=1, unplaced)         0.023     5.527    conv_inst/booth_macs[1].bm_n_33
                         CARRY8 (Prop_CARRY8_S[1]_CO[7])
                                                      0.197     5.724 r  conv_inst/sum__70_carry/CO[7]
                         net (fo=1, unplaced)         0.005     5.729    conv_inst/sum__70_carry_n_0
                         CARRY8 (Prop_CARRY8_CI_O[2])
                                                      0.067     5.796 r  conv_inst/sum__70_carry__0/O[2]
                         net (fo=2, unplaced)         0.188     5.984    conv_inst/booth_macs[1].bm/sum__105_carry__0[2]
                         LUT3 (Prop_LUT3_I0_O)        0.111     6.095 r  conv_inst/booth_macs[1].bm/sum__105_carry__0_i_3/O
                         net (fo=2, unplaced)         0.212     6.307    conv_inst/booth_macs[1].bm/sum__0_carry__0_0[2]
                         LUT4 (Prop_LUT4_I3_O)        0.037     6.344 r  conv_inst/booth_macs[1].bm/sum__105_carry__0_i_11/O
                         net (fo=1, unplaced)         0.032     6.376    conv_inst/booth_macs[1].bm_n_46
                         CARRY8 (Prop_CARRY8_S[3]_CO[7])
                                                      0.170     6.546 r  conv_inst/sum__105_carry__0/CO[7]
                         net (fo=1, unplaced)         0.005     6.551    conv_inst/sum__105_carry__0_n_0
                         CARRY8 (Prop_CARRY8_CI_O[2])
                                                      0.067     6.618 r  conv_inst/sum__105_carry__1/O[2]
                         net (fo=4, unplaced)         0.198     6.816    conv_inst/booth_macs[1].bm/O[2]
                         LUT2 (Prop_LUT2_I1_O)        0.068     6.884 f  conv_inst/booth_macs[1].bm/sat_val2_carry_i_1/O
                         net (fo=1, unplaced)         0.245     7.129    conv_inst/booth_macs[1].bm_n_62
                         CARRY8 (Prop_CARRY8_DI[2]_CO[2])
                                                      0.069     7.198 f  conv_inst/sat_val2_carry/CO[2]
                         net (fo=16, unplaced)        0.230     7.428    conv_inst/booth_macs[1].bm/CO[0]
                         LUT3 (Prop_LUT3_I1_O)        0.070     7.498 r  conv_inst/booth_macs[1].bm/feature_map_out[11]_i_1/O
                         net (fo=1, unplaced)         0.048     7.546    conv_inst/sat_val[11]
                         FDRE                                         r  conv_inst/feature_map_out_reg[11]/D
  -------------------------------------------------------------------    -------------------

                         (clock sys_clk rise edge)   10.000    10.000 r  
    H9                                                0.000    10.000 r  clk (IN)
                         net (fo=0)                   0.000    10.000    clk_IBUF_inst/I
    H9                   INBUF (Prop_INBUF_HPIOB_M_PAD_O)
                                                      0.297    10.297 r  clk_IBUF_inst/INBUF_INST/O
                         net (fo=1, routed)           0.000    10.297    clk_IBUF_inst/OUT
    H9                   IBUFCTRL (Prop_IBUFCTRL_HPIOB_M_I_O)
                                                      0.000    10.297 r  clk_IBUF_inst/IBUFCTRL_INST/O
                         net (fo=1, unplaced)         0.247    10.544    clk_IBUF
                         BUFGCE (Prop_BUFGCE_I_O)     0.024    10.568 r  clk_IBUF_BUFG_inst/O
                         net (fo=149, unplaced)       2.439    13.007    conv_inst/clk_IBUF_BUFG
                         FDRE                                         r  conv_inst/feature_map_out_reg[11]/C
                         clock pessimism              0.283    13.291    
                         clock uncertainty           -0.035    13.255    
                         FDRE (Setup_FDRE_C_D)        0.025    13.280    conv_inst/feature_map_out_reg[11]
  -------------------------------------------------------------------
                         required time                         13.280    
                         arrival time                          -7.546    
  -------------------------------------------------------------------
                         slack                                  5.735    





Min Delay Paths
--------------------------------------------------------------------------------------
Slack (VIOLATED) :        -0.066ns  (arrival time - required time)
  Source:                 conv_inst/delay1_reg[5][1]_conv_inst_delay1_reg_r_3/C
                            (rising edge-triggered cell FDRE clocked by sys_clk  {rise@0.000ns fall@5.000ns period=10.000ns})
  Destination:            conv_inst/delay1_reg[6][1]/D
                            (rising edge-triggered cell FDRE clocked by sys_clk  {rise@0.000ns fall@5.000ns period=10.000ns})
  Path Group:             sys_clk
  Path Type:              Hold (Min at Fast Process Corner)
  Requirement:            0.000ns  (sys_clk rise@0.000ns - sys_clk rise@0.000ns)
  Data Path Delay:        0.125ns  (logic 0.061ns (48.800%)  route 0.064ns (51.200%))
  Logic Levels:           1  (LUT2=1)
  Clock Path Skew:        0.145ns (DCD - SCD - CPR)
    Destination Clock Delay (DCD):    1.793ns
    Source Clock Delay      (SCD):    1.429ns
    Clock Pessimism Removal (CPR):    0.218ns

    Location             Delay type                Incr(ns)  Path(ns)    Netlist Resource(s)
  -------------------------------------------------------------------    -------------------
                         (clock sys_clk rise edge)    0.000     0.000 r  
    H9                                                0.000     0.000 r  clk (IN)
                         net (fo=0)                   0.000     0.000    clk_IBUF_inst/I
    H9                   INBUF (Prop_INBUF_HPIOB_M_PAD_O)
                                                      0.182     0.182 r  clk_IBUF_inst/INBUF_INST/O
                         net (fo=1, routed)           0.000     0.182    clk_IBUF_inst/OUT
    H9                   IBUFCTRL (Prop_IBUFCTRL_HPIOB_M_I_O)
                                                      0.000     0.182 r  clk_IBUF_inst/IBUFCTRL_INST/O
                         net (fo=1, unplaced)         0.116     0.298    clk_IBUF
                         BUFGCE (Prop_BUFGCE_I_O)     0.017     0.315 r  clk_IBUF_BUFG_inst/O
                         net (fo=149, unplaced)       1.114     1.429    conv_inst/clk_IBUF_BUFG
                         FDRE                                         r  conv_inst/delay1_reg[5][1]_conv_inst_delay1_reg_r_3/C
  -------------------------------------------------------------------    -------------------
                         FDRE (Prop_FDRE_C_Q)         0.038     1.467 r  conv_inst/delay1_reg[5][1]_conv_inst_delay1_reg_r_3/Q
                         net (fo=1, unplaced)         0.048     1.515    conv_inst/delay1_reg[5][1]_conv_inst_delay1_reg_r_3_n_0
                         LUT2 (Prop_LUT2_I0_O)        0.023     1.538 r  conv_inst/delay1_reg_gate__5/O
                         net (fo=1, unplaced)         0.016     1.554    conv_inst/delay1_reg_gate__5_n_0
                         FDRE                                         r  conv_inst/delay1_reg[6][1]/D
  -------------------------------------------------------------------    -------------------

                         (clock sys_clk rise edge)    0.000     0.000 r  
    H9                                                0.000     0.000 r  clk (IN)
                         net (fo=0)                   0.000     0.000    clk_IBUF_inst/I
    H9                   INBUF (Prop_INBUF_HPIOB_M_PAD_O)
                                                      0.368     0.368 r  clk_IBUF_inst/INBUF_INST/O
                         net (fo=1, routed)           0.000     0.368    clk_IBUF_inst/OUT
    H9                   IBUFCTRL (Prop_IBUFCTRL_HPIOB_M_I_O)
                                                      0.000     0.368 r  clk_IBUF_inst/IBUFCTRL_INST/O
                         net (fo=1, unplaced)         0.147     0.515    clk_IBUF
                         BUFGCE (Prop_BUFGCE_I_O)     0.019     0.534 r  clk_IBUF_BUFG_inst/O
                         net (fo=149, unplaced)       1.259     1.793    conv_inst/clk_IBUF_BUFG
                         FDRE                                         r  conv_inst/delay1_reg[6][1]/C
                         clock pessimism             -0.218     1.574    
                         FDRE (Hold_FDRE_C_D)         0.046     1.620    conv_inst/delay1_reg[6][1]
  -------------------------------------------------------------------
                         required time                         -1.620    
                         arrival time                           1.554    
  -------------------------------------------------------------------
                         slack                                 -0.066    





Pulse Width Checks
--------------------------------------------------------------------------------------
Clock Name:         sys_clk
Waveform(ns):       { 0.000 5.000 }
Period(ns):         10.000
Sources:            { clk }

Check Type        Corner  Lib Pin     Reference Pin  Required(ns)  Actual(ns)  Slack(ns)  Location  Pin
Min Period        n/a     BUFGCE/I    n/a            1.290         10.000      8.710                clk_IBUF_BUFG_inst/I
Low Pulse Width   Slow    SRL16E/CLK  n/a            0.532         5.000       4.468                conv_inst/delay1_reg[4][0]_srl5___conv_inst_delay1_reg_r_2/CLK
High Pulse Width  Slow    SRL16E/CLK  n/a            0.532         5.000       4.468                conv_inst/delay1_reg[4][0]_srl5___conv_inst_delay1_reg_r_2/CLK



